This file contains any messages produced by compilers while
running configure, to aid debugging if configure makes a mistake.

configure:3364: gcc -c   conftest.c 1>&5
configure:3680: gcc -E  conftest.c >/dev/null 2>conftest.out
configure:3676: libc.h: No such file or directory
configure:3717: gcc -E  conftest.c >/dev/null 2>conftest.out
configure:3754: gcc -E  conftest.c >/dev/null 2>conftest.out
configure:3791: gcc -E  conftest.c >/dev/null 2>conftest.out
configure:3888: gcc -E  conftest.c >/dev/null 2>conftest.out
configure:3888: gcc -E  conftest.c >/dev/null 2>conftest.out
configure:3888: gcc -E  conftest.c >/dev/null 2>conftest.out
configure:3884: sys/access.h: No such file or directory
configure:3888: gcc -E  conftest.c >/dev/null 2>conftest.out
configure:3925: gcc -E  conftest.c >/dev/null 2>conftest.out
configure:3921: sys/sysmp.h: No such file or directory
configure:3925: gcc -E  conftest.c >/dev/null 2>conftest.out
configure:3921: sys/lwp.h: No such file or directory
configure:3925: gcc -E  conftest.c >/dev/null 2>conftest.out
configure:3925: gcc -E  conftest.c >/dev/null 2>conftest.out
configure:3980: gcc -o conftest      conftest.c  1>&5
configure:4033: gcc -o conftest      conftest.c  1>&5
configure:4086: gcc -o conftest      conftest.c  1>&5
collect2: ld returned 2 exit status
ld: Undefined symbol 
   _memmove 
