-2 0 0 3760 0 0
-3 0 0 8 0 0
-4 0 0 1 0 0
-5 0 0 15 0 0
-6 0 0 0 0 4745830
-7 0 0 0 0 17226755
-8 0 0 1 0 0
-1 0 0 0 0 0 ALJul- 6-94
-11 0 0 0 0 2147483647 
-13 0 1 2 0 0 skyblue:black overhead
-13 0 3 4 0 0 white:black guess
-13 0 5 6 0 0 red:red Fock
-13 0 7 8 0 0 orange:green Diag
-13 0 9 10 0 0 Blue:Blue Micro
-13 0 11 12 0 0 gray:gray extra
-13 0 13 14 0 0 green:green ints
999 0 0 1 0 4745830  
999 1 0 1 0 4745830  
999 2 0 1 0 4745830  
999 3 0 1 0 4745830  
999 4 0 1 0 4745830  
999 5 0 1 0 4745830  
999 6 0 1 0 4745830  
999 7 0 1 0 4745830  
1 2 0 1 0 4745870  
1 3 0 1 0 4745871  
1 5 0 1 0 4745871  
1 0 0 1 0 4745873  
1 4 0 1 0 4745873  
1 6 0 1 0 4745873  
1 7 0 1 0 4745873  
1 1 0 1 0 4745874  
2 7 0 1 0 4910797  -Ú
3 7 0 1 0 4910842  
2 6 0 1 0 4910911  
2 3 0 1 0 4910935  
2 5 0 1 0 4910958  
3 6 0 1 0 4910958  
2 4 0 1 0 4910976  
3 3 0 1 0 4910981  
3 5 0 1 0 4911002  
3 4 0 1 0 4911021  
2 2 0 1 0 4911054  
3 2 0 1 0 4911098  
2 1 0 1 0 4911117  
3 1 0 1 0 4911160  
2 0 0 1 0 4911707  
3 0 0 1 0 4911752  
4 4 0 1 0 5161605  UUUU
4 5 0 1 0 5161735  UUUU
4 1 0 1 0 5161865  UUUU
4 7 0 1 0 5161905  UUUU
4 2 0 1 0 5162922  UUUU
4 3 0 1 0 5166836  UUUU
4 0 0 1 0 5181390  UUUU
4 6 0 1 0 5225002  UUUU
5 3 0 1 0 5260875  
5 6 0 1 0 5260975  
5 0 0 1 0 5260990  
5 7 0 1 0 5261014  
5 5 0 1 0 5261093  
5 2 0 1 0 5261109  
5 4 0 1 0 5261111  
5 1 0 1 0 5261157  
13 6 0 1 0 5266853  
13 2 0 1 0 5267144  
13 5 0 1 0 5268237  
13 4 0 1 0 5268440  
13 0 0 1 0 5268462  
13 7 0 1 0 5268531  
13 3 0 1 0 5268925  
13 1 0 1 0 5268989  
14 3 0 1 0 5271829  UUUU
13 3 0 1 0 5272256  
14 6 0 1 0 5273503  UUUU
14 0 0 1 0 5274251  UUUU
14 5 0 1 0 5274805  UUUU
14 4 0 1 0 5275697  UUUU
13 6 0 1 0 5275717  
13 0 0 1 0 5276199  
13 5 0 1 0 5276812  
14 7 0 1 0 5276834  UUUU
13 4 0 1 0 5278589  
13 7 0 1 0 5278906  
14 1 0 1 0 5279954  UUUU
13 1 0 1 0 5281728  
14 0 0 1 0 5283397  UUUU
13 0 0 1 0 5285385  
14 3 0 1 0 5285656  UUUU
13 3 0 1 0 5286092  
14 5 0 1 0 5288070  UUUU
14 4 0 1 0 5289667  UUUU
14 7 0 1 0 5290673  UUUU
13 5 0 1 0 5290741  
13 4 0 1 0 5291614  
13 7 0 1 0 5292630  
14 0 0 1 0 5292840  UUUU
14 3 0 1 0 5294434  UUUU
13 0 0 1 0 5295186  
13 3 0 1 0 5296220  
14 1 0 1 0 5300329  UUUU
13 1 0 1 0 5300946  
14 4 0 1 0 5302927  UUUU
14 3 0 1 0 5303857  UUUU
14 7 0 1 0 5304075  UUUU
13 4 0 1 0 5306115  
13 3 0 1 0 5307050  
13 7 0 1 0 5307139  
14 6 0 1 0 5309215  UUUU
13 6 0 1 0 5312996  
14 1 0 1 0 5316944  UUUU
14 0 0 1 0 5317366  UUUU
13 1 0 1 0 5317497  
14 6 0 1 0 5320551  UUUU
13 0 0 1 0 5321529  
13 6 0 1 0 5322628  
14 5 0 1 0 5324848  UUUU
13 5 0 1 0 5329490  
14 2 0 1 0 5331460  UUUU
14 5 0 1 0 5332255  UUUU
14 6 0 1 0 5334067  UUUU
13 5 0 1 0 5334190  
13 6 0 1 0 5336036  
13 2 0 1 0 5336475  
14 3 0 1 0 5338031  UUUU
14 4 0 1 0 5339569  UUUU
14 5 0 1 0 5341349  UUUU
13 3 0 1 0 5342910  
13 5 0 1 0 5343221  
14 2 0 1 0 5344000  UUUU
13 4 0 1 0 5344723  
14 7 0 1 0 5345053  UUUU
14 0 0 1 0 5346235  UUUU
13 2 0 1 0 5346374  
14 6 0 1 0 5347193  UUUU
13 0 0 1 0 5348515  
13 7 0 1 0 5348961  
13 6 0 1 0 5349078  
14 5 0 1 0 5350423  UUUU
13 5 0 1 0 5352801  
14 3 0 1 0 5352908  UUUU
14 7 0 1 0 5353933  UUUU
13 3 0 1 0 5355572  
13 7 0 1 0 5355749  
14 2 0 1 0 5358579  UUUU
13 2 0 1 0 5360635  
14 7 0 1 0 5363759  UUUU
13 7 0 1 0 5365980  
14 1 0 1 0 5370930  UUUU
14 5 0 1 0 5373953  UUUU
14 6 0 1 0 5383297  UUUU
14 0 0 1 0 5383506  UUUU
13 0 0 1 0 5385360  
13 6 0 1 0 5387694  
14 3 0 1 0 5391814  UUUU
14 6 0 1 0 5395281  UUUU
14 7 0 1 0 5395315  UUUU
14 2 0 1 0 5395338  UUUU
13 6 0 1 0 5397363  
13 2 0 1 0 5402676  
13 7 0 1 0 5403049  
13 5 0 1 0 5403236  
13 1 0 1 0 5403580  
13 3 0 1 0 5403983  
14 4 0 1 0 5404922  UUUU
14 6 0 1 0 5408526  UUUU
14 7 0 1 0 5409167  UUUU
13 4 0 1 0 5410262  
13 6 0 1 0 5411000  
13 7 0 1 0 5411404  
14 2 0 1 0 5412710  UUUU
14 3 0 1 0 5414089  UUUU
13 2 0 1 0 5414450  
13 3 0 1 0 5415706  
14 1 0 1 0 5417416  UUUU
14 4 0 1 0 5417982  UUUU
13 1 0 1 0 5418032  
14 7 0 1 0 5419163  UUUU
13 4 0 1 0 5419932  
13 7 0 1 0 5421561  
14 0 0 1 0 5422206  UUUU
13 0 0 1 0 5423934  
14 2 0 1 0 5426077  UUUU
14 5 0 1 0 5426191  UUUU
13 5 0 1 0 5428323  
13 2 0 1 0 5428510  
14 3 0 1 0 5428714  UUUU
13 3 0 1 0 5430876  
14 4 0 1 0 5431132  UUUU
13 4 0 1 0 5433211  
14 1 0 1 0 5437987  UUUU
13 1 0 1 0 5438541  
14 6 0 1 0 5444569  UUUU
13 6 0 1 0 5451669  
14 7 0 1 0 5460342  UUUU
14 5 0 1 0 5463192  UUUU
13 7 0 1 0 5463927  
14 2 0 1 0 5464234  UUUU
13 5 0 1 0 5466039  
14 7 0 1 0 5466952  UUUU
14 4 0 1 0 5467466  UUUU
13 2 0 1 0 5467748  
14 3 0 1 0 5469488  UUUU
13 7 0 1 0 5470541  
13 4 0 1 0 5473266  
13 3 0 1 0 5473303  
14 6 0 1 0 5474237  UUUU
14 2 0 1 0 5475480  UUUU
13 6 0 1 0 5476354  
14 7 0 1 0 5477448  UUUU
13 2 0 1 0 5477713  
14 3 0 1 0 5478953  UUUU
13 7 0 1 0 5479738  
13 3 0 1 0 5481229  
14 1 0 1 0 5487357  UUUU
13 1 0 1 0 5489049  
14 1 0 1 0 5496611  UUUU
13 1 0 1 0 5497709  
14 7 0 1 0 5501715  UUUU
14 3 0 1 0 5504551  UUUU
13 7 0 1 0 5506100  
13 3 0 1 0 5508065  
14 2 0 1 0 5511123  UUUU
14 6 0 1 0 5511507  UUUU
14 7 0 1 0 5514033  UUUU
13 6 0 1 0 5514465  
13 2 0 1 0 5515471  
14 3 0 1 0 5515660  UUUU
13 7 0 1 0 5516027  
13 3 0 1 0 5517867  
14 4 0 1 0 5532761  UUUU
13 4 0 1 0 5537642  
14 2 0 1 0 5539769  UUUU
13 2 0 1 0 5542439  
14 4 0 1 0 5542608  UUUU
13 4 0 1 0 5544800  
14 1 0 1 0 5545904  UUUU
13 1 0 1 0 5548220  
14 0 0 1 0 5551745  UUUU
14 7 0 1 0 5552348  UUUU
14 3 0 1 0 5552820  UUUU
13 0 0 1 0 5556976  
13 3 0 1 0 5556991  
13 7 0 1 0 5557368  
14 1 0 1 0 5560521  UUUU
13 1 0 1 0 5561769  
14 3 0 1 0 5561897  UUUU
13 3 0 1 0 5564270  
14 0 0 1 0 5565801  UUUU
13 0 0 1 0 5566850  
14 4 0 1 0 5566972  UUUU
13 4 0 1 0 5571583  
14 5 0 1 0 5576901  UUUU
14 4 0 1 0 5578895  UUUU
13 4 0 1 0 5581230  
14 7 0 1 0 5581621  UUUU
13 5 0 1 0 5581981  
13 7 0 1 0 5584579  
14 3 0 1 0 5586939  UUUU
13 3 0 1 0 5590925  
14 3 0 1 0 5593654  UUUU
13 3 0 1 0 5595812  
14 5 0 1 0 5604609  UUUU
14 1 0 1 0 5606832  UUUU
13 5 0 1 0 5607572  
13 1 0 1 0 5611603  
14 4 0 1 0 5614130  UUUU
14 0 0 1 0 5615849  UUUU
14 3 0 1 0 5617549  UUUU
13 4 0 1 0 5619494  
13 0 0 1 0 5623169  
13 3 0 1 0 5623401  
14 6 0 1 0 5624330  UUUU
13 6 0 1 0 5629946  
14 2 0 1 0 5655586  UUUU
14 4 0 1 0 5660554  UUUU
13 2 0 1 0 5660817  
13 4 0 1 0 5666514  
14 1 0 1 0 5683194  UUUU
13 1 0 1 0 5687119  
14 3 0 1 0 5688558  UUUU
14 6 0 1 0 5693714  UUUU
13 3 0 1 0 5693822  
13 6 0 1 0 5699908  
14 7 0 1 0 5700501  UUUU
14 0 0 1 0 5705588  UUUU
13 7 0 1 0 5706470  
14 4 0 1 0 5707710  UUUU
13 0 0 1 0 5710886  
13 4 0 1 0 5714414  
14 5 0 1 0 5716983  UUUU
13 5 0 1 0 5722494  
14 7 0 1 0 5748286  UUUU
13 7 0 1 0 5754325  
14 3 0 1 0 5758631  UUUU
14 5 0 1 0 5763298  UUUU
13 3 0 1 0 5766399  
14 1 0 1 0 5766664  UUUU
14 0 0 1 0 5790248  UUUU
14 2 0 1 0 5875387  UUUU
14 6 0 1 0 5910565  UUUU
14 4 0 1 0 5924053  UUUU
14 7 0 1 0 5968236  UUUU
14 3 0 1 0 5976930  UUUU
6 3 0 1 0 5981750  UUUU
6 6 0 1 0 5981822  UUUU
6 5 0 1 0 5981835  UUUU
6 7 0 1 0 5981844  UUUU
6 2 0 1 0 5981937  UUUU
6 4 0 1 0 5981950  UUUU
6 1 0 1 0 5981983  UUUU
6 0 0 1 0 5982237  UUUU
7 3 0 1 0 5994672  CDT
7 2 0 1 0 5994757  CDT
7 6 0 1 0 5994759  CDT
7 4 0 1 0 5994765  CDT
7 5 0 1 0 5994767  CDT
7 7 0 1 0 5994918  CDT
7 1 0 1 0 5994925  CDT
7 0 0 1 0 5995042  CDT
8 0 0 1 0 6022734  ˆ
8 7 0 1 0 6022738  €
8 6 0 1 0 6022796  
11 7 0 1 0 6022800  CDT
11 0 0 1 0 6022804  CDT
8 4 0 1 0 6022837  
11 6 0 1 0 6022854  CDT
8 5 0 1 0 6022859  
8 3 0 1 0 6022869  
11 4 0 1 0 6022895  CDT
11 5 0 1 0 6022910  CDT
8 2 0 1 0 6022915  ¤<€ÿ`H
11 3 0 1 0 6022933  CDT
11 2 0 1 0 6022974  CDT
8 1 0 1 0 6023004  
11 1 0 1 0 6023066  CDT
12 7 0 1 0 6034945  CDT
12 2 0 1 0 6034976  CDT
12 1 0 1 0 6035014  CDT
12 0 0 1 0 6035051  CDT
12 3 0 1 0 6035057  CDT
12 4 0 1 0 6035128  CDT
12 5 0 1 0 6035132  CDT
12 6 0 1 0 6035153  CDT
5 7 0 1 0 6071069  
5 5 0 1 0 6071166  
5 2 0 1 0 6071171  
5 6 0 1 0 6071172  
5 4 0 1 0 6071176  
5 0 0 1 0 6071180  
5 1 0 1 0 6071196  
5 3 0 1 0 6071202  
13 4 0 1 0 6075084  
13 5 0 1 0 6076207  
13 7 0 1 0 6076520  
13 6 0 1 0 6076560  
13 2 0 1 0 6077068  
13 0 0 1 0 6077079  
13 1 0 1 0 6077394  
13 3 0 1 0 6077556  
14 1 0 1 0 6080103  UUUU
14 0 0 1 0 6081925  UUUU
14 4 0 1 0 6081975  UUUU
13 1 0 1 0 6082038  
14 5 0 1 0 6082698  UUUU
14 2 0 1 0 6083655  UUUU
13 4 0 1 0 6083988  
14 7 0 1 0 6084087  UUUU
13 0 0 1 0 6084433  
13 5 0 1 0 6084526  
13 2 0 1 0 6085664  
13 7 0 1 0 6085975  
14 3 0 1 0 6090189  UUUU
13 3 0 1 0 6090623  
14 1 0 1 0 6091238  UUUU
14 0 0 1 0 6091832  UUUU
13 0 0 1 0 6093196  
13 1 0 1 0 6093460  
14 5 0 1 0 6095690  UUUU
14 2 0 1 0 6097070  UUUU
14 7 0 1 0 6097199  UUUU
13 5 0 1 0 6097764  
13 7 0 1 0 6099352  
13 2 0 1 0 6099545  
14 0 0 1 0 6100527  UUUU
13 0 0 1 0 6102706  
14 3 0 1 0 6104543  UUUU
13 3 0 1 0 6106157  
14 1 0 1 0 6106634  UUUU
13 1 0 1 0 6107254  
14 5 0 1 0 6109149  UUUU
14 7 0 1 0 6110854  UUUU
13 5 0 1 0 6111872  
13 7 0 1 0 6113263  
14 4 0 1 0 6117658  UUUU
14 1 0 1 0 6117705  UUUU
14 3 0 1 0 6117904  UUUU
13 1 0 1 0 6119687  
13 4 0 1 0 6121280  
13 3 0 1 0 6121353  
14 0 0 1 0 6124956  UUUU
13 0 0 1 0 6128609  
14 4 0 1 0 6128988  UUUU
13 4 0 1 0 6130887  
14 2 0 1 0 6135800  UUUU
14 6 0 1 0 6136143  UUUU
13 6 0 1 0 6140728  
13 2 0 1 0 6140962  
14 4 0 1 0 6142372  UUUU
14 2 0 1 0 6144163  UUUU
13 4 0 1 0 6144249  
14 5 0 1 0 6145310  UUUU
14 1 0 1 0 6145554  UUUU
13 2 0 1 0 6145821  
14 6 0 1 0 6147196  UUUU
13 6 0 1 0 6148652  
14 7 0 1 0 6149100  UUUU
13 5 0 1 0 6150083  
13 1 0 1 0 6151554  
13 7 0 1 0 6152828  
14 0 0 1 0 6153212  UUUU
14 2 0 1 0 6154334  UUUU
14 4 0 1 0 6155387  UUUU
13 0 0 1 0 6155480  
13 2 0 1 0 6156465  
14 5 0 1 0 6156579  UUUU
14 7 0 1 0 6157696  UUUU
13 4 0 1 0 6158142  
13 5 0 1 0 6159013  
13 7 0 1 0 6159392  
14 6 0 1 0 6160146  UUUU
13 6 0 1 0 6162153  
14 2 0 1 0 6163639  UUUU
13 2 0 1 0 6165905  
14 7 0 1 0 6166777  UUUU
13 7 0 1 0 6169030  
14 3 0 1 0 6169758  UUUU
13 3 0 1 0 6171168  
14 3 0 1 0 6178735  UUUU
13 3 0 1 0 6180474  
14 2 0 1 0 6187075  UUUU
14 0 0 1 0 6191240  UUUU
13 2 0 1 0 6191504  
14 7 0 1 0 6191821  UUUU
14 4 0 1 0 6192280  UUUU
14 5 0 1 0 6192459  UUUU
13 0 0 1 0 6193893  
14 6 0 1 0 6195891  UUUU
13 7 0 1 0 6196283  
13 5 0 1 0 6196403  
13 4 0 1 0 6197446  
13 6 0 1 0 6199306  
14 3 0 1 0 6200622  UUUU
14 2 0 1 0 6201176  UUUU
14 5 0 1 0 6201452  UUUU
13 5 0 1 0 6203128  
13 2 0 1 0 6203478  
13 3 0 1 0 6203522  
14 7 0 1 0 6204222  UUUU
13 7 0 1 0 6206007  
14 6 0 1 0 6206933  UUUU
13 6 0 1 0 6208721  
14 5 0 1 0 6210991  UUUU
13 5 0 1 0 6213163  
14 2 0 1 0 6215593  UUUU
14 7 0 1 0 6217169  UUUU
13 2 0 1 0 6218018  
13 7 0 1 0 6219060  
14 6 0 1 0 6219859  UUUU
14 4 0 1 0 6220574  UUUU
13 6 0 1 0 6222237  
13 4 0 1 0 6223082  
14 0 0 1 0 6230852  UUUU
13 0 0 1 0 6232800  
14 5 0 1 0 6236299  UUUU
13 5 0 1 0 6239892  
14 1 0 1 0 6241884  UUUU
14 3 0 1 0 6241914  UUUU
13 1 0 1 0 6246785  
13 3 0 1 0 6247340  
14 5 0 1 0 6247653  UUUU
13 5 0 1 0 6249522  
14 1 0 1 0 6250321  UUUU
13 1 0 1 0 6251099  
14 7 0 1 0 6254151  UUUU
14 2 0 1 0 6254640  UUUU
14 6 0 1 0 6255607  UUUU
14 4 0 1 0 6258231  UUUU
13 7 0 1 0 6258942  
13 2 0 1 0 6260082  
13 6 0 1 0 6260209  
14 5 0 1 0 6260772  UUUU
13 4 0 1 0 6261049  
13 5 0 1 0 6263050  
14 1 0 1 0 6265041  UUUU
14 6 0 1 0 6265231  UUUU
14 7 0 1 0 6265305  UUUU
13 1 0 1 0 6265592  
13 6 0 1 0 6267379  
13 7 0 1 0 6267539  
14 3 0 1 0 6273167  UUUU
13 3 0 1 0 6275121  
14 1 0 1 0 6288788  UUUU
14 6 0 1 0 6289410  UUUU
13 1 0 1 0 6291552  
13 6 0 1 0 6293147  
14 5 0 1 0 6297919  UUUU
14 6 0 1 0 6300681  UUUU
13 5 0 1 0 6301750  
13 6 0 1 0 6302804  
14 7 0 1 0 6303557  UUUU
14 1 0 1 0 6303767  UUUU
13 1 0 1 0 6306636  
13 7 0 1 0 6307801  
14 5 0 1 0 6309150  UUUU
13 5 0 1 0 6311449  
14 3 0 1 0 6311835  UUUU
13 3 0 1 0 6314429  
14 2 0 1 0 6322371  UUUU
13 2 0 1 0 6327157  
14 7 0 1 0 6331032  UUUU
14 2 0 1 0 6332180  UUUU
13 7 0 1 0 6333570  
13 2 0 1 0 6334234  
14 6 0 1 0 6337426  UUUU
13 6 0 1 0 6340613  
14 5 0 1 0 6345834  UUUU
14 6 0 1 0 6348230  UUUU
13 5 0 1 0 6349459  
13 6 0 1 0 6350376  
14 1 0 1 0 6352925  UUUU
13 1 0 1 0 6355954  
14 2 0 1 0 6356627  UUUU
14 5 0 1 0 6356849  UUUU
13 5 0 1 0 6359491  
13 2 0 1 0 6360501  
14 2 0 1 0 6365411  UUUU
14 0 0 1 0 6366590  UUUU
13 2 0 1 0 6367713  
13 0 0 1 0 6369723  
14 4 0 1 0 6370985  UUUU
13 4 0 1 0 6376115  
14 0 0 1 0 6379079  UUUU
13 0 0 1 0 6380126  
14 6 0 1 0 6384606  UUUU
13 6 0 1 0 6388494  
14 1 0 1 0 6389073  UUUU
14 2 0 1 0 6390904  UUUU
13 1 0 1 0 6391044  
14 6 0 1 0 6391228  UUUU
14 5 0 1 0 6392857  UUUU
13 6 0 1 0 6393984  
13 2 0 1 0 6396161  
13 5 0 1 0 6398022  
14 4 0 1 0 6398909  UUUU
13 4 0 1 0 6401571  
14 6 0 1 0 6414812  UUUU
13 6 0 1 0 6420025  
14 0 0 1 0 6426031  UUUU
14 3 0 1 0 6429326  UUUU
13 0 0 1 0 6430530  
13 3 0 1 0 6434887  
14 5 0 1 0 6439423  UUUU
13 5 0 1 0 6445142  
14 7 0 1 0 6448222  UUUU
13 7 0 1 0 6453673  
14 2 0 1 0 6457445  UUUU
13 2 0 1 0 6462811  
14 6 0 1 0 6483872  UUUU
13 6 0 1 0 6489493  
14 7 0 1 0 6495390  UUUU
14 3 0 1 0 6500433  UUUU
13 7 0 1 0 6501455  
13 3 0 1 0 6505655  
14 4 0 1 0 6510681  UUUU
14 0 0 1 0 6512357  UUUU
13 4 0 1 0 6516973  
13 0 0 1 0 6517768  
14 2 0 1 0 6527634  UUUU
14 1 0 1 0 6531974  UUUU
13 2 0 1 0 6533363  
13 1 0 1 0 6537904  
14 3 0 1 0 6546967  UUUU
14 6 0 1 0 6553838  UUUU
13 3 0 1 0 6554294  
14 2 0 1 0 6574511  UUUU
14 4 0 1 0 6579877  UUUU
14 5 0 1 0 6656475  UUUU
14 7 0 1 0 6715220  UUUU
14 0 0 1 0 6749219  UUUU
14 1 0 1 0 6754782  UUUU
14 3 0 1 0 6762007  UUUU
6 3 0 1 0 6766937  UUUU
6 2 0 1 0 6767019  UUUU
6 5 0 1 0 6767030  UUUU
6 1 0 1 0 6767039  UUUU
6 7 0 1 0 6767058  UUUU
6 6 0 1 0 6767154  UUUU
6 4 0 1 0 6767162  UUUU
6 0 0 1 0 6767510  UUUU
9 7 0 1 0 6779493  CDT
9 3 0 1 0 6779503  CDT
9 2 0 1 0 6779560  CDT
9 6 0 1 0 6779583  CDT
9 5 0 1 0 6779591  CDT
9 0 0 1 0 6779613  CDT
9 4 0 1 0 6779743  CDT
9 1 0 1 0 6779770  CDT
5 3 0 1 0 6890494  
5 2 0 1 0 6890556  
5 5 0 1 0 6890576  
5 0 0 1 0 6890592  
5 7 0 1 0 6890610  
5 6 0 1 0 6890695  
5 4 0 1 0 6890708  
5 1 0 1 0 6890724  
13 2 0 1 0 6894759  
13 4 0 1 0 6895138  
13 6 0 1 0 6895916  
13 0 0 1 0 6895987  
13 1 0 1 0 6896002  
13 3 0 1 0 6896081  
13 5 0 1 0 6896177  
13 7 0 1 0 6897477  
14 2 0 1 0 6898543  UUUU
14 4 0 1 0 6900236  UUUU
13 2 0 1 0 6900497  
13 4 0 1 0 6902188  
14 1 0 1 0 6902342  UUUU
14 6 0 1 0 6903194  UUUU
13 6 0 1 0 6904993  
14 7 0 1 0 6905239  UUUU
13 1 0 1 0 6905260  
14 3 0 1 0 6906397  UUUU
13 3 0 1 0 6906836  
13 7 0 1 0 6907164  
14 2 0 1 0 6907933  UUUU
14 5 0 1 0 6908318  UUUU
13 2 0 1 0 6909535  
14 4 0 1 0 6909595  UUUU
13 5 0 1 0 6909596  
13 4 0 1 0 6911185  
14 6 0 1 0 6915876  UUUU
14 2 0 1 0 6916439  UUUU
14 7 0 1 0 6917901  UUUU
13 6 0 1 0 6918079  
13 2 0 1 0 6918376  
14 4 0 1 0 6918744  UUUU
13 7 0 1 0 6919447  
14 5 0 1 0 6920648  UUUU
13 4 0 1 0 6922446  
13 5 0 1 0 6922651  
14 2 0 1 0 6925319  UUUU
14 3 0 1 0 6925902  UUUU
13 3 0 1 0 6928589  
13 2 0 1 0 6928718  
14 6 0 1 0 6929025  UUUU
14 7 0 1 0 6930611  UUUU
13 6 0 1 0 6932146  
14 5 0 1 0 6934016  UUUU
13 7 0 1 0 6934108  
13 5 0 1 0 6937409  
14 4 0 1 0 6944293  UUUU
13 4 0 1 0 6947962  
14 1 0 1 0 6948368  UUUU
14 2 0 1 0 6949694  UUUU
13 1 0 1 0 6953818  
13 2 0 1 0 6953832  
14 0 0 1 0 6955803  UUUU
14 2 0 1 0 6956593  UUUU
14 4 0 1 0 6956787  UUUU
13 2 0 1 0 6958705  
13 4 0 1 0 6958722  
13 0 0 1 0 6960203  
14 6 0 1 0 6964983  UUUU
14 2 0 1 0 6966089  UUUU
14 0 0 1 0 6966477  UUUU
13 2 0 1 0 6968478  
13 0 0 1 0 6968748  
14 7 0 1 0 6969544  UUUU
14 4 0 1 0 6970416  UUUU
13 6 0 1 0 6970521  
13 4 0 1 0 6973139  
14 3 0 1 0 6974437  UUUU
13 7 0 1 0 6976741  
14 6 0 1 0 6976915  UUUU
14 2 0 1 0 6977577  UUUU
13 3 0 1 0 6978999  
14 0 0 1 0 6980984  UUUU
13 2 0 1 0 6981014  
14 5 0 1 0 6981068  UUUU
13 6 0 1 0 6981077  
13 5 0 1 0 6982941  
14 4 0 1 0 6984668  UUUU
13 0 0 1 0 6985170  
14 3 0 1 0 6987174  UUUU
13 3 0 1 0 6987611  
14 1 0 1 0 6988882  UUUU
13 4 0 1 0 6988987  
13 1 0 1 0 6990972  
14 5 0 1 0 6991375  UUUU
13 5 0 1 0 6993311  
14 3 0 1 0 6997396  UUUU
13 3 0 1 0 6999345  
14 2 0 1 0 7003293  UUUU
14 5 0 1 0 7005531  UUUU
13 2 0 1 0 7007136  
13 5 0 1 0 7009983  
14 2 0 1 0 7014326  UUUU
14 6 0 1 0 7014529  UUUU
13 2 0 1 0 7016240  
14 0 0 1 0 7019545  UUUU
13 6 0 1 0 7020635  
13 0 0 1 0 7024695  
14 4 0 1 0 7026352  UUUU
14 3 0 1 0 7027671  UUUU
14 2 0 1 0 7028119  UUUU
14 6 0 1 0 7028378  UUUU
13 6 0 1 0 7030442  
13 4 0 1 0 7030555  
13 2 0 1 0 7032760  
13 3 0 1 0 7032884  
14 4 0 1 0 7035421  UUUU
14 1 0 1 0 7036124  UUUU
13 4 0 1 0 7037383  
13 1 0 1 0 7038250  
14 7 0 1 0 7038471  UUUU
14 6 0 1 0 7041449  UUUU
14 3 0 1 0 7043215  UUUU
13 3 0 1 0 7044033  
13 7 0 1 0 7044212  
14 4 0 1 0 7045588  UUUU
13 6 0 1 0 7045651  
14 0 0 1 0 7048941  UUUU
13 4 0 1 0 7049218  
13 0 0 1 0 7051003  
14 7 0 1 0 7051694  UUUU
13 7 0 1 0 7053613  
14 5 0 1 0 7053791  UUUU
13 5 0 1 0 7057807  
14 3 0 1 0 7060406  UUUU
13 3 0 1 0 7062338  
14 7 0 1 0 7064716  UUUU
13 7 0 1 0 7068931  
14 2 0 1 0 7070369  UUUU
14 4 0 1 0 7071995  UUUU
13 2 0 1 0 7073995  
13 4 0 1 0 7075953  
14 2 0 1 0 7077324  UUUU
13 2 0 1 0 7079231  
14 6 0 1 0 7079522  UUUU
14 4 0 1 0 7082661  UUUU
14 5 0 1 0 7082965  UUUU
13 5 0 1 0 7085406  
13 6 0 1 0 7086786  
14 0 0 1 0 7087118  UUUU
14 1 0 1 0 7087355  UUUU
13 4 0 1 0 7087781  
14 2 0 1 0 7088394  UUUU
13 0 0 1 0 7090320  
13 2 0 1 0 7092382  
13 1 0 1 0 7092554  
14 7 0 1 0 7103715  UUUU
13 7 0 1 0 7107719  
14 3 0 1 0 7108211  UUUU
13 3 0 1 0 7110777  
14 7 0 1 0 7112969  UUUU
14 2 0 1 0 7114459  UUUU
13 7 0 1 0 7117017  
13 2 0 1 0 7118491  
14 4 0 1 0 7120674  UUUU
14 5 0 1 0 7120903  UUUU
14 3 0 1 0 7121641  UUUU
13 5 0 1 0 7124793  
13 4 0 1 0 7125456  
13 3 0 1 0 7126207  
14 2 0 1 0 7128261  UUUU
13 2 0 1 0 7131865  
14 4 0 1 0 7132894  UUUU
13 4 0 1 0 7137758  
14 7 0 1 0 7139354  UUUU
13 7 0 1 0 7144123  
14 6 0 1 0 7145592  UUUU
13 6 0 1 0 7150375  
14 6 0 1 0 7155684  UUUU
13 6 0 1 0 7159773  
14 7 0 1 0 7166822  UUUU
14 3 0 1 0 7167250  UUUU
13 3 0 1 0 7170139  
14 2 0 1 0 7170479  UUUU
14 4 0 1 0 7170821  UUUU
13 7 0 1 0 7172475  
13 2 0 1 0 7174714  
13 4 0 1 0 7176465  
14 3 0 1 0 7180953  UUUU
14 6 0 1 0 7181712  UUUU
14 2 0 1 0 7183278  UUUU
13 3 0 1 0 7184522  
13 6 0 1 0 7186578  
13 2 0 1 0 7187741  
14 6 0 1 0 7191862  UUUU
13 6 0 1 0 7196051  
14 4 0 1 0 7198875  UUUU
13 4 0 1 0 7203811  
14 0 0 1 0 7213417  UUUU
14 6 0 1 0 7217726  UUUU
13 0 0 1 0 7219535  
13 6 0 1 0 7222898  
14 2 0 1 0 7225278  UUUU
14 3 0 1 0 7226223  UUUU
13 2 0 1 0 7228674  
14 0 0 1 0 7229065  UUUU
13 0 0 1 0 7232728  
14 2 0 1 0 7233516  UUUU
14 5 0 1 0 7235657  UUUU
13 3 0 1 0 7236127  
14 1 0 1 0 7236128  UUUU
13 2 0 1 0 7239639  
13 1 0 1 0 7244870  
13 5 0 1 0 7244932  
14 6 0 1 0 7245334  UUUU
13 6 0 1 0 7250229  
14 2 0 1 0 7263172  UUUU
13 2 0 1 0 7269611  
14 0 0 1 0 7274425  UUUU
13 0 0 1 0 7281572  
14 7 0 1 0 7284125  UUUU
14 5 0 1 0 7286454  UUUU
13 7 0 1 0 7292505  
13 5 0 1 0 7294289  
14 3 0 1 0 7305771  UUUU
13 3 0 1 0 7311808  
14 4 0 1 0 7316097  UUUU
14 1 0 1 0 7320717  UUUU
13 4 0 1 0 7325158  
13 1 0 1 0 7328164  
14 5 0 1 0 7336033  UUUU
14 2 0 1 0 7340538  UUUU
13 5 0 1 0 7343536  
13 2 0 1 0 7348073  
14 6 0 1 0 7358312  UUUU
14 0 0 1 0 7361383  UUUU
13 6 0 1 0 7365860  
13 0 0 1 0 7370016  
14 3 0 1 0 7383449  UUUU
14 5 0 1 0 7384268  UUUU
14 4 0 1 0 7388359  UUUU
13 3 0 1 0 7394059  
13 5 0 1 0 7394284  
14 0 0 1 0 7418684  UUUU
14 2 0 1 0 7419961  UUUU
14 7 0 1 0 7507075  UUUU
14 1 0 1 0 7553201  UUUU
14 6 0 1 0 7575493  UUUU
14 3 0 1 0 7601767  UUUU
14 5 0 1 0 7603030  UUUU
6 2 0 1 0 7608417  UUUU
6 6 0 1 0 7608429  UUUU
6 5 0 1 0 7608443  UUUU
6 4 0 1 0 7608444  UUUU
6 7 0 1 0 7608479  UUUU
6 1 0 1 0 7608481  UUUU
6 3 0 1 0 7608485  UUUU
6 0 0 1 0 7608913  UUUU
5 7 0 1 0 7758955  
5 3 0 1 0 7758968  
5 0 0 1 0 7759060  
5 2 0 1 0 7759129  
5 6 0 1 0 7759167  
5 5 0 1 0 7759169  
5 1 0 1 0 7759174  
5 4 0 1 0 7759179  
13 2 0 1 0 7762884  
13 3 0 1 0 7763419  
13 1 0 1 0 7763833  
13 4 0 1 0 7763901  
13 0 0 1 0 7764616  
13 7 0 1 0 7765105  
13 6 0 1 0 7765328  
14 3 0 1 0 7767712  UUUU
13 5 0 1 0 7768108  
14 4 0 1 0 7768883  UUUU
14 1 0 1 0 7769965  UUUU
14 2 0 1 0 7770355  UUUU
13 3 0 1 0 7771179  
13 4 0 1 0 7771298  
14 0 0 1 0 7771557  UUUU
13 1 0 1 0 7771634  
13 2 0 1 0 7772095  
14 7 0 1 0 7773308  UUUU
13 0 0 1 0 7773491  
13 7 0 1 0 7775279  
14 4 0 1 0 7778705  UUUU
14 5 0 1 0 7779461  UUUU
13 4 0 1 0 7780509  
14 3 0 1 0 7782078  UUUU
14 2 0 1 0 7783140  UUUU
13 3 0 1 0 7783677  
13 5 0 1 0 7784329  
14 0 0 1 0 7785258  UUUU
14 1 0 1 0 7785837  UUUU
14 7 0 1 0 7786021  UUUU
13 2 0 1 0 7787318  
13 0 0 1 0 7787758  
14 4 0 1 0 7787943  UUUU
13 7 0 1 0 7788573  
13 1 0 1 0 7789280  
13 4 0 1 0 7791919  
14 3 0 1 0 7795873  UUUU
13 3 0 1 0 7796413  
14 0 0 1 0 7798779  UUUU
14 7 0 1 0 7799658  UUUU
13 0 0 1 0 7802348  
13 7 0 1 0 7803029  
14 1 0 1 0 7804173  UUUU
13 1 0 1 0 7806010  
14 3 0 1 0 7806529  UUUU
13 3 0 1 0 7808783  
14 4 0 1 0 7814165  UUUU
13 4 0 1 0 7817812  
14 5 0 1 0 7819351  UUUU
14 2 0 1 0 7821488  UUUU
13 5 0 1 0 7823701  
13 2 0 1 0 7826079  
14 6 0 1 0 7826119  UUUU
14 4 0 1 0 7826811  UUUU
13 4 0 1 0 7828845  
14 2 0 1 0 7829309  UUUU
13 6 0 1 0 7830701  
13 2 0 1 0 7831637  
14 3 0 1 0 7834229  UUUU
14 0 0 1 0 7836459  UUUU
14 6 0 1 0 7837078  UUUU
14 2 0 1 0 7838660  UUUU
13 6 0 1 0 7838818  
14 7 0 1 0 7839345  UUUU
13 3 0 1 0 7839958  
13 2 0 1 0 7841022  
14 4 0 1 0 7841030  UUUU
13 0 0 1 0 7842640  
13 7 0 1 0 7843069  
13 4 0 1 0 7843393  
14 7 0 1 0 7847879  UUUU
14 2 0 1 0 7849286  UUUU
14 1 0 1 0 7849448  UUUU
14 6 0 1 0 7849756  UUUU
13 7 0 1 0 7849757  
14 3 0 1 0 7850400  UUUU
13 2 0 1 0 7853506  
13 6 0 1 0 7854240  
14 4 0 1 0 7854386  UUUU
14 5 0 1 0 7855420  UUUU
13 3 0 1 0 7855729  
13 1 0 1 0 7857178  
14 7 0 1 0 7857378  UUUU
13 5 0 1 0 7857584  
13 4 0 1 0 7858676  
13 7 0 1 0 7860405  
14 1 0 1 0 7866478  UUUU
13 1 0 1 0 7868575  
14 2 0 1 0 7875996  UUUU
13 2 0 1 0 7880477  
14 1 0 1 0 7880731  UUUU
13 1 0 1 0 7882372  
14 7 0 1 0 7882375  UUUU
14 6 0 1 0 7887106  UUUU
13 7 0 1 0 7887175  
14 2 0 1 0 7887694  UUUU
13 2 0 1 0 7889557  
13 6 0 1 0 7892154  
14 4 0 1 0 7894693  UUUU
14 7 0 1 0 7894969  UUUU
13 7 0 1 0 7897587  
13 4 0 1 0 7898633  
14 5 0 1 0 7899101  UUUU
13 5 0 1 0 7901192  
14 3 0 1 0 7901546  UUUU
14 2 0 1 0 7902683  UUUU
14 4 0 1 0 7903541  UUUU
14 0 0 1 0 7903719  UUUU
13 4 0 1 0 7905552  
13 2 0 1 0 7906736  
13 3 0 1 0 7907411  
13 0 0 1 0 7908655  
14 7 0 1 0 7909255  UUUU
13 7 0 1 0 7913306  
14 4 0 1 0 7913918  UUUU
14 6 0 1 0 7914479  UUUU
13 6 0 1 0 7916627  
13 4 0 1 0 7917131  
14 0 0 1 0 7917137  UUUU
14 3 0 1 0 7918539  UUUU
13 3 0 1 0 7919320  
13 0 0 1 0 7919344  
14 1 0 1 0 7927193  UUUU
14 0 0 1 0 7930644  UUUU
13 1 0 1 0 7931881  
14 3 0 1 0 7932471  UUUU
13 0 0 1 0 7934333  
13 3 0 1 0 7935146  
14 4 0 1 0 7940351  UUUU
14 5 0 1 0 7941890  UUUU
13 4 0 1 0 7943767  
14 2 0 1 0 7943836  UUUU
14 4 0 1 0 7946631  UUUU
13 5 0 1 0 7947044  
14 7 0 1 0 7948304  UUUU
13 4 0 1 0 7948591  
13 2 0 1 0 7948678  
14 6 0 1 0 7951116  UUUU
13 7 0 1 0 7954818  
13 6 0 1 0 7955172  
14 4 0 1 0 7956249  UUUU
14 2 0 1 0 7956317  UUUU
13 4 0 1 0 7960195  
13 2 0 1 0 7960831  
14 1 0 1 0 7966071  UUUU
13 1 0 1 0 7968261  
14 0 0 1 0 7971675  UUUU
13 0 0 1 0 7976010  
14 3 0 1 0 7979885  UUUU
14 0 0 1 0 7980824  UUUU
14 4 0 1 0 7980885  UUUU
13 3 0 1 0 7982959  
13 0 0 1 0 7984379  
13 4 0 1 0 7985991  
14 3 0 1 0 7992893  UUUU
14 4 0 1 0 7993574  UUUU
13 3 0 1 0 7996426  
13 4 0 1 0 7997482  
14 2 0 1 0 7997954  UUUU
13 2 0 1 0 8001621  
14 0 0 1 0 8007570  UUUU
14 2 0 1 0 8008877  UUUU
13 0 0 1 0 8012177  
14 1 0 1 0 8012783  UUUU
13 2 0 1 0 8013815  
14 7 0 1 0 8015578  UUUU
13 1 0 1 0 8015899  
13 7 0 1 0 8020388  
14 7 0 1 0 8025200  UUUU
13 7 0 1 0 8029332  
14 4 0 1 0 8031300  UUUU
13 4 0 1 0 8035240  
14 0 0 1 0 8037664  UUUU
13 0 0 1 0 8040971  
14 3 0 1 0 8041469  UUUU
14 4 0 1 0 8042850  UUUU
13 3 0 1 0 8044314  
13 4 0 1 0 8047052  
14 7 0 1 0 8051740  UUUU
14 2 0 1 0 8052550  UUUU
14 3 0 1 0 8052606  UUUU
13 7 0 1 0 8055960  
13 2 0 1 0 8057705  
13 3 0 1 0 8058523  
14 5 0 1 0 8059381  UUUU
14 2 0 1 0 8063417  UUUU
14 6 0 1 0 8064000  UUUU
13 5 0 1 0 8065795  
13 2 0 1 0 8068505  
13 6 0 1 0 8069754  
14 5 0 1 0 8073064  UUUU
13 5 0 1 0 8078344  
14 7 0 1 0 8079091  UUUU
14 4 0 1 0 8081509  UUUU
13 7 0 1 0 8084198  
13 4 0 1 0 8088328  
14 4 0 1 0 8091054  UUUU
14 6 0 1 0 8092016  UUUU
14 2 0 1 0 8095866  UUUU
13 6 0 1 0 8096473  
13 4 0 1 0 8096819  
13 2 0 1 0 8103471  
14 3 0 1 0 8104170  UUUU
13 3 0 1 0 8109849  
14 5 0 1 0 8111480  UUUU
14 4 0 1 0 8117799  UUUU
13 5 0 1 0 8118347  
13 4 0 1 0 8124775  
14 3 0 1 0 8153480  UUUU
14 1 0 1 0 8154910  UUUU
13 3 0 1 0 8160932  
13 1 0 1 0 8162966  
14 2 0 1 0 8168227  UUUU
13 2 0 1 0 8175312  
14 0 0 1 0 8176137  UUUU
13 0 0 1 0 8182590  
14 5 0 1 0 8182992  UUUU
14 4 0 1 0 8187737  UUUU
13 5 0 1 0 8192123  
13 4 0 1 0 8196847  
14 7 0 1 0 8196888  UUUU
13 7 0 1 0 8203980  
14 6 0 1 0 8205214  UUUU
13 6 0 1 0 8214826  
14 2 0 1 0 8222440  UUUU
13 2 0 1 0 8230172  
14 3 0 1 0 8236815  UUUU
13 3 0 1 0 8245172  
14 7 0 1 0 8245549  UUUU
13 7 0 1 0 8255881  
14 5 0 1 0 8257044  UUUU
13 5 0 1 0 8266304  
14 0 0 1 0 8270370  UUUU
14 6 0 1 0 8277523  UUUU
14 3 0 1 0 8287662  UUUU
14 1 0 1 0 8398726  UUUU
14 4 0 1 0 8407748  UUUU
14 2 0 1 0 8449468  UUUU
14 7 0 1 0 8468225  UUUU
14 5 0 1 0 8474469  UUUU
6 7 0 1 0 8479403  UUUU
6 3 0 1 0 8479409  UUUU
6 2 0 1 0 8479441  UUUU
6 4 0 1 0 8479485  UUUU
6 6 0 1 0 8479486  UUUU
6 5 0 1 0 8479502  UUUU
6 1 0 1 0 8479507  UUUU
6 0 0 1 0 8479866  UUUU
5 7 0 1 0 8622605  
5 2 0 1 0 8622650  
5 4 0 1 0 8622689  
5 5 0 1 0 8622691  
5 0 0 1 0 8622704  
5 3 0 1 0 8622753  
5 1 0 1 0 8622821  
5 6 0 1 0 8622834  
13 2 0 1 0 8626301  
13 4 0 1 0 8626939  
13 6 0 1 0 8627069  
13 0 0 1 0 8627778  
13 3 0 1 0 8628487  
13 1 0 1 0 8628601  
13 5 0 1 0 8629199  
13 7 0 1 0 8629693  
14 2 0 1 0 8629814  UUUU
13 2 0 1 0 8631552  
14 0 0 1 0 8632600  UUUU
14 4 0 1 0 8633246  UUUU
14 6 0 1 0 8634234  UUUU
13 0 0 1 0 8634590  
14 1 0 1 0 8634932  UUUU
13 4 0 1 0 8635069  
13 6 0 1 0 8636177  
14 7 0 1 0 8637138  UUUU
13 1 0 1 0 8637617  
14 2 0 1 0 8638962  UUUU
13 7 0 1 0 8638970  
13 2 0 1 0 8640737  
14 5 0 1 0 8641721  UUUU
13 5 0 1 0 8642338  
14 0 0 1 0 8642509  UUUU
13 0 0 1 0 8644471  
14 4 0 1 0 8646073  UUUU
14 6 0 1 0 8647060  UUUU
14 2 0 1 0 8647750  UUUU
13 6 0 1 0 8649630  
13 4 0 1 0 8649631  
14 7 0 1 0 8649696  UUUU
13 2 0 1 0 8650017  
13 7 0 1 0 8651843  
14 0 0 1 0 8651967  UUUU
14 5 0 1 0 8653370  UUUU
13 5 0 1 0 8655115  
13 0 0 1 0 8655497  
14 2 0 1 0 8656955  UUUU
13 2 0 1 0 8660051  
14 6 0 1 0 8660570  UUUU
14 7 0 1 0 8662949  UUUU
13 6 0 1 0 8663978  
14 5 0 1 0 8666218  UUUU
13 7 0 1 0 8666591  
13 5 0 1 0 8669791  
14 0 0 1 0 8677040  UUUU
14 2 0 1 0 8681026  UUUU
13 0 0 1 0 8681572  
14 1 0 1 0 8683181  UUUU
14 4 0 1 0 8683509  UUUU
13 2 0 1 0 8685674  
13 1 0 1 0 8687485  
13 4 0 1 0 8688593  
14 0 0 1 0 8689557  UUUU
14 1 0 1 0 8690167  UUUU
13 0 0 1 0 8691768  
13 1 0 1 0 8692022  
14 4 0 1 0 8695382  UUUU
14 6 0 1 0 8697085  UUUU
13 4 0 1 0 8697338  
14 1 0 1 0 8699933  UUUU
13 1 0 1 0 8701656  
13 6 0 1 0 8702286  
14 7 0 1 0 8702323  UUUU
14 0 0 1 0 8702836  UUUU
13 0 0 1 0 8705053  
14 6 0 1 0 8708597  UUUU
13 7 0 1 0 8708892  
14 4 0 1 0 8709414  UUUU
14 2 0 1 0 8710923  UUUU
13 6 0 1 0 8712663  
14 5 0 1 0 8712665  UUUU
13 4 0 1 0 8712669  
13 2 0 1 0 8713342  
13 5 0 1 0 8714670  
14 1 0 1 0 8714716  UUUU
13 1 0 1 0 8716565  
14 0 0 1 0 8717341  UUUU
14 5 0 1 0 8719665  UUUU
13 0 0 1 0 8720904  
13 5 0 1 0 8721468  
14 3 0 1 0 8724994  UUUU
13 3 0 1 0 8729968  
14 5 0 1 0 8731388  UUUU
13 5 0 1 0 8735117  
14 3 0 1 0 8738735  UUUU
13 3 0 1 0 8739178  
14 1 0 1 0 8742196  UUUU
13 1 0 1 0 8746026  
14 6 0 1 0 8746150  UUUU
14 4 0 1 0 8746812  UUUU
14 2 0 1 0 8749789  UUUU
13 6 0 1 0 8750776  
13 4 0 1 0 8751130  
13 2 0 1 0 8751316  
14 3 0 1 0 8754457  UUUU
14 0 0 1 0 8755965  UUUU
13 3 0 1 0 8757112  
14 1 0 1 0 8757334  UUUU
14 6 0 1 0 8758312  UUUU
13 1 0 1 0 8759350  
13 0 0 1 0 8760132  
13 6 0 1 0 8760430  
14 5 0 1 0 8764333  UUUU
14 0 0 1 0 8765081  UUUU
13 5 0 1 0 8766001  
13 0 0 1 0 8767039  
14 7 0 1 0 8771030  UUUU
14 1 0 1 0 8771237  UUUU
14 6 0 1 0 8771444  UUUU
14 4 0 1 0 8773517  UUUU
14 5 0 1 0 8774000  UUUU
13 1 0 1 0 8775738  
14 0 0 1 0 8775826  UUUU
13 6 0 1 0 8775872  
13 4 0 1 0 8776069  
13 7 0 1 0 8776237  
13 5 0 1 0 8776337  
13 0 0 1 0 8779637  
14 7 0 1 0 8783832  UUUU
13 7 0 1 0 8785666  
14 5 0 1 0 8787523  UUUU
14 2 0 1 0 8789067  UUUU
13 5 0 1 0 8791365  
13 2 0 1 0 8792736  
14 7 0 1 0 8796424  UUUU
13 7 0 1 0 8800581  
14 0 0 1 0 8803371  UUUU
14 3 0 1 0 8804274  UUUU
13 0 0 1 0 8807945  
13 3 0 1 0 8809155  
14 6 0 1 0 8809736  UUUU
14 4 0 1 0 8811097  UUUU
13 6 0 1 0 8813849  
14 3 0 1 0 8814216  UUUU
13 4 0 1 0 8814630  
13 3 0 1 0 8814643  
14 1 0 1 0 8819186  UUUU
14 6 0 1 0 8820104  UUUU
14 3 0 1 0 8823891  UUUU
13 6 0 1 0 8824583  
13 3 0 1 0 8825928  
13 1 0 1 0 8826059  
14 5 0 1 0 8827959  UUUU
13 5 0 1 0 8832627  
14 0 0 1 0 8833067  UUUU
13 0 0 1 0 8834829  
14 7 0 1 0 8836170  UUUU
14 5 0 1 0 8838219  UUUU
13 7 0 1 0 8840543  
13 5 0 1 0 8842352  
14 7 0 1 0 8847894  UUUU
13 7 0 1 0 8852350  
14 3 0 1 0 8854237  UUUU
13 3 0 1 0 8856841  
14 6 0 1 0 8857290  UUUU
13 6 0 1 0 8862963  
14 5 0 1 0 8864842  UUUU
14 3 0 1 0 8867712  UUUU
13 5 0 1 0 8869714  
14 6 0 1 0 8870290  UUUU
13 3 0 1 0 8871043  
14 0 0 1 0 8872727  UUUU
13 6 0 1 0 8875603  
13 0 0 1 0 8876043  
14 7 0 1 0 8886855  UUUU
13 7 0 1 0 8891517  
14 5 0 1 0 8892779  UUUU
14 7 0 1 0 8896323  UUUU
13 5 0 1 0 8897720  
13 7 0 1 0 8900664  
14 1 0 1 0 8901600  UUUU
13 1 0 1 0 8906235  
14 6 0 1 0 8908695  UUUU
13 6 0 1 0 8913284  
14 3 0 1 0 8914731  UUUU
14 1 0 1 0 8914979  UUUU
14 2 0 1 0 8917383  UUUU
13 3 0 1 0 8919354  
13 1 0 1 0 8919689  
14 6 0 1 0 8920375  UUUU
13 2 0 1 0 8921864  
14 7 0 1 0 8923802  UUUU
14 4 0 1 0 8924372  UUUU
13 6 0 1 0 8925401  
14 2 0 1 0 8928962  UUUU
13 7 0 1 0 8929050  
13 4 0 1 0 8930879  
13 2 0 1 0 8933429  
14 7 0 1 0 8936148  UUUU
13 7 0 1 0 8941035  
14 3 0 1 0 8950238  UUUU
14 4 0 1 0 8953146  UUUU
13 3 0 1 0 8954063  
13 4 0 1 0 8958046  
14 2 0 1 0 8958054  UUUU
14 6 0 1 0 8958215  UUUU
13 2 0 1 0 8962993  
13 6 0 1 0 8966871  
14 2 0 1 0 8967056  UUUU
14 1 0 1 0 8967103  UUUU
13 2 0 1 0 8971473  
13 1 0 1 0 8972272  
14 7 0 1 0 8974623  UUUU
13 7 0 1 0 8981770  
14 2 0 1 0 8993343  UUUU
13 2 0 1 0 8999621  
14 0 0 1 0 9007004  UUUU
14 5 0 1 0 9008926  UUUU
13 5 0 1 0 9016491  
13 0 0 1 0 9016787  
14 1 0 1 0 9021754  UUUU
14 6 0 1 0 9026162  UUUU
13 1 0 1 0 9027311  
13 6 0 1 0 9033633  
14 7 0 1 0 9046821  UUUU
13 7 0 1 0 9055715  
14 4 0 1 0 9066530  UUUU
14 2 0 1 0 9071004  UUUU
13 4 0 1 0 9075627  
14 1 0 1 0 9076191  UUUU
13 2 0 1 0 9077467  
13 1 0 1 0 9082852  
14 3 0 1 0 9085935  UUUU
13 3 0 1 0 9093662  
14 0 0 1 0 9095565  UUUU
14 6 0 1 0 9096492  UUUU
13 0 0 1 0 9103001  
13 6 0 1 0 9107553  
14 7 0 1 0 9120554  UUUU
14 2 0 1 0 9126859  UUUU
13 7 0 1 0 9130731  
14 0 0 1 0 9150488  UUUU
14 1 0 1 0 9155200  UUUU
14 5 0 1 0 9227895  UUUU
14 4 0 1 0 9286448  UUUU
14 3 0 1 0 9305424  UUUU
14 6 0 1 0 9316056  UUUU
14 7 0 1 0 9341891  UUUU
6 6 0 1 0 9347103  UUUU
6 4 0 1 0 9347109  UUUU
6 7 0 1 0 9347185  UUUU
6 3 0 1 0 9347186  UUUU
6 2 0 1 0 9347231  UUUU
6 5 0 1 0 9347232  UUUU
6 1 0 1 0 9347244  UUUU
6 0 0 1 0 9347502  UUUU
10 3 0 1 0 9453229  CDT
11 3 0 1 0 9453278  CDT
10 4 0 1 0 9453285  CDT
10 5 0 1 0 9453295  CDT
10 1 0 1 0 9453311  CDT
11 4 0 1 0 9453333  CDT
11 5 0 1 0 9453342  CDT
11 1 0 1 0 9453359  CDT
10 2 0 1 0 9453403  CDT
11 2 0 1 0 9453449  CDT
10 7 0 1 0 9453614  CDT
11 7 0 1 0 9453664  CDT
10 0 0 1 0 9453703  CDT
10 6 0 1 0 9453737  CDT
11 0 0 1 0 9453752  CDT
11 6 0 1 0 9453782  CDT
12 2 0 1 0 9465096  CDT
12 6 0 1 0 9465121  CDT
12 4 0 1 0 9465134  CDT
12 7 0 1 0 9465211  CDT
12 3 0 1 0 9465234  CDT
12 5 0 1 0 9465282  CDT
12 1 0 1 0 9465309  CDT
12 0 0 1 0 9465511  CDT
5 2 0 1 0 9501375  
5 4 0 1 0 9501423  
5 0 0 1 0 9501430  
5 6 0 1 0 9501450  
5 3 0 1 0 9501464  
5 7 0 1 0 9501489  
5 1 0 1 0 9501570  
5 5 0 1 0 9501572  
13 6 0 1 0 9506754  
13 0 0 1 0 9507742  
13 4 0 1 0 9507766  
13 2 0 1 0 9507804  
13 7 0 1 0 9507900  
13 5 0 1 0 9507968  
13 1 0 1 0 9508103  
14 2 0 1 0 9511164  UUUU
13 3 0 1 0 9511295  
13 2 0 1 0 9513240  
14 6 0 1 0 9513311  UUUU
14 0 0 1 0 9513382  UUUU
14 4 0 1 0 9514700  UUUU
14 5 0 1 0 9515201  UUUU
14 7 0 1 0 9515463  UUUU
13 0 0 1 0 9515751  
13 6 0 1 0 9515854  
13 4 0 1 0 9517011  
14 1 0 1 0 9517272  UUUU
13 5 0 1 0 9517777  
13 7 0 1 0 9517906  
13 1 0 1 0 9518319  
14 2 0 1 0 9520360  UUUU
13 2 0 1 0 9522284  
14 0 0 1 0 9523188  UUUU
13 0 0 1 0 9524976  
14 4 0 1 0 9528516  UUUU
14 7 0 1 0 9528994  UUUU
14 5 0 1 0 9529468  UUUU
14 2 0 1 0 9529861  UUUU
13 4 0 1 0 9530446  
13 7 0 1 0 9531073  
13 5 0 1 0 9531321  
13 2 0 1 0 9531653  
14 0 0 1 0 9532597  UUUU
13 0 0 1 0 9534890  
14 1 0 1 0 9535351  UUUU
13 1 0 1 0 9535897  
14 2 0 1 0 9538811  UUUU
13 2 0 1 0 9541078  
14 4 0 1 0 9541594  UUUU
14 7 0 1 0 9542333  UUUU
14 5 0 1 0 9542837  UUUU
13 4 0 1 0 9544290  
13 7 0 1 0 9545069  
13 5 0 1 0 9546043  
14 6 0 1 0 9549714  UUUU
13 6 0 1 0 9553626  
14 0 0 1 0 9557070  UUUU
13 0 0 1 0 9560996  
14 6 0 1 0 9561182  UUUU
13 6 0 1 0 9562777  
14 2 0 1 0 9565148  UUUU
13 2 0 1 0 9569533  
14 2 0 1 0 9572339  UUUU
13 2 0 1 0 9574301  
14 6 0 1 0 9574522  UUUU
13 6 0 1 0 9576200  
14 4 0 1 0 9577543  UUUU
14 5 0 1 0 9579541  UUUU
14 7 0 1 0 9580622  UUUU
13 4 0 1 0 9581638  
14 2 0 1 0 9581779  UUUU
14 0 0 1 0 9583686  UUUU
13 2 0 1 0 9584001  
13 5 0 1 0 9584113  
14 1 0 1 0 9584847  UUUU
13 7 0 1 0 9585317  
13 0 0 1 0 9586998  
14 6 0 1 0 9587345  UUUU
14 4 0 1 0 9588166  UUUU
13 6 0 1 0 9589386  
13 4 0 1 0 9589716  
13 1 0 1 0 9590212  
14 5 0 1 0 9590692  UUUU
14 2 0 1 0 9592289  UUUU
13 5 0 1 0 9592809  
13 2 0 1 0 9594543  
14 3 0 1 0 9598178  UUUU
14 1 0 1 0 9598341  UUUU
13 1 0 1 0 9599407  
14 4 0 1 0 9600845  UUUU
13 3 0 1 0 9601285  
13 4 0 1 0 9602936  
14 3 0 1 0 9609038  UUUU
14 1 0 1 0 9609386  UUUU
13 1 0 1 0 9610636  
13 3 0 1 0 9610950  
14 2 0 1 0 9616279  UUUU
13 2 0 1 0 9620885  
14 6 0 1 0 9623617  UUUU
14 0 0 1 0 9623784  UUUU
13 0 0 1 0 9625760  
14 5 0 1 0 9626260  UUUU
14 3 0 1 0 9627359  UUUU
13 6 0 1 0 9627425  
14 2 0 1 0 9629654  UUUU
13 2 0 1 0 9631973  
13 5 0 1 0 9632083  
13 3 0 1 0 9632356  
14 6 0 1 0 9635099  UUUU
14 4 0 1 0 9636104  UUUU
13 6 0 1 0 9637107  
13 4 0 1 0 9640282  
14 1 0 1 0 9641041  UUUU
14 2 0 1 0 9643633  UUUU
14 4 0 1 0 9645280  UUUU
13 1 0 1 0 9645844  
13 2 0 1 0 9645894  
14 7 0 1 0 9646326  UUUU
13 4 0 1 0 9647519  
14 6 0 1 0 9648252  UUUU
13 6 0 1 0 9650323  
13 7 0 1 0 9650828  
14 4 0 1 0 9654958  UUUU
14 5 0 1 0 9655174  UUUU
13 4 0 1 0 9657165  
13 5 0 1 0 9657398  
14 7 0 1 0 9658536  UUUU
14 1 0 1 0 9658649  UUUU
13 1 0 1 0 9659275  
13 7 0 1 0 9660461  
14 0 0 1 0 9664016  UUUU
13 0 0 1 0 9665745  
14 7 0 1 0 9671662  UUUU
14 1 0 1 0 9672057  UUUU
13 7 0 1 0 9673752  
13 1 0 1 0 9673858  
14 3 0 1 0 9676708  UUUU
14 4 0 1 0 9679173  UUUU
13 3 0 1 0 9679736  
14 2 0 1 0 9682753  UUUU
13 4 0 1 0 9683329  
14 6 0 1 0 9684806  UUUU
14 4 0 1 0 9686101  UUUU
13 2 0 1 0 9686584  
13 4 0 1 0 9688369  
13 6 0 1 0 9690039  
14 5 0 1 0 9691884  UUUU
14 2 0 1 0 9693932  UUUU
13 5 0 1 0 9694519  
14 4 0 1 0 9695423  UUUU
13 2 0 1 0 9696067  
13 4 0 1 0 9697671  
14 3 0 1 0 9706778  UUUU
13 3 0 1 0 9708862  
14 7 0 1 0 9709398  UUUU
13 7 0 1 0 9713697  
14 7 0 1 0 9718569  UUUU
14 4 0 1 0 9718945  UUUU
13 7 0 1 0 9720993  
13 4 0 1 0 9722967  
14 1 0 1 0 9725608  UUUU
13 1 0 1 0 9728152  
14 2 0 1 0 9730632  UUUU
14 4 0 1 0 9730666  UUUU
13 4 0 1 0 9733225  
13 2 0 1 0 9734712  
14 1 0 1 0 9738487  UUUU
13 1 0 1 0 9739742  
14 2 0 1 0 9742089  UUUU
14 7 0 1 0 9743520  UUUU
13 2 0 1 0 9744536  
13 7 0 1 0 9746987  
14 3 0 1 0 9747036  UUUU
14 6 0 1 0 9749216  UUUU
13 3 0 1 0 9749551  
13 6 0 1 0 9753761  
14 6 0 1 0 9758698  UUUU
13 6 0 1 0 9761018  
14 4 0 1 0 9767425  UUUU
14 7 0 1 0 9770044  UUUU
13 4 0 1 0 9771613  
13 7 0 1 0 9772524  
14 2 0 1 0 9778684  UUUU
14 4 0 1 0 9779300  UUUU
13 4 0 1 0 9781420  
13 2 0 1 0 9782029  
14 6 0 1 0 9783129  UUUU
13 6 0 1 0 9787418  
14 1 0 1 0 9789194  UUUU
14 2 0 1 0 9789537  UUUU
13 2 0 1 0 9791638  
13 1 0 1 0 9791872  
14 1 0 1 0 9796785  UUUU
13 1 0 1 0 9797868  
14 0 0 1 0 9798969  UUUU
13 0 0 1 0 9802333  
14 5 0 1 0 9804267  UUUU
13 5 0 1 0 9809250  
14 6 0 1 0 9810549  UUUU
13 6 0 1 0 9813331  
14 0 0 1 0 9813821  UUUU
13 0 0 1 0 9815043  
14 4 0 1 0 9816422  UUUU
13 4 0 1 0 9820372  
14 4 0 1 0 9823138  UUUU
13 4 0 1 0 9825355  
14 2 0 1 0 9826633  UUUU
14 1 0 1 0 9827758  UUUU
13 1 0 1 0 9831364  
13 2 0 1 0 9831658  
14 5 0 1 0 9832078  UUUU
13 5 0 1 0 9834792  
14 4 0 1 0 9846234  UUUU
13 4 0 1 0 9851254  
14 0 0 1 0 9860365  UUUU
14 3 0 1 0 9863619  UUUU
13 0 0 1 0 9867135  
13 3 0 1 0 9869292  
14 7 0 1 0 9885309  UUUU
14 1 0 1 0 9886530  UUUU
13 1 0 1 0 9890578  
13 7 0 1 0 9891492  
14 2 0 1 0 9893162  UUUU
13 2 0 1 0 9898769  
14 4 0 1 0 9914902  UUUU
13 4 0 1 0 9920303  
14 6 0 1 0 9922839  UUUU
13 6 0 1 0 9928400  
14 3 0 1 0 9934520  UUUU
13 3 0 1 0 9939840  
14 1 0 1 0 9940589  UUUU
13 1 0 1 0 9944277  
14 5 0 1 0 9944630  UUUU
13 5 0 1 0 9950247  
14 0 0 1 0 9952269  UUUU
13 0 0 1 0 9954565  
14 2 0 1 0 9963583  UUUU
13 2 0 1 0 9969492  
14 3 0 1 0 9981759  UUUU
14 4 0 1 0 9984073  UUUU
13 3 0 1 0 9989240  
14 0 0 1 0 10004753  UUUU
14 1 0 1 0 10014396  UUUU
14 7 0 1 0 10106990  UUUU
14 6 0 1 0 10138516  UUUU
14 5 0 1 0 10160025  UUUU
14 2 0 1 0 10183269  UUUU
14 3 0 1 0 10195645  UUUU
6 7 0 1 0 10199983  UUUU
6 2 0 1 0 10199988  UUUU
6 5 0 1 0 10200033  UUUU
6 6 0 1 0 10200039  UUUU
6 1 0 1 0 10200060  UUUU
6 3 0 1 0 10200107  UUUU
6 4 0 1 0 10200159  UUUU
6 0 0 1 0 10200392  UUUU
9 7 0 1 0 10212115  CDT
9 2 0 1 0 10212118  CDT
9 3 0 1 0 10212129  CDT
9 4 0 1 0 10212175  CDT
9 1 0 1 0 10212184  CDT
9 0 0 1 0 10212198  CDT
9 6 0 1 0 10212308  CDT
9 5 0 1 0 10212323  CDT
5 3 0 1 0 10321706  
5 2 0 1 0 10321726  
5 4 0 1 0 10321768  
5 0 0 1 0 10321777  
5 5 0 1 0 10321779  
5 1 0 1 0 10321785  
5 7 0 1 0 10321819  
5 6 0 1 0 10321873  
13 1 0 1 0 10326069  
13 0 0 1 0 10326191  
13 2 0 1 0 10326202  
13 6 0 1 0 10326247  
13 3 0 1 0 10327155  
13 4 0 1 0 10327883  
13 5 0 1 0 10327940  
14 1 0 1 0 10328765  UUUU
13 7 0 1 0 10329324  
13 1 0 1 0 10330480  
14 6 0 1 0 10331582  UUUU
13 6 0 1 0 10333562  
14 2 0 1 0 10333807  UUUU
14 0 0 1 0 10334364  UUUU
14 3 0 1 0 10335630  UUUU
13 0 0 1 0 10336399  
14 7 0 1 0 10337001  UUUU
13 2 0 1 0 10337434  
13 3 0 1 0 10338434  
13 7 0 1 0 10338765  
14 1 0 1 0 10339209  UUUU
14 6 0 1 0 10340771  UUUU
13 1 0 1 0 10340994  
14 5 0 1 0 10341766  UUUU
13 6 0 1 0 10342643  
13 5 0 1 0 10343620  
14 0 0 1 0 10347250  UUUU
14 1 0 1 0 10347857  UUUU
13 0 0 1 0 10349399  
14 7 0 1 0 10349493  UUUU
13 1 0 1 0 10349708  
14 6 0 1 0 10349892  UUUU
13 7 0 1 0 10351031  
13 6 0 1 0 10353301  
14 5 0 1 0 10354743  UUUU
13 5 0 1 0 10358179  
14 3 0 1 0 10358420  UUUU
13 3 0 1 0 10358856  
14 0 0 1 0 10360175  UUUU
14 1 0 1 0 10360217  UUUU
14 7 0 1 0 10362123  UUUU
13 0 0 1 0 10363751  
13 1 0 1 0 10364248  
13 7 0 1 0 10366004  
14 2 0 1 0 10370690  UUUU
14 3 0 1 0 10372780  UUUU
13 3 0 1 0 10375085  
14 6 0 1 0 10375088  UUUU
13 2 0 1 0 10375185  
13 6 0 1 0 10379966  
14 2 0 1 0 10382784  UUUU
13 2 0 1 0 10385034  
14 1 0 1 0 10389764  UUUU
14 4 0 1 0 10389929  UUUU
13 1 0 1 0 10394455  
13 4 0 1 0 10394485  
14 2 0 1 0 10397088  UUUU
14 1 0 1 0 10397129  UUUU
14 0 0 1 0 10397506  UUUU
13 2 0 1 0 10399367  
14 5 0 1 0 10399783  UUUU
13 1 0 1 0 10399784  
14 4 0 1 0 10401374  UUUU
14 7 0 1 0 10401975  UUUU
14 6 0 1 0 10402324  UUUU
13 0 0 1 0 10402486  
13 4 0 1 0 10403429  
13 6 0 1 0 10404476  
13 7 0 1 0 10405518  
13 5 0 1 0 10408604  
14 0 0 1 0 10409636  UUUU
14 1 0 1 0 10409737  UUUU
14 7 0 1 0 10410421  UUUU
14 2 0 1 0 10411814  UUUU
13 7 0 1 0 10412509  
13 0 0 1 0 10413748  
13 1 0 1 0 10413921  
14 4 0 1 0 10415372  UUUU
13 2 0 1 0 10415745  
13 4 0 1 0 10418636  
14 7 0 1 0 10419684  UUUU
13 7 0 1 0 10423253  
14 1 0 1 0 10424849  UUUU
14 3 0 1 0 10425050  UUUU
13 1 0 1 0 10427216  
13 3 0 1 0 10429072  
14 3 0 1 0 10436536  UUUU
13 3 0 1 0 10436975  
14 6 0 1 0 10438520  UUUU
13 6 0 1 0 10440634  
14 7 0 1 0 10445214  UUUU
14 0 0 1 0 10446615  UUUU
13 7 0 1 0 10449057  
14 1 0 1 0 10449852  UUUU
14 3 0 1 0 10450832  UUUU
14 2 0 1 0 10451433  UUUU
13 0 0 1 0 10451475  
14 4 0 1 0 10452429  UUUU
13 3 0 1 0 10454746  
13 2 0 1 0 10455666  
13 4 0 1 0 10455793  
14 7 0 1 0 10457823  UUUU
13 1 0 1 0 10457841  
14 0 0 1 0 10459685  UUUU
13 7 0 1 0 10459883  
14 2 0 1 0 10461024  UUUU
13 0 0 1 0 10461991  
13 2 0 1 0 10462617  
14 4 0 1 0 10464129  UUUU
13 4 0 1 0 10466158  
14 2 0 1 0 10470008  UUUU
14 7 0 1 0 10470990  UUUU
14 0 0 1 0 10472760  UUUU
13 2 0 1 0 10473546  
13 7 0 1 0 10474285  
14 6 0 1 0 10474806  UUUU
13 0 0 1 0 10476806  
14 4 0 1 0 10477328  UUUU
14 5 0 1 0 10477647  UUUU
13 6 0 1 0 10478627  
13 5 0 1 0 10480714  
13 4 0 1 0 10481404  
14 1 0 1 0 10487919  UUUU
14 5 0 1 0 10488372  UUUU
13 1 0 1 0 10490130  
13 5 0 1 0 10490385  
14 2 0 1 0 10498617  UUUU
14 5 0 1 0 10502829  UUUU
13 2 0 1 0 10503013  
14 3 0 1 0 10503614  UUUU
13 5 0 1 0 10507693  
13 3 0 1 0 10508088  
14 7 0 1 0 10508429  UUUU
14 0 0 1 0 10512582  UUUU
14 3 0 1 0 10512785  UUUU
13 7 0 1 0 10513177  
13 3 0 1 0 10513570  
14 4 0 1 0 10516548  UUUU
13 0 0 1 0 10519233  
14 7 0 1 0 10520430  UUUU
13 4 0 1 0 10521405  
13 7 0 1 0 10524558  
14 3 0 1 0 10525515  UUUU
14 4 0 1 0 10526441  UUUU
13 3 0 1 0 10527799  
14 2 0 1 0 10528937  UUUU
13 2 0 1 0 10530265  
13 4 0 1 0 10530599  
14 1 0 1 0 10537045  UUUU
13 1 0 1 0 10539917  
14 5 0 1 0 10543424  UUUU
13 5 0 1 0 10547770  
14 4 0 1 0 10552469  UUUU
14 3 0 1 0 10553103  UUUU
14 5 0 1 0 10555742  UUUU
13 4 0 1 0 10556801  
13 3 0 1 0 10557450  
14 7 0 1 0 10557907  UUUU
13 5 0 1 0 10560172  
13 7 0 1 0 10563382  
14 4 0 1 0 10564274  UUUU
14 3 0 1 0 10568016  UUUU
13 4 0 1 0 10568697  
14 2 0 1 0 10569720  UUUU
13 3 0 1 0 10572652  
13 2 0 1 0 10573923  
14 0 0 1 0 10584995  UUUU
14 7 0 1 0 10585674  UUUU
14 6 0 1 0 10588274  UUUU
13 7 0 1 0 10590463  
13 0 0 1 0 10591532  
13 6 0 1 0 10593513  
14 5 0 1 0 10595399  UUUU
14 0 0 1 0 10596977  UUUU
13 0 0 1 0 10600505  
13 5 0 1 0 10600636  
14 6 0 1 0 10600935  UUUU
14 4 0 1 0 10603098  UUUU
13 6 0 1 0 10605128  
14 5 0 1 0 10608369  UUUU
13 4 0 1 0 10609136  
13 5 0 1 0 10613547  
14 3 0 1 0 10617524  UUUU
13 3 0 1 0 10620476  
14 3 0 1 0 10625302  UUUU
14 0 0 1 0 10626941  UUUU
13 3 0 1 0 10628662  
14 4 0 1 0 10631520  UUUU
13 0 0 1 0 10632946  
13 4 0 1 0 10636421  
14 6 0 1 0 10639338  UUUU
14 0 0 1 0 10641132  UUUU
13 6 0 1 0 10644898  
13 0 0 1 0 10644950  
14 5 0 1 0 10647494  UUUU
13 5 0 1 0 10654038  
14 5 0 1 0 10656820  UUUU
14 3 0 1 0 10658308  UUUU
13 5 0 1 0 10662822  
13 3 0 1 0 10666664  
14 6 0 1 0 10667070  UUUU
13 6 0 1 0 10672085  
14 1 0 1 0 10682942  UUUU
14 5 0 1 0 10683635  UUUU
14 0 0 1 0 10686503  UUUU
13 1 0 1 0 10690284  
13 5 0 1 0 10690443  
13 0 0 1 0 10693186  
14 7 0 1 0 10702767  UUUU
14 2 0 1 0 10704013  UUUU
13 2 0 1 0 10711760  
13 7 0 1 0 10711837  
14 3 0 1 0 10733585  UUUU
14 1 0 1 0 10736874  UUUU
13 3 0 1 0 10739786  
13 1 0 1 0 10742967  
14 4 0 1 0 10745431  UUUU
13 4 0 1 0 10754391  
14 5 0 1 0 10755316  UUUU
13 5 0 1 0 10764212  
14 0 0 1 0 10770743  UUUU
13 0 0 1 0 10776382  
14 7 0 1 0 10776699  UUUU
14 6 0 1 0 10780514  UUUU
13 7 0 1 0 10783381  
13 6 0 1 0 10788296  
14 3 0 1 0 10789358  UUUU
13 3 0 1 0 10798371  
14 4 0 1 0 10817341  UUUU
14 1 0 1 0 10821137  UUUU
13 4 0 1 0 10828595  
13 1 0 1 0 10830615  
14 0 0 1 0 10832684  UUUU
14 3 0 1 0 10840745  UUUU
14 7 0 1 0 10847835  UUUU
14 2 0 1 0 10938887  UUUU
14 5 0 1 0 10974606  UUUU
14 6 0 1 0 10996932  UUUU
14 4 0 1 0 11036566  UUUU
14 1 0 1 0 11043572  UUUU
6 4 0 1 0 11048285  UUUU
6 1 0 1 0 11048295  UUUU
6 7 0 1 0 11048362  UUUU
6 2 0 1 0 11048367  UUUU
6 3 0 1 0 11048368  UUUU
6 6 0 1 0 11048412  UUUU
6 5 0 1 0 11048414  UUUU
6 0 0 1 0 11048755  UUUU
5 7 0 1 0 11176181  
5 2 0 1 0 11176182  
5 3 0 1 0 11176195  
5 6 0 1 0 11176237  
5 1 0 1 0 11176250  
5 0 0 1 0 11176251  
5 4 0 1 0 11176290  
5 5 0 1 0 11176359  
13 3 0 1 0 11179448  
13 0 0 1 0 11180124  
13 5 0 1 0 11180596  
13 2 0 1 0 11181030  
13 6 0 1 0 11181050  
13 1 0 1 0 11181116  
13 4 0 1 0 11182989  
13 7 0 1 0 11183331  
14 1 0 1 0 11183909  UUUU
13 1 0 1 0 11185831  
14 3 0 1 0 11186884  UUUU
14 6 0 1 0 11187436  UUUU
14 2 0 1 0 11188013  UUUU
14 0 0 1 0 11188525  UUUU
13 6 0 1 0 11189515  
13 2 0 1 0 11189707  
13 0 0 1 0 11189947  
14 5 0 1 0 11190517  UUUU
14 7 0 1 0 11190811  UUUU
13 5 0 1 0 11191130  
13 7 0 1 0 11192751  
13 3 0 1 0 11192916  
14 1 0 1 0 11194371  UUUU
13 1 0 1 0 11196332  
14 6 0 1 0 11200496  UUUU
14 5 0 1 0 11200809  UUUU
14 0 0 1 0 11201084  UUUU
14 2 0 1 0 11201144  UUUU
13 5 0 1 0 11203359  
14 7 0 1 0 11203493  UUUU
13 2 0 1 0 11203634  
13 0 0 1 0 11203819  
13 6 0 1 0 11204268  
14 1 0 1 0 11205061  UUUU
13 7 0 1 0 11205582  
13 1 0 1 0 11206947  
14 5 0 1 0 11210798  UUUU
13 5 0 1 0 11214313  
14 0 0 1 0 11214598  UUUU
14 2 0 1 0 11214679  UUUU
14 7 0 1 0 11216685  UUUU
13 2 0 1 0 11218495  
13 0 0 1 0 11218515  
14 1 0 1 0 11219490  UUUU
13 7 0 1 0 11220296  
13 1 0 1 0 11221679  
14 5 0 1 0 11236299  UUUU
14 3 0 1 0 11237095  UUUU
14 6 0 1 0 11237370  UUUU
13 6 0 1 0 11241590  
13 5 0 1 0 11242448  
13 3 0 1 0 11243550  
14 4 0 1 0 11244139  UUUU
14 6 0 1 0 11244295  UUUU
14 1 0 1 0 11246480  UUUU
13 6 0 1 0 11246491  
13 4 0 1 0 11249455  
13 1 0 1 0 11251050  
14 2 0 1 0 11253056  UUUU
14 0 0 1 0 11253140  UUUU
14 6 0 1 0 11253461  UUUU
14 5 0 1 0 11253545  UUUU
13 5 0 1 0 11254895  
13 6 0 1 0 11255617  
14 7 0 1 0 11256208  UUUU
14 4 0 1 0 11256518  UUUU
13 2 0 1 0 11257462  
13 4 0 1 0 11258394  
13 0 0 1 0 11259315  
13 7 0 1 0 11260247  
14 1 0 1 0 11261435  UUUU
14 6 0 1 0 11262613  UUUU
14 2 0 1 0 11262857  UUUU
13 2 0 1 0 11264743  
13 1 0 1 0 11265055  
13 6 0 1 0 11266517  
14 7 0 1 0 11267566  UUUU
13 7 0 1 0 11269330  
14 4 0 1 0 11269639  UUUU
14 5 0 1 0 11270266  UUUU
13 5 0 1 0 11272656  
13 4 0 1 0 11272862  
14 2 0 1 0 11272949  UUUU
13 2 0 1 0 11276248  
14 7 0 1 0 11280511  UUUU
14 3 0 1 0 11283648  UUUU
14 5 0 1 0 11283787  UUUU
13 7 0 1 0 11284166  
13 3 0 1 0 11286166  
14 6 0 1 0 11287281  UUUU
13 5 0 1 0 11288304  
13 6 0 1 0 11291693  
14 6 0 1 0 11298758  UUUU
14 2 0 1 0 11299260  UUUU
13 6 0 1 0 11300340  
13 2 0 1 0 11303605  
14 1 0 1 0 11307385  UUUU
14 4 0 1 0 11307464  UUUU
14 6 0 1 0 11311351  UUUU
13 4 0 1 0 11311529  
14 2 0 1 0 11311574  UUUU
13 2 0 1 0 11313375  
13 1 0 1 0 11313438  
13 6 0 1 0 11314340  
14 1 0 1 0 11318747  UUUU
14 7 0 1 0 11319509  UUUU
14 0 0 1 0 11320343  UUUU
13 1 0 1 0 11322282  
13 7 0 1 0 11324016  
14 2 0 1 0 11324939  UUUU
13 0 0 1 0 11325434  
13 2 0 1 0 11328752  
14 7 0 1 0 11331066  UUUU
14 1 0 1 0 11331343  UUUU
13 7 0 1 0 11333053  
14 5 0 1 0 11333244  UUUU
14 0 0 1 0 11333273  UUUU
13 1 0 1 0 11333288  
14 3 0 1 0 11334552  UUUU
14 4 0 1 0 11334998  UUUU
13 0 0 1 0 11335790  
13 5 0 1 0 11336888  
13 3 0 1 0 11336895  
13 4 0 1 0 11338049  
14 7 0 1 0 11344149  UUUU
14 0 0 1 0 11346566  UUUU
14 6 0 1 0 11347232  UUUU
13 7 0 1 0 11347525  
13 0 0 1 0 11349886  
13 6 0 1 0 11350656  
14 6 0 1 0 11353460  UUUU
13 6 0 1 0 11355657  
14 1 0 1 0 11359717  UUUU
14 5 0 1 0 11361257  UUUU
14 6 0 1 0 11362636  UUUU
13 5 0 1 0 11363907  
13 1 0 1 0 11364704  
13 6 0 1 0 11366252  
14 2 0 1 0 11367405  UUUU
14 4 0 1 0 11372913  UUUU
13 2 0 1 0 11373118  
14 1 0 1 0 11375549  UUUU
13 4 0 1 0 11376847  
13 1 0 1 0 11378113  
14 7 0 1 0 11381492  UUUU
14 3 0 1 0 11383001  UUUU
13 7 0 1 0 11385708  
14 6 0 1 0 11386921  UUUU
13 3 0 1 0 11387262  
14 0 0 1 0 11387449  UUUU
14 7 0 1 0 11391422  UUUU
13 6 0 1 0 11391904  
13 0 0 1 0 11392238  
13 7 0 1 0 11395307  
14 6 0 1 0 11399319  UUUU
14 5 0 1 0 11399455  UUUU
14 0 0 1 0 11400414  UUUU
13 5 0 1 0 11403789  
13 6 0 1 0 11403793  
13 0 0 1 0 11404655  
14 7 0 1 0 11417304  UUUU
14 1 0 1 0 11421272  UUUU
13 7 0 1 0 11422313  
13 1 0 1 0 11426022  
14 7 0 1 0 11429338  UUUU
13 7 0 1 0 11434179  
14 6 0 1 0 11438049  UUUU
14 0 0 1 0 11440962  UUUU
13 6 0 1 0 11441998  
14 2 0 1 0 11442374  UUUU
13 0 0 1 0 11445227  
14 6 0 1 0 11446840  UUUU
13 2 0 1 0 11447401  
13 6 0 1 0 11451175  
14 0 0 1 0 11453189  UUUU
14 2 0 1 0 11455399  UUUU
14 1 0 1 0 11457395  UUUU
13 0 0 1 0 11457691  
13 2 0 1 0 11459622  
13 1 0 1 0 11461698  
14 7 0 1 0 11468537  UUUU
14 6 0 1 0 11473051  UUUU
13 7 0 1 0 11473958  
13 6 0 1 0 11477545  
14 6 0 1 0 11482464  UUUU
14 4 0 1 0 11486158  UUUU
13 6 0 1 0 11486741  
13 4 0 1 0 11492073  
14 0 0 1 0 11495770  UUUU
14 7 0 1 0 11496998  UUUU
14 2 0 1 0 11497051  UUUU
14 4 0 1 0 11499316  UUUU
13 2 0 1 0 11501030  
13 7 0 1 0 11501475  
13 0 0 1 0 11503338  
13 4 0 1 0 11504167  
14 2 0 1 0 11505354  UUUU
14 6 0 1 0 11509261  UUUU
13 2 0 1 0 11509964  
14 5 0 1 0 11515323  UUUU
13 6 0 1 0 11519029  
13 5 0 1 0 11522965  
14 0 0 1 0 11531211  UUUU
14 3 0 1 0 11533764  UUUU
13 0 0 1 0 11535256  
14 2 0 1 0 11535806  UUUU
14 4 0 1 0 11537992  UUUU
13 3 0 1 0 11540500  
13 2 0 1 0 11543339  
13 4 0 1 0 11546307  
14 5 0 1 0 11565175  UUUU
13 5 0 1 0 11572330  
14 6 0 1 0 11578255  UUUU
13 6 0 1 0 11585774  
14 1 0 1 0 11599113  UUUU
13 1 0 1 0 11604121  
14 4 0 1 0 11609187  UUUU
14 3 0 1 0 11610142  UUUU
14 2 0 1 0 11610367  UUUU
14 7 0 1 0 11613910  UUUU
13 4 0 1 0 11616985  
13 2 0 1 0 11617971  
13 3 0 1 0 11620738  
13 7 0 1 0 11623812  
14 6 0 1 0 11626588  UUUU
13 6 0 1 0 11635189  
14 2 0 1 0 11661720  UUUU
14 0 0 1 0 11668214  UUUU
13 2 0 1 0 11669692  
13 0 0 1 0 11675724  
14 4 0 1 0 11680212  UUUU
14 1 0 1 0 11682956  UUUU
14 7 0 1 0 11688327  UUUU
13 4 0 1 0 11689358  
14 2 0 1 0 11716001  UUUU
14 5 0 1 0 11783413  UUUU
14 3 0 1 0 11835440  UUUU
14 6 0 1 0 11844231  UUUU
14 4 0 1 0 11897284  UUUU
14 0 0 1 0 11897303  UUUU
6 2 0 1 0 11903484  UUUU
6 7 0 1 0 11903501  UUUU
6 3 0 1 0 11903506  UUUU
6 4 0 1 0 11903543  UUUU
6 5 0 1 0 11903550  UUUU
6 1 0 1 0 11903621  UUUU
6 6 0 1 0 11903691  UUUU
6 0 0 1 0 11903977  UUUU
5 7 0 1 0 12049782  
5 6 0 1 0 12049822  
5 5 0 1 0 12049830  
5 0 0 1 0 12049835  
5 2 0 1 0 12049889  
5 3 0 1 0 12049921  
5 4 0 1 0 12049940  
5 1 0 1 0 12049953  
13 2 0 1 0 12054632  
13 6 0 1 0 12055185  
13 4 0 1 0 12055482  
13 1 0 1 0 12055827  
13 0 0 1 0 12056189  
13 3 0 1 0 12056247  
13 7 0 1 0 12056301  
13 5 0 1 0 12058417  
14 3 0 1 0 12061149  UUUU
14 5 0 1 0 12061154  UUUU
14 6 0 1 0 12061531  UUUU
14 2 0 1 0 12061792  UUUU
13 5 0 1 0 12061947  
14 1 0 1 0 12062011  UUUU
14 4 0 1 0 12062629  UUUU
13 6 0 1 0 12063640  
13 4 0 1 0 12064506  
13 1 0 1 0 12064776  
13 2 0 1 0 12065088  
14 7 0 1 0 12065101  UUUU
13 3 0 1 0 12066059  
13 7 0 1 0 12066862  
14 5 0 1 0 12072721  UUUU
13 5 0 1 0 12073350  
14 3 0 1 0 12073970  UUUU
13 3 0 1 0 12074406  
14 6 0 1 0 12074546  UUUU
14 4 0 1 0 12075421  UUUU
14 1 0 1 0 12075552  UUUU
13 6 0 1 0 12076751  
13 4 0 1 0 12077517  
14 7 0 1 0 12077600  UUUU
13 1 0 1 0 12077726  
13 7 0 1 0 12079152  
14 5 0 1 0 12080381  UUUU
13 5 0 1 0 12082192  
14 3 0 1 0 12087471  UUUU
14 6 0 1 0 12087734  UUUU
14 4 0 1 0 12088810  UUUU
14 5 0 1 0 12089300  UUUU
14 7 0 1 0 12090305  UUUU
13 3 0 1 0 12090393  
13 6 0 1 0 12091999  
13 4 0 1 0 12092697  
13 5 0 1 0 12093295  
13 7 0 1 0 12093978  
14 2 0 1 0 12098652  UUUU
13 2 0 1 0 12102742  
14 2 0 1 0 12110347  UUUU
13 2 0 1 0 12112896  
14 3 0 1 0 12116015  UUUU
14 0 0 1 0 12116141  UUUU
14 5 0 1 0 12118189  UUUU
14 1 0 1 0 12118619  UUUU
13 0 0 1 0 12120271  
13 3 0 1 0 12120517  
14 0 0 1 0 12122959  UUUU
13 1 0 1 0 12123575  
13 0 0 1 0 12124755  
14 6 0 1 0 12124886  UUUU
14 2 0 1 0 12125154  UUUU
13 5 0 1 0 12125316  
13 2 0 1 0 12127040  
14 4 0 1 0 12128612  UUUU
14 7 0 1 0 12129498  UUUU
13 6 0 1 0 12131973  
14 0 0 1 0 12132291  UUUU
13 4 0 1 0 12133417  
14 1 0 1 0 12133792  UUUU
13 0 0 1 0 12134337  
13 7 0 1 0 12134483  
14 5 0 1 0 12135522  UUUU
13 1 0 1 0 12135610  
14 4 0 1 0 12138453  UUUU
14 2 0 1 0 12138738  UUUU
13 5 0 1 0 12139724  
13 4 0 1 0 12140442  
14 7 0 1 0 12141914  UUUU
14 0 0 1 0 12142770  UUUU
13 2 0 1 0 12142850  
13 7 0 1 0 12143925  
13 0 0 1 0 12146349  
14 4 0 1 0 12147841  UUUU
13 4 0 1 0 12151174  
14 1 0 1 0 12153469  UUUU
14 7 0 1 0 12155029  UUUU
13 1 0 1 0 12155356  
13 7 0 1 0 12158308  
14 3 0 1 0 12161966  UUUU
13 3 0 1 0 12163762  
14 0 0 1 0 12166842  UUUU
13 0 0 1 0 12171114  
14 4 0 1 0 12173759  UUUU
14 5 0 1 0 12177443  UUUU
13 4 0 1 0 12177465  
14 2 0 1 0 12177835  UUUU
14 0 0 1 0 12179093  UUUU
13 0 0 1 0 12181102  
13 2 0 1 0 12181356  
13 5 0 1 0 12182602  
14 4 0 1 0 12186012  UUUU
14 2 0 1 0 12186887  UUUU
13 4 0 1 0 12188087  
13 2 0 1 0 12189240  
14 6 0 1 0 12191742  UUUU
14 0 0 1 0 12192150  UUUU
14 7 0 1 0 12194030  UUUU
13 6 0 1 0 12196366  
13 0 0 1 0 12196868  
14 1 0 1 0 12197070  UUUU
14 2 0 1 0 12197523  UUUU
13 7 0 1 0 12199186  
14 4 0 1 0 12200140  UUUU
13 2 0 1 0 12200710  
14 6 0 1 0 12203736  UUUU
13 1 0 1 0 12203746  
13 4 0 1 0 12204940  
13 6 0 1 0 12205598  
14 7 0 1 0 12206869  UUUU
13 7 0 1 0 12209258  
14 5 0 1 0 12210851  UUUU
13 5 0 1 0 12212770  
14 3 0 1 0 12214041  UUUU
13 3 0 1 0 12215180  
14 6 0 1 0 12216951  UUUU
14 7 0 1 0 12220013  UUUU
13 6 0 1 0 12220589  
13 7 0 1 0 12224065  
14 2 0 1 0 12226489  UUUU
13 2 0 1 0 12230337  
14 1 0 1 0 12231058  UUUU
14 0 0 1 0 12232461  UUUU
13 1 0 1 0 12233248  
14 2 0 1 0 12234052  UUUU
13 2 0 1 0 12236112  
13 0 0 1 0 12237737  
14 4 0 1 0 12240451  UUUU
14 2 0 1 0 12243536  UUUU
14 0 0 1 0 12244540  UUUU
13 2 0 1 0 12246839  
13 4 0 1 0 12247624  
13 0 0 1 0 12248423  
14 5 0 1 0 12251619  UUUU
14 6 0 1 0 12253692  UUUU
13 5 0 1 0 12255543  
13 6 0 1 0 12258542  
14 7 0 1 0 12259370  UUUU
14 6 0 1 0 12263668  UUUU
13 7 0 1 0 12263838  
14 3 0 1 0 12266112  UUUU
13 6 0 1 0 12267675  
13 3 0 1 0 12269711  
14 2 0 1 0 12271157  UUUU
14 7 0 1 0 12271305  UUUU
13 7 0 1 0 12275236  
13 2 0 1 0 12275669  
14 1 0 1 0 12281233  UUUU
14 2 0 1 0 12283738  UUUU
13 1 0 1 0 12283948  
14 0 0 1 0 12286807  UUUU
13 2 0 1 0 12287426  
14 6 0 1 0 12289491  UUUU
13 0 0 1 0 12292173  
13 6 0 1 0 12294414  
14 0 0 1 0 12299260  UUUU
13 0 0 1 0 12303037  
14 4 0 1 0 12306699  UUUU
14 7 0 1 0 12309932  UUUU
13 4 0 1 0 12311860  
13 7 0 1 0 12314413  
14 6 0 1 0 12316731  UUUU
14 4 0 1 0 12317039  UUUU
13 4 0 1 0 12321537  
13 6 0 1 0 12321575  
14 7 0 1 0 12322083  UUUU
13 7 0 1 0 12326385  
14 2 0 1 0 12328367  UUUU
13 2 0 1 0 12332316  
14 2 0 1 0 12339564  UUUU
14 0 0 1 0 12340910  UUUU
13 2 0 1 0 12343552  
14 4 0 1 0 12343591  UUUU
13 0 0 1 0 12346150  
13 4 0 1 0 12348174  
14 4 0 1 0 12353079  UUUU
13 4 0 1 0 12357318  
14 7 0 1 0 12361095  UUUU
13 7 0 1 0 12366402  
14 5 0 1 0 12368154  UUUU
14 0 0 1 0 12370158  UUUU
13 0 0 1 0 12373751  
14 7 0 1 0 12373989  UUUU
13 5 0 1 0 12374085  
13 7 0 1 0 12378691  
14 4 0 1 0 12379009  UUUU
14 2 0 1 0 12384540  UUUU
13 4 0 1 0 12385221  
14 4 0 1 0 12388291  UUUU
13 2 0 1 0 12391379  
13 4 0 1 0 12394793  
14 5 0 1 0 12396477  UUUU
13 5 0 1 0 12401161  
14 7 0 1 0 12412339  UUUU
14 3 0 1 0 12414138  UUUU
14 4 0 1 0 12415403  UUUU
13 7 0 1 0 12419141  
13 3 0 1 0 12421548  
13 4 0 1 0 12422420  
14 1 0 1 0 12429399  UUUU
14 6 0 1 0 12430453  UUUU
13 6 0 1 0 12438189  
13 1 0 1 0 12438235  
14 2 0 1 0 12457827  UUUU
14 7 0 1 0 12461716  UUUU
13 2 0 1 0 12464621  
13 7 0 1 0 12468920  
14 4 0 1 0 12485691  UUUU
14 3 0 1 0 12491534  UUUU
13 4 0 1 0 12494852  
13 3 0 1 0 12499675  
14 0 0 1 0 12506877  UUUU
14 2 0 1 0 12509562  UUUU
14 5 0 1 0 12512862  UUUU
14 1 0 1 0 12515546  UUUU
13 0 0 1 0 12518339  
13 2 0 1 0 12518855  
13 5 0 1 0 12521235  
13 1 0 1 0 12524695  
14 7 0 1 0 12534024  UUUU
13 7 0 1 0 12544975  
14 4 0 1 0 12558313  UUUU
13 4 0 1 0 12567645  
14 1 0 1 0 12569052  UUUU
14 0 0 1 0 12571293  UUUU
14 2 0 1 0 12589858  UUUU
14 6 0 1 0 12648841  UUUU
14 3 0 1 0 12714894  UUUU
14 5 0 1 0 12730433  UUUU
14 7 0 1 0 12756313  UUUU
14 4 0 1 0 12774892  UUUU
6 7 0 1 0 12779496  UUUU
6 3 0 1 0 12779498  UUUU
6 5 0 1 0 12779540  UUUU
6 1 0 1 0 12779553  UUUU
6 2 0 1 0 12779581  UUUU
6 6 0 1 0 12779665  UUUU
6 4 0 1 0 12779679  UUUU
6 0 0 1 0 12780002  UUUU
5 7 0 1 0 12932723  
5 4 0 1 0 12932760  
5 0 0 1 0 12932768  
5 1 0 1 0 12932775  
5 2 0 1 0 12932817  
5 3 0 1 0 12932848  
5 6 0 1 0 12932886  
5 5 0 1 0 12932925  
13 3 0 1 0 12936184  
13 4 0 1 0 12936846  
13 0 0 1 0 12936914  
13 2 0 1 0 12937022  
13 1 0 1 0 12937047  
13 5 0 1 0 12938203  
13 6 0 1 0 12938692  
13 7 0 1 0 12939011  
14 1 0 1 0 12940248  UUUU
13 1 0 1 0 12942000  
14 0 0 1 0 12942352  UUUU
14 4 0 1 0 12943097  UUUU
14 2 0 1 0 12944043  UUUU
13 0 0 1 0 12944434  
13 4 0 1 0 12945125  
13 2 0 1 0 12945757  
14 3 0 1 0 12946421  UUUU
14 7 0 1 0 12946473  UUUU
13 7 0 1 0 12948431  
13 3 0 1 0 12949826  
14 5 0 1 0 12950131  UUUU
14 1 0 1 0 12950740  UUUU
13 5 0 1 0 12950749  
13 1 0 1 0 12952422  
14 0 0 1 0 12952422  UUUU
13 0 0 1 0 12954207  
14 4 0 1 0 12956055  UUUU
14 2 0 1 0 12957334  UUUU
13 4 0 1 0 12957959  
14 7 0 1 0 12959164  UUUU
13 7 0 1 0 12961178  
13 2 0 1 0 12961282  
14 1 0 1 0 12961358  UUUU
14 0 0 1 0 12961385  UUUU
14 5 0 1 0 12962825  UUUU
13 1 0 1 0 12964346  
13 5 0 1 0 12964548  
13 0 0 1 0 12965158  
14 4 0 1 0 12968929  UUUU
14 7 0 1 0 12972282  UUUU
13 4 0 1 0 12972720  
14 1 0 1 0 12974837  UUUU
14 5 0 1 0 12975655  UUUU
13 7 0 1 0 12976010  
13 1 0 1 0 12977362  
13 5 0 1 0 12979142  
14 0 0 1 0 12986703  UUUU
13 0 0 1 0 12991494  
14 2 0 1 0 12995100  UUUU
14 6 0 1 0 12997921  UUUU
14 3 0 1 0 12998180  UUUU
14 0 0 1 0 12999975  UUUU
13 2 0 1 0 13000255  
13 0 0 1 0 13002095  
13 6 0 1 0 13002398  
13 3 0 1 0 13002916  
14 1 0 1 0 13003231  UUUU
14 6 0 1 0 13005117  UUUU
13 6 0 1 0 13007259  
14 4 0 1 0 13009156  UUUU
14 7 0 1 0 13012307  UUUU
14 0 0 1 0 13013667  UUUU
14 6 0 1 0 13014364  UUUU
13 1 0 1 0 13015018  
13 4 0 1 0 13015438  
13 0 0 1 0 13015779  
13 7 0 1 0 13016015  
13 6 0 1 0 13016519  
14 3 0 1 0 13016631  UUUU
13 3 0 1 0 13017064  
14 7 0 1 0 13020918  UUUU
14 1 0 1 0 13021227  UUUU
14 5 0 1 0 13022512  UUUU
13 7 0 1 0 13022923  
14 6 0 1 0 13023518  UUUU
13 5 0 1 0 13024148  
13 1 0 1 0 13025797  
14 2 0 1 0 13026723  UUUU
13 6 0 1 0 13027075  
14 0 0 1 0 13027434  UUUU
13 2 0 1 0 13028772  
14 7 0 1 0 13030493  UUUU
13 0 0 1 0 13031157  
14 5 0 1 0 13032538  UUUU
13 7 0 1 0 13034099  
13 5 0 1 0 13034594  
14 3 0 1 0 13035404  UUUU
13 3 0 1 0 13037426  
14 5 0 1 0 13046158  UUUU
14 6 0 1 0 13047860  UUUU
13 5 0 1 0 13049636  
13 6 0 1 0 13052419  
14 7 0 1 0 13056083  UUUU
14 6 0 1 0 13059476  UUUU
13 7 0 1 0 13060326  
13 6 0 1 0 13061402  
14 2 0 1 0 13064483  UUUU
14 0 0 1 0 13064633  UUUU
13 2 0 1 0 13065906  
14 7 0 1 0 13068079  UUUU
14 1 0 1 0 13068741  UUUU
13 0 0 1 0 13069520  
13 7 0 1 0 13070118  
14 6 0 1 0 13072372  UUUU
13 1 0 1 0 13072606  
13 6 0 1 0 13075570  
14 4 0 1 0 13076889  UUUU
14 1 0 1 0 13080511  UUUU
14 7 0 1 0 13081364  UUUU
13 4 0 1 0 13081599  
13 1 0 1 0 13082575  
13 7 0 1 0 13085492  
14 3 0 1 0 13087750  UUUU
14 4 0 1 0 13088777  UUUU
13 4 0 1 0 13090949  
14 1 0 1 0 13091762  UUUU
14 0 0 1 0 13093286  UUUU
13 1 0 1 0 13093748  
13 3 0 1 0 13094419  
14 5 0 1 0 13094686  UUUU
13 0 0 1 0 13095293  
13 5 0 1 0 13098514  
14 3 0 1 0 13103482  UUUU
14 4 0 1 0 13103756  UUUU
13 3 0 1 0 13104503  
14 2 0 1 0 13104524  UUUU
13 4 0 1 0 13107129  
13 2 0 1 0 13107752  
14 6 0 1 0 13108453  UUUU
13 6 0 1 0 13112406  
14 6 0 1 0 13115113  UUUU
13 6 0 1 0 13117093  
14 3 0 1 0 13119330  UUUU
14 7 0 1 0 13120686  UUUU
14 1 0 1 0 13122681  UUUU
13 3 0 1 0 13123107  
14 5 0 1 0 13123884  UUUU
14 6 0 1 0 13124279  UUUU
13 7 0 1 0 13124669  
13 5 0 1 0 13126314  
13 6 0 1 0 13127769  
13 1 0 1 0 13129134  
14 7 0 1 0 13131321  UUUU
14 0 0 1 0 13132437  UUUU
13 7 0 1 0 13135476  
13 0 0 1 0 13136066  
14 4 0 1 0 13141114  UUUU
13 4 0 1 0 13145567  
14 6 0 1 0 13148429  UUUU
14 4 0 1 0 13150773  UUUU
13 6 0 1 0 13152926  
13 4 0 1 0 13154972  
14 6 0 1 0 13160750  UUUU
14 5 0 1 0 13161328  UUUU
13 6 0 1 0 13164874  
13 5 0 1 0 13165657  
14 7 0 1 0 13169476  UUUU
14 3 0 1 0 13169792  UUUU
13 3 0 1 0 13173098  
13 7 0 1 0 13174251  
14 4 0 1 0 13176934  UUUU
13 4 0 1 0 13181630  
14 7 0 1 0 13182138  UUUU
14 3 0 1 0 13182885  UUUU
13 7 0 1 0 13185860  
13 3 0 1 0 13186624  
14 6 0 1 0 13199106  UUUU
14 1 0 1 0 13202935  UUUU
13 6 0 1 0 13203288  
14 4 0 1 0 13204021  UUUU
14 6 0 1 0 13208126  UUUU
13 1 0 1 0 13208507  
13 4 0 1 0 13208623  
13 6 0 1 0 13212330  
14 1 0 1 0 13217739  UUUU
14 7 0 1 0 13220341  UUUU
13 1 0 1 0 13220519  
13 7 0 1 0 13225615  
14 3 0 1 0 13228464  UUUU
13 3 0 1 0 13232064  
14 7 0 1 0 13233083  UUUU
14 2 0 1 0 13233995  UUUU
14 6 0 1 0 13234373  UUUU
13 7 0 1 0 13238595  
13 6 0 1 0 13238838  
13 2 0 1 0 13238978  
14 6 0 1 0 13243752  UUUU
14 2 0 1 0 13246535  UUUU
13 6 0 1 0 13247762  
13 2 0 1 0 13250893  
14 0 0 1 0 13260231  UUUU
14 3 0 1 0 13261591  UUUU
14 1 0 1 0 13266291  UUUU
13 3 0 1 0 13266651  
13 0 0 1 0 13267710  
14 6 0 1 0 13269644  UUUU
14 7 0 1 0 13272180  UUUU
13 1 0 1 0 13273247  
14 5 0 1 0 13277964  UUUU
13 7 0 1 0 13278970  
14 1 0 1 0 13279445  UUUU
13 6 0 1 0 13279805  
13 5 0 1 0 13285098  
13 1 0 1 0 13285130  
14 2 0 1 0 13293018  UUUU
14 0 0 1 0 13298160  UUUU
13 2 0 1 0 13299694  
13 0 0 1 0 13301746  
14 1 0 1 0 13309277  UUUU
13 1 0 1 0 13315985  
14 4 0 1 0 13318750  UUUU
14 7 0 1 0 13321019  UUUU
13 4 0 1 0 13327155  
13 7 0 1 0 13328088  
14 6 0 1 0 13338338  UUUU
13 6 0 1 0 13345831  
14 5 0 1 0 13350612  UUUU
13 5 0 1 0 13359914  
14 2 0 1 0 13369186  UUUU
14 7 0 1 0 13369194  UUUU
13 7 0 1 0 13376455  
13 2 0 1 0 13377431  
14 1 0 1 0 13392201  UUUU
14 3 0 1 0 13397444  UUUU
13 1 0 1 0 13398081  
13 3 0 1 0 13405529  
14 6 0 1 0 13408995  UUUU
14 7 0 1 0 13418899  UUUU
13 6 0 1 0 13420306  
14 5 0 1 0 13425449  UUUU
13 5 0 1 0 13438138  
13 7 0 1 0 13439683  
14 0 0 1 0 13449906  UUUU
14 6 0 1 0 13462572  UUUU
14 1 0 1 0 13472134  UUUU
14 4 0 1 0 13538846  UUUU
14 2 0 1 0 13601847  UUUU
14 3 0 1 0 13619154  UUUU
14 5 0 1 0 13646408  UUUU
14 7 0 1 0 13652859  UUUU
6 2 0 1 0 13656680  UUUU
6 7 0 1 0 13656715  UUUU
6 3 0 1 0 13656733  UUUU
6 4 0 1 0 13656773  UUUU
6 6 0 1 0 13656773  UUUU
6 1 0 1 0 13656918  UUUU
6 5 0 1 0 13656919  UUUU
6 0 0 1 0 13657116  UUUU
5 7 0 1 0 13823449  
5 5 0 1 0 13823484  
5 0 0 1 0 13823485  
5 6 0 1 0 13823485  
5 2 0 1 0 13823526  
5 3 0 1 0 13823584  
5 4 0 1 0 13823638  
5 1 0 1 0 13823667  
13 2 0 1 0 13827664  
13 4 0 1 0 13828149  
13 0 0 1 0 13828308  
13 6 0 1 0 13828360  
13 1 0 1 0 13828769  
13 3 0 1 0 13829397  
13 7 0 1 0 13829947  
13 5 0 1 0 13831528  
14 0 0 1 0 13833263  UUUU
14 6 0 1 0 13834719  UUUU
14 2 0 1 0 13834886  UUUU
14 1 0 1 0 13835101  UUUU
14 4 0 1 0 13835202  UUUU
13 0 0 1 0 13835331  
13 6 0 1 0 13836350  
14 5 0 1 0 13836396  UUUU
13 4 0 1 0 13837280  
13 5 0 1 0 13837869  
13 2 0 1 0 13837900  
13 1 0 1 0 13838158  
14 7 0 1 0 13838521  UUUU
13 7 0 1 0 13840570  
14 0 0 1 0 13842947  UUUU
13 0 0 1 0 13844544  
14 5 0 1 0 13845950  UUUU
13 5 0 1 0 13846585  
14 6 0 1 0 13847235  UUUU
14 4 0 1 0 13848210  UUUU
14 2 0 1 0 13849188  UUUU
13 6 0 1 0 13849225  
13 4 0 1 0 13850260  
14 7 0 1 0 13851311  UUUU
14 0 0 1 0 13851710  UUUU
13 2 0 1 0 13852447  
13 7 0 1 0 13853164  
14 5 0 1 0 13853647  UUUU
13 0 0 1 0 13855291  
13 5 0 1 0 13855752  
14 6 0 1 0 13860201  UUUU
14 4 0 1 0 13861218  UUUU
14 5 0 1 0 13862852  UUUU
13 6 0 1 0 13863536  
14 7 0 1 0 13864265  UUUU
13 4 0 1 0 13864517  
13 5 0 1 0 13866572  
13 7 0 1 0 13867817  
14 0 0 1 0 13876830  UUUU
13 0 0 1 0 13880890  
14 1 0 1 0 13881058  UUUU
13 1 0 1 0 13885261  
14 0 0 1 0 13888842  UUUU
13 0 0 1 0 13891299  
14 5 0 1 0 13891491  UUUU
13 5 0 1 0 13893322  
14 2 0 1 0 13894720  UUUU
14 5 0 1 0 13896011  UUUU
14 6 0 1 0 13896413  UUUU
13 5 0 1 0 13898104  
13 2 0 1 0 13899115  
14 4 0 1 0 13900421  UUUU
13 6 0 1 0 13901600  
14 0 0 1 0 13902371  UUUU
14 7 0 1 0 13903686  UUUU
13 0 0 1 0 13904711  
13 7 0 1 0 13907188  
14 2 0 1 0 13907240  UUUU
13 4 0 1 0 13907272  
14 6 0 1 0 13907907  UUUU
14 5 0 1 0 13908799  UUUU
13 2 0 1 0 13909075  
13 5 0 1 0 13910424  
14 7 0 1 0 13912095  UUUU
13 6 0 1 0 13912449  
13 7 0 1 0 13913973  
14 1 0 1 0 13915474  UUUU
14 0 0 1 0 13916990  UUUU
13 1 0 1 0 13918221  
14 5 0 1 0 13918360  UUUU
13 0 0 1 0 13921241  
14 2 0 1 0 13921443  UUUU
14 7 0 1 0 13921450  UUUU
13 5 0 1 0 13921603  
14 3 0 1 0 13923632  UUUU
13 7 0 1 0 13925043  
13 2 0 1 0 13925304  
13 3 0 1 0 13928755  
14 3 0 1 0 13936129  UUUU
13 3 0 1 0 13936661  
14 5 0 1 0 13945335  UUUU
14 6 0 1 0 13945539  UUUU
13 5 0 1 0 13947312  
14 7 0 1 0 13947618  UUUU
14 3 0 1 0 13950062  UUUU
13 6 0 1 0 13950310  
13 7 0 1 0 13951628  
13 3 0 1 0 13952274  
14 0 0 1 0 13956559  UUUU
14 5 0 1 0 13956916  UUUU
14 6 0 1 0 13957848  UUUU
13 5 0 1 0 13959685  
13 6 0 1 0 13960277  
13 0 0 1 0 13960541  
14 2 0 1 0 13960736  UUUU
13 2 0 1 0 13964135  
14 1 0 1 0 13964868  UUUU
14 0 0 1 0 13965445  UUUU
13 1 0 1 0 13966956  
13 0 0 1 0 13967518  
14 4 0 1 0 13969523  UUUU
14 6 0 1 0 13971206  UUUU
14 2 0 1 0 13972340  UUUU
13 4 0 1 0 13974362  
13 2 0 1 0 13974445  
14 7 0 1 0 13975000  UUUU
14 5 0 1 0 13975215  UUUU
13 6 0 1 0 13976181  
14 0 0 1 0 13976420  UUUU
13 7 0 1 0 13977228  
13 5 0 1 0 13978830  
13 0 0 1 0 13979878  
14 4 0 1 0 13981946  UUUU
13 4 0 1 0 13983986  
14 2 0 1 0 13987886  UUUU
13 2 0 1 0 13991340  
14 4 0 1 0 13994977  UUUU
13 4 0 1 0 13999184  
14 3 0 1 0 14001173  UUUU
14 0 0 1 0 14002282  UUUU
13 3 0 1 0 14005715  
13 0 0 1 0 14006329  
14 0 0 1 0 14009020  UUUU
14 6 0 1 0 14010055  UUUU
13 0 0 1 0 14011315  
14 7 0 1 0 14012249  UUUU
13 6 0 1 0 14014064  
14 1 0 1 0 14015218  UUUU
14 5 0 1 0 14015472  UUUU
13 7 0 1 0 14015837  
13 1 0 1 0 14019101  
14 6 0 1 0 14020324  UUUU
14 0 0 1 0 14020369  UUUU
13 5 0 1 0 14021927  
13 6 0 1 0 14024428  
13 0 0 1 0 14025218  
14 2 0 1 0 14027835  UUUU
13 2 0 1 0 14031864  
14 4 0 1 0 14034601  UUUU
14 2 0 1 0 14038382  UUUU
13 4 0 1 0 14038905  
13 2 0 1 0 14041620  
14 3 0 1 0 14042549  UUUU
13 3 0 1 0 14043540  
14 4 0 1 0 14046462  UUUU
14 0 0 1 0 14046704  UUUU
13 4 0 1 0 14051124  
13 0 0 1 0 14051186  
14 6 0 1 0 14057253  UUUU
14 0 0 1 0 14059487  UUUU
13 6 0 1 0 14062751  
13 0 0 1 0 14063189  
14 2 0 1 0 14066837  UUUU
14 6 0 1 0 14069843  UUUU
13 2 0 1 0 14070221  
13 6 0 1 0 14075053  
14 5 0 1 0 14082216  UUUU
14 4 0 1 0 14085605  UUUU
13 5 0 1 0 14086826  
13 4 0 1 0 14090047  
14 3 0 1 0 14090478  UUUU
14 5 0 1 0 14092111  UUUU
13 3 0 1 0 14093548  
14 2 0 1 0 14095959  UUUU
13 5 0 1 0 14096330  
14 4 0 1 0 14097667  UUUU
13 2 0 1 0 14099732  
13 4 0 1 0 14101810  
14 0 0 1 0 14104377  UUUU
14 6 0 1 0 14108119  UUUU
13 0 0 1 0 14109949  
13 6 0 1 0 14113395  
14 0 0 1 0 14117452  UUUU
14 5 0 1 0 14118624  UUUU
13 0 0 1 0 14121517  
13 5 0 1 0 14122847  
14 5 0 1 0 14127828  UUUU
14 7 0 1 0 14128573  UUUU
13 5 0 1 0 14132543  
13 7 0 1 0 14134124  
14 6 0 1 0 14135708  UUUU
14 4 0 1 0 14135975  UUUU
13 6 0 1 0 14140789  
14 7 0 1 0 14141571  UUUU
13 4 0 1 0 14141773  
13 7 0 1 0 14146404  
14 5 0 1 0 14154426  UUUU
14 0 0 1 0 14158890  UUUU
13 5 0 1 0 14161045  
14 5 0 1 0 14163743  UUUU
14 4 0 1 0 14164028  UUUU
13 0 0 1 0 14166913  
13 4 0 1 0 14168806  
13 5 0 1 0 14169475  
14 1 0 1 0 14169925  UUUU
13 1 0 1 0 14175824  
14 7 0 1 0 14180563  UUUU
13 7 0 1 0 14187754  
14 5 0 1 0 14190748  UUUU
13 5 0 1 0 14197526  
14 1 0 1 0 14221194  UUUU
13 1 0 1 0 14228462  
14 2 0 1 0 14228902  UUUU
14 3 0 1 0 14230209  UUUU
13 2 0 1 0 14235034  
13 3 0 1 0 14236895  
14 0 0 1 0 14239231  UUUU
13 0 0 1 0 14246593  
14 6 0 1 0 14250707  UUUU
14 7 0 1 0 14252584  UUUU
13 6 0 1 0 14259089  
13 7 0 1 0 14261143  
14 5 0 1 0 14263257  UUUU
13 5 0 1 0 14269380  
14 4 0 1 0 14278370  UUUU
14 3 0 1 0 14287869  UUUU
13 4 0 1 0 14288160  
13 3 0 1 0 14295343  
14 1 0 1 0 14309777  UUUU
14 5 0 1 0 14310446  UUUU
13 1 0 1 0 14318465  
13 5 0 1 0 14321876  
14 6 0 1 0 14322019  UUUU
13 6 0 1 0 14331911  
14 0 0 1 0 14332236  UUUU
14 4 0 1 0 14351295  UUUU
14 1 0 1 0 14363188  UUUU
14 2 0 1 0 14461686  UUUU
14 7 0 1 0 14476820  UUUU
14 3 0 1 0 14506097  UUUU
14 5 0 1 0 14531055  UUUU
14 6 0 1 0 14541668  UUUU
6 3 0 1 0 14546133  UUUU
6 7 0 1 0 14546140  UUUU
6 6 0 1 0 14546151  UUUU
6 5 0 1 0 14546164  UUUU
6 1 0 1 0 14546175  UUUU
6 2 0 1 0 14546182  UUUU
6 4 0 1 0 14546370  UUUU
6 0 0 1 0 14546614  UUUU
10 2 0 1 0 14685398  CDT
11 2 0 1 0 14685445  CDT
10 7 0 1 0 14685461  CDT
10 6 0 1 0 14685480  CDT
10 5 0 1 0 14685483  CDT
10 4 0 1 0 14685487  CDT
11 7 0 1 0 14685508  CDT
11 6 0 1 0 14685526  CDT
11 5 0 1 0 14685530  CDT
11 4 0 1 0 14685535  CDT
10 3 0 1 0 14685602  CDT
10 1 0 1 0 14685616  CDT
11 3 0 1 0 14685651  CDT
11 1 0 1 0 14685665  CDT
10 0 0 1 0 14685828  CDT
11 0 0 1 0 14685877  CDT
12 2 0 1 0 14696908  CDT
12 3 0 1 0 14696981  CDT
12 4 0 1 0 14696997  CDT
12 1 0 1 0 14696999  CDT
12 0 0 1 0 14697211  CDT
12 6 0 1 0 14697332  CDT
12 5 0 1 0 14697349  CDT
12 7 0 1 0 14697357  CDT
5 3 0 1 0 14733931  
5 7 0 1 0 14733948  
5 0 0 1 0 14733961  
5 6 0 1 0 14733968  
5 4 0 1 0 14733973  
5 5 0 1 0 14733973  
5 2 0 1 0 14733977  
5 1 0 1 0 14734094  
13 1 0 1 0 14738479  
13 4 0 1 0 14738502  
13 5 0 1 0 14738982  
13 6 0 1 0 14739332  
13 7 0 1 0 14739630  
13 0 0 1 0 14739810  
13 2 0 1 0 14739893  
13 3 0 1 0 14740418  
14 5 0 1 0 14741769  UUUU
13 5 0 1 0 14743697  
14 2 0 1 0 14744827  UUUU
14 4 0 1 0 14744942  UUUU
14 6 0 1 0 14745847  UUUU
13 2 0 1 0 14746991  
13 4 0 1 0 14747134  
14 7 0 1 0 14747168  UUUU
13 6 0 1 0 14747377  
14 0 0 1 0 14747839  UUUU
13 7 0 1 0 14749022  
13 0 0 1 0 14749643  
14 5 0 1 0 14750819  UUUU
13 5 0 1 0 14752596  
14 3 0 1 0 14754138  UUUU
14 2 0 1 0 14754432  UUUU
13 3 0 1 0 14754568  
13 2 0 1 0 14756134  
14 6 0 1 0 14758521  UUUU
14 5 0 1 0 14759766  UUUU
14 7 0 1 0 14759909  UUUU
14 0 0 1 0 14760454  UUUU
13 6 0 1 0 14760873  
13 5 0 1 0 14761960  
13 7 0 1 0 14761986  
13 0 0 1 0 14762126  
14 2 0 1 0 14763625  UUUU
13 2 0 1 0 14765749  
14 3 0 1 0 14767583  UUUU
13 3 0 1 0 14769145  
14 5 0 1 0 14769173  UUUU
13 5 0 1 0 14771367  
14 0 0 1 0 14772997  UUUU
14 7 0 1 0 14773267  UUUU
13 0 0 1 0 14775520  
13 7 0 1 0 14775835  
14 3 0 1 0 14780054  UUUU
14 4 0 1 0 14780332  UUUU
13 3 0 1 0 14783328  
13 4 0 1 0 14783823  
14 2 0 1 0 14789000  UUUU
14 4 0 1 0 14791527  UUUU
13 2 0 1 0 14791743  
14 5 0 1 0 14792528  UUUU
13 4 0 1 0 14793236  
14 6 0 1 0 14794197  UUUU
13 5 0 1 0 14796586  
13 6 0 1 0 14798334  
14 5 0 1 0 14799413  UUUU
13 5 0 1 0 14801180  
14 4 0 1 0 14804712  UUUU
14 6 0 1 0 14804808  UUUU
13 4 0 1 0 14806619  
13 6 0 1 0 14806981  
14 5 0 1 0 14808344  UUUU
14 0 0 1 0 14809332  UUUU
13 5 0 1 0 14810539  
14 7 0 1 0 14811565  UUUU
13 0 0 1 0 14813825  
13 7 0 1 0 14816693  
14 2 0 1 0 14816745  UUUU
14 5 0 1 0 14817745  UUUU
14 4 0 1 0 14817818  UUUU
14 6 0 1 0 14818162  UUUU
13 2 0 1 0 14818543  
13 5 0 1 0 14820418  
13 4 0 1 0 14821025  
13 6 0 1 0 14821182  
14 0 0 1 0 14821761  UUUU
13 0 0 1 0 14823354  
14 1 0 1 0 14828314  UUUU
14 3 0 1 0 14829364  UUUU
13 3 0 1 0 14831163  
13 1 0 1 0 14833902  
14 1 0 1 0 14838749  UUUU
13 1 0 1 0 14839359  
14 3 0 1 0 14841255  UUUU
14 5 0 1 0 14841712  UUUU
13 3 0 1 0 14843548  
13 5 0 1 0 14845748  
14 1 0 1 0 14848429  UUUU
13 1 0 1 0 14848981  
14 5 0 1 0 14853103  UUUU
14 2 0 1 0 14854213  UUUU
13 5 0 1 0 14854753  
14 6 0 1 0 14854926  UUUU
14 4 0 1 0 14855168  UUUU
13 2 0 1 0 14856719  
14 0 0 1 0 14858135  UUUU
13 6 0 1 0 14859463  
13 4 0 1 0 14860257  
13 0 0 1 0 14862137  
14 3 0 1 0 14862897  UUUU
13 3 0 1 0 14864942  
14 5 0 1 0 14866205  UUUU
14 0 0 1 0 14867079  UUUU
14 6 0 1 0 14867123  UUUU
13 5 0 1 0 14868472  
13 6 0 1 0 14869058  
13 0 0 1 0 14869091  
14 0 0 1 0 14876444  UUUU
14 7 0 1 0 14877542  UUUU
13 0 0 1 0 14879553  
14 6 0 1 0 14880198  UUUU
13 7 0 1 0 14881762  
13 6 0 1 0 14882529  
14 4 0 1 0 14882893  UUUU
14 1 0 1 0 14884120  UUUU
13 4 0 1 0 14885058  
13 1 0 1 0 14887667  
14 7 0 1 0 14889195  UUUU
13 7 0 1 0 14891056  
14 2 0 1 0 14896026  UUUU
14 1 0 1 0 14897470  UUUU
13 1 0 1 0 14899294  
13 2 0 1 0 14899309  
14 5 0 1 0 14901937  UUUU
14 7 0 1 0 14902274  UUUU
14 0 0 1 0 14904218  UUUU
13 7 0 1 0 14905395  
13 5 0 1 0 14906917  
13 0 0 1 0 14908478  
14 3 0 1 0 14910257  UUUU
14 0 0 1 0 14911174  UUUU
13 0 0 1 0 14912770  
13 3 0 1 0 14914482  
14 1 0 1 0 14916468  UUUU
14 6 0 1 0 14916928  UUUU
13 1 0 1 0 14918728  
14 4 0 1 0 14919985  UUUU
14 3 0 1 0 14921498  UUUU
13 6 0 1 0 14922426  
13 4 0 1 0 14922923  
13 3 0 1 0 14923596  
14 0 0 1 0 14923745  UUUU
13 0 0 1 0 14925858  
14 5 0 1 0 14929775  UUUU
13 5 0 1 0 14932007  
14 7 0 1 0 14938936  UUUU
13 7 0 1 0 14943084  
14 0 0 1 0 14947382  UUUU
14 7 0 1 0 14947958  UUUU
13 7 0 1 0 14950400  
13 0 0 1 0 14951270  
14 0 0 1 0 14958790  UUUU
14 3 0 1 0 14959613  UUUU
13 0 0 1 0 14960418  
13 3 0 1 0 14963256  
14 5 0 1 0 14966747  UUUU
14 1 0 1 0 14968670  UUUU
13 5 0 1 0 14969406  
14 3 0 1 0 14971349  UUUU
13 1 0 1 0 14971388  
14 7 0 1 0 14972920  UUUU
13 3 0 1 0 14973887  
13 7 0 1 0 14976526  
14 6 0 1 0 14981362  UUUU
14 1 0 1 0 14982239  UUUU
13 1 0 1 0 14984598  
13 6 0 1 0 14985769  
14 6 0 1 0 14990768  UUUU
13 6 0 1 0 14993214  
14 7 0 1 0 14999950  UUUU
13 7 0 1 0 15002776  
14 0 0 1 0 15004771  UUUU
13 0 0 1 0 15008663  
14 3 0 1 0 15009904  UUUU
13 3 0 1 0 15014140  
14 6 0 1 0 15015261  UUUU
14 2 0 1 0 15015386  UUUU
13 6 0 1 0 15019228  
13 2 0 1 0 15019756  
14 0 0 1 0 15020511  UUUU
13 0 0 1 0 15021995  
14 3 0 1 0 15022675  UUUU
13 3 0 1 0 15024713  
14 2 0 1 0 15024903  UUUU
13 2 0 1 0 15027286  
14 4 0 1 0 15032664  UUUU
14 1 0 1 0 15032665  UUUU
13 1 0 1 0 15036405  
13 4 0 1 0 15037611  
14 6 0 1 0 15042530  UUUU
13 6 0 1 0 15045252  
14 1 0 1 0 15045781  UUUU
13 1 0 1 0 15047628  
14 2 0 1 0 15050605  UUUU
13 2 0 1 0 15055131  
14 2 0 1 0 15058166  UUUU
14 3 0 1 0 15058657  UUUU
14 4 0 1 0 15060107  UUUU
13 2 0 1 0 15060429  
13 4 0 1 0 15063006  
13 3 0 1 0 15064043  
14 0 0 1 0 15071469  UUUU
13 0 0 1 0 15076088  
14 5 0 1 0 15079601  UUUU
14 2 0 1 0 15081433  UUUU
13 5 0 1 0 15085418  
13 2 0 1 0 15086460  
14 1 0 1 0 15090625  UUUU
13 1 0 1 0 15094286  
14 7 0 1 0 15115283  UUUU
13 7 0 1 0 15120867  
14 3 0 1 0 15124246  UUUU
14 0 0 1 0 15129133  UUUU
13 3 0 1 0 15129896  
13 0 0 1 0 15134219  
14 5 0 1 0 15149861  UUUU
14 2 0 1 0 15151404  UUUU
14 6 0 1 0 15154896  UUUU
13 5 0 1 0 15157162  
13 2 0 1 0 15158852  
13 6 0 1 0 15160362  
14 1 0 1 0 15171239  UUUU
14 3 0 1 0 15172356  UUUU
14 4 0 1 0 15173693  UUUU
13 1 0 1 0 15176625  
13 3 0 1 0 15179464  
13 4 0 1 0 15180011  
14 6 0 1 0 15201356  UUUU
13 6 0 1 0 15207716  
14 0 0 1 0 15216108  UUUU
13 0 0 1 0 15218791  
14 5 0 1 0 15220658  UUUU
14 4 0 1 0 15243633  UUUU
14 1 0 1 0 15244522  UUUU
14 7 0 1 0 15335757  UUUU
14 2 0 1 0 15372853  UUUU
14 3 0 1 0 15389512  UUUU
14 6 0 1 0 15416437  UUUU
14 0 0 1 0 15439620  UUUU
6 2 0 1 0 15442594  UUUU
6 1 0 1 0 15442600  UUUU
6 4 0 1 0 15442705  UUUU
6 3 0 1 0 15442840  UUUU
6 5 0 1 0 15442844  UUUU
6 7 0 1 0 15443105  UUUU
6 0 0 1 0 15443110  UUUU
6 6 0 1 0 15443125  UUUU
9 2 0 1 0 15476723  CDT
9 7 0 1 0 15476815  CDT
9 4 0 1 0 15476817  CDT
9 6 0 1 0 15476827  CDT
9 0 0 1 0 15476834  CDT
9 1 0 1 0 15476841  CDT
9 3 0 1 0 15476931  CDT
9 5 0 1 0 15476968  CDT
5 2 0 1 0 15621942  
5 0 0 1 0 15622051  
5 6 0 1 0 15622051  
5 1 0 1 0 15622054  
5 3 0 1 0 15622144  
5 5 0 1 0 15622163  
5 7 0 1 0 15622169  
5 4 0 1 0 15622184  
13 0 0 1 0 15625906  
13 1 0 1 0 15626598  
13 2 0 1 0 15626730  
13 4 0 1 0 15626813  
13 6 0 1 0 15627070  
13 3 0 1 0 15627539  
13 7 0 1 0 15628759  
14 1 0 1 0 15629302  UUUU
13 1 0 1 0 15631010  
14 0 0 1 0 15631250  UUUU
13 5 0 1 0 15632418  
13 0 0 1 0 15633202  
14 4 0 1 0 15633868  UUUU
14 6 0 1 0 15633954  UUUU
14 2 0 1 0 15634033  UUUU
13 4 0 1 0 15635880  
13 2 0 1 0 15636071  
13 6 0 1 0 15636174  
14 7 0 1 0 15636883  UUUU
14 1 0 1 0 15637847  UUUU
13 7 0 1 0 15639157  
13 1 0 1 0 15639628  
14 0 0 1 0 15640430  UUUU
13 0 0 1 0 15642302  
14 5 0 1 0 15642953  UUUU
14 4 0 1 0 15646886  UUUU
14 6 0 1 0 15647148  UUUU
14 2 0 1 0 15647550  UUUU
13 5 0 1 0 15647578  
13 4 0 1 0 15649184  
14 1 0 1 0 15649453  UUUU
13 2 0 1 0 15649659  
14 7 0 1 0 15649882  UUUU
14 0 0 1 0 15650666  UUUU
13 6 0 1 0 15650894  
13 7 0 1 0 15652378  
13 1 0 1 0 15652701  
13 0 0 1 0 15653987  
14 4 0 1 0 15660135  UUUU
14 1 0 1 0 15660245  UUUU
14 2 0 1 0 15661030  UUUU
14 7 0 1 0 15663698  UUUU
13 4 0 1 0 15664301  
13 2 0 1 0 15664389  
13 1 0 1 0 15666171  
13 7 0 1 0 15667326  
14 0 0 1 0 15676052  UUUU
14 5 0 1 0 15681018  UUUU
14 6 0 1 0 15684142  UUUU
13 6 0 1 0 15687677  
14 1 0 1 0 15690537  UUUU
14 6 0 1 0 15690596  UUUU
13 6 0 1 0 15694511  
13 1 0 1 0 15694755  
13 0 0 1 0 15696525  
13 5 0 1 0 15696697  
14 2 0 1 0 15698306  UUUU
14 4 0 1 0 15698886  UUUU
14 6 0 1 0 15701708  UUUU
13 2 0 1 0 15703369  
14 1 0 1 0 15703595  UUUU
14 7 0 1 0 15703734  UUUU
13 6 0 1 0 15703941  
14 0 0 1 0 15704012  UUUU
13 1 0 1 0 15706370  
13 4 0 1 0 15706427  
13 0 0 1 0 15706628  
13 7 0 1 0 15707549  
14 2 0 1 0 15710785  UUUU
14 6 0 1 0 15710839  UUUU
14 7 0 1 0 15712450  UUUU
13 6 0 1 0 15714603  
13 7 0 1 0 15714665  
13 2 0 1 0 15714907  
14 0 0 1 0 15718552  UUUU
14 1 0 1 0 15719915  UUUU
13 0 0 1 0 15720901  
13 1 0 1 0 15721777  
14 7 0 1 0 15721950  UUUU
14 5 0 1 0 15723309  UUUU
13 5 0 1 0 15724707  
13 7 0 1 0 15725357  
14 0 0 1 0 15731798  UUUU
14 6 0 1 0 15735371  UUUU
13 0 0 1 0 15735681  
13 6 0 1 0 15739726  
14 3 0 1 0 15742902  UUUU
14 6 0 1 0 15747206  UUUU
14 7 0 1 0 15747685  UUUU
13 3 0 1 0 15748293  
13 6 0 1 0 15749351  
14 2 0 1 0 15750455  UUUU
13 7 0 1 0 15751721  
13 2 0 1 0 15755118  
14 3 0 1 0 15757555  UUUU
13 3 0 1 0 15757997  
14 7 0 1 0 15759099  UUUU
14 6 0 1 0 15760594  UUUU
13 7 0 1 0 15761338  
13 6 0 1 0 15764027  
14 1 0 1 0 15764220  UUUU
14 4 0 1 0 15768091  UUUU
13 1 0 1 0 15768199  
14 5 0 1 0 15768442  UUUU
13 5 0 1 0 15770338  
14 0 0 1 0 15771232  UUUU
13 4 0 1 0 15772484  
14 7 0 1 0 15773159  UUUU
14 3 0 1 0 15775182  UUUU
13 0 0 1 0 15776177  
13 7 0 1 0 15777162  
13 3 0 1 0 15777993  
14 1 0 1 0 15778727  UUUU
13 1 0 1 0 15780475  
14 4 0 1 0 15780511  UUUU
14 2 0 1 0 15781009  UUUU
13 4 0 1 0 15782232  
13 2 0 1 0 15782339  
14 0 0 1 0 15783634  UUUU
13 0 0 1 0 15785585  
14 1 0 1 0 15787750  UUUU
13 1 0 1 0 15789463  
14 4 0 1 0 15793244  UUUU
14 0 0 1 0 15796597  UUUU
13 4 0 1 0 15796979  
14 6 0 1 0 15798153  UUUU
13 0 0 1 0 15800302  
13 6 0 1 0 15803139  
14 5 0 1 0 15809373  UUUU
14 7 0 1 0 15811559  UUUU
13 5 0 1 0 15814114  
13 7 0 1 0 15815280  
14 7 0 1 0 15817937  UUUU
14 1 0 1 0 15818544  UUUU
14 2 0 1 0 15819960  UUUU
13 7 0 1 0 15820359  
13 2 0 1 0 15823514  
13 1 0 1 0 15824141  
14 3 0 1 0 15825945  UUUU
14 6 0 1 0 15826194  UUUU
14 7 0 1 0 15827137  UUUU
13 6 0 1 0 15828082  
13 7 0 1 0 15830753  
13 3 0 1 0 15832238  
14 4 0 1 0 15832505  UUUU
14 1 0 1 0 15835289  UUUU
13 4 0 1 0 15837223  
13 1 0 1 0 15837897  
14 0 0 1 0 15838476  UUUU
14 4 0 1 0 15842107  UUUU
13 0 0 1 0 15843363  
13 4 0 1 0 15845809  
14 0 0 1 0 15850808  UUUU
14 7 0 1 0 15852291  UUUU
13 0 0 1 0 15855023  
13 7 0 1 0 15856973  
14 6 0 1 0 15862016  UUUU
14 7 0 1 0 15864439  UUUU
13 6 0 1 0 15866123  
14 4 0 1 0 15867750  UUUU
13 7 0 1 0 15869153  
13 4 0 1 0 15872387  
14 1 0 1 0 15879495  UUUU
14 4 0 1 0 15879662  UUUU
13 4 0 1 0 15884363  
13 1 0 1 0 15884982  
14 0 0 1 0 15891903  UUUU
13 0 0 1 0 15895595  
14 0 0 1 0 15900413  UUUU
14 7 0 1 0 15903618  UUUU
13 0 0 1 0 15904605  
13 7 0 1 0 15907472  
14 3 0 1 0 15910624  UUUU
14 1 0 1 0 15911494  UUUU
13 3 0 1 0 15914147  
14 7 0 1 0 15915296  UUUU
13 1 0 1 0 15916137  
14 4 0 1 0 15917579  UUUU
13 7 0 1 0 15919792  
13 4 0 1 0 15923200  
14 3 0 1 0 15924458  UUUU
14 5 0 1 0 15928000  UUUU
13 3 0 1 0 15928470  
13 5 0 1 0 15932714  
14 0 0 1 0 15932795  UUUU
14 5 0 1 0 15937723  UUUU
13 0 0 1 0 15937942  
13 5 0 1 0 15941643  
14 0 0 1 0 15945522  UUUU
14 4 0 1 0 15946013  UUUU
13 0 0 1 0 15950512  
13 4 0 1 0 15950517  
14 2 0 1 0 15952849  UUUU
14 7 0 1 0 15955104  UUUU
13 2 0 1 0 15957674  
13 7 0 1 0 15961173  
14 5 0 1 0 15963532  UUUU
14 7 0 1 0 15963842  UUUU
13 7 0 1 0 15969863  
13 5 0 1 0 15972706  
14 3 0 1 0 15974964  UUUU
14 6 0 1 0 15975147  UUUU
13 3 0 1 0 15981316  
13 6 0 1 0 15982597  
14 2 0 1 0 15986591  UUUU
13 2 0 1 0 15990192  
14 7 0 1 0 15991192  UUUU
14 0 0 1 0 15993816  UUUU
13 7 0 1 0 15997940  
13 0 0 1 0 16000613  
14 3 0 1 0 16026783  UUUU
14 5 0 1 0 16032287  UUUU
13 3 0 1 0 16033398  
13 5 0 1 0 16039854  
14 6 0 1 0 16045598  UUUU
13 6 0 1 0 16053200  
14 1 0 1 0 16057814  UUUU
14 4 0 1 0 16059034  UUUU
14 7 0 1 0 16062342  UUUU
13 4 0 1 0 16066430  
13 7 0 1 0 16068655  
13 1 0 1 0 16068789  
14 0 0 1 0 16075997  UUUU
14 5 0 1 0 16081930  UUUU
13 0 0 1 0 16082165  
13 5 0 1 0 16090256  
14 7 0 1 0 16110018  UUUU
14 2 0 1 0 16111203  UUUU
14 6 0 1 0 16116485  UUUU
13 2 0 1 0 16121607  
13 7 0 1 0 16122002  
13 6 0 1 0 16125816  
14 1 0 1 0 16142450  UUUU
14 0 0 1 0 16157888  UUUU
14 7 0 1 0 16163358  UUUU
14 3 0 1 0 16255372  UUUU
14 4 0 1 0 16276783  UUUU
14 5 0 1 0 16300072  UUUU
14 6 0 1 0 16334061  UUUU
14 2 0 1 0 16335473  UUUU
6 2 0 1 0 16340549  UUUU
6 7 0 1 0 16340661  UUUU
6 6 0 1 0 16340662  UUUU
6 1 0 1 0 16340776  UUUU
6 3 0 1 0 16340779  UUUU
6 4 0 1 0 16340784  UUUU
6 5 0 1 0 16340792  UUUU
6 0 0 1 0 16341011  UUUU
10 2 0 1 0 16427385  CDT
11 2 0 1 0 16427431  CDT
10 7 0 1 0 16427478  CDT
10 4 0 1 0 16427489  CDT
11 7 0 1 0 16427526  CDT
11 4 0 1 0 16427537  CDT
10 5 0 1 0 16427606  CDT
10 6 0 1 0 16427607  CDT
10 1 0 1 0 16427616  CDT
10 3 0 1 0 16427627  CDT
11 5 0 1 0 16427653  CDT
11 6 0 1 0 16427653  CDT
11 1 0 1 0 16427664  CDT
11 3 0 1 0 16427676  CDT
10 0 0 1 0 16427829  CDT
11 0 0 1 0 16427879  CDT
12 2 0 1 0 16439103  CDT
12 5 0 1 0 16439211  CDT
12 1 0 1 0 16439224  CDT
12 7 0 1 0 16439236  CDT
12 4 0 1 0 16439319  CDT
12 3 0 1 0 16439361  CDT
12 6 0 1 0 16439365  CDT
12 0 0 1 0 16439571  CDT
5 2 0 1 0 16475040  
5 3 0 1 0 16475139  
5 0 0 1 0 16475155  
5 4 0 1 0 16475162  
5 7 0 1 0 16475163  
5 5 0 1 0 16475168  
5 1 0 1 0 16475169  
5 6 0 1 0 16475299  
13 4 0 1 0 16479245  
13 2 0 1 0 16481844  
13 5 0 1 0 16482252  
13 6 0 1 0 16482719  
13 1 0 1 0 16483020  
13 0 0 1 0 16483033  
13 7 0 1 0 16483115  
14 4 0 1 0 16485690  UUUU
13 3 0 1 0 16486581  
14 6 0 1 0 16487634  UUUU
13 4 0 1 0 16488263  
14 1 0 1 0 16488576  UUUU
14 5 0 1 0 16488765  UUUU
14 2 0 1 0 16488987  UUUU
13 6 0 1 0 16490246  
13 2 0 1 0 16490372  
14 7 0 1 0 16490674  UUUU
13 5 0 1 0 16491570  
13 1 0 1 0 16491625  
14 0 0 1 0 16491728  UUUU
13 7 0 1 0 16492697  
13 0 0 1 0 16493856  
14 6 0 1 0 16497868  UUUU
14 1 0 1 0 16499356  UUUU
13 6 0 1 0 16499685  
13 1 0 1 0 16501400  
14 2 0 1 0 16501773  UUUU
14 5 0 1 0 16503214  UUUU
14 7 0 1 0 16503744  UUUU
13 2 0 1 0 16504017  
14 0 0 1 0 16504661  UUUU
13 5 0 1 0 16504938  
13 7 0 1 0 16505594  
13 0 0 1 0 16506613  
14 6 0 1 0 16507172  UUUU
13 6 0 1 0 16509336  
14 1 0 1 0 16514409  UUUU
13 1 0 1 0 16515205  
14 5 0 1 0 16516188  UUUU
14 7 0 1 0 16516867  UUUU
14 0 0 1 0 16517527  UUUU
13 5 0 1 0 16518973  
13 7 0 1 0 16519755  
13 0 0 1 0 16520715  
14 4 0 1 0 16522246  UUUU
13 4 0 1 0 16526029  
14 1 0 1 0 16527214  UUUU
13 1 0 1 0 16527768  
14 6 0 1 0 16533419  UUUU
14 4 0 1 0 16533710  UUUU
13 4 0 1 0 16535555  
13 6 0 1 0 16537267  
14 2 0 1 0 16540617  UUUU
13 2 0 1 0 16544230  
14 2 0 1 0 16547014  UUUU
14 4 0 1 0 16547084  UUUU
13 4 0 1 0 16548750  
13 2 0 1 0 16549059  
14 1 0 1 0 16551579  UUUU
14 5 0 1 0 16552411  UUUU
14 0 0 1 0 16554386  UUUU
14 7 0 1 0 16555638  UUUU
14 2 0 1 0 16556546  UUUU
13 5 0 1 0 16556743  
13 2 0 1 0 16558033  
13 0 0 1 0 16559626  
14 6 0 1 0 16559798  UUUU
13 7 0 1 0 16559855  
14 4 0 1 0 16559899  UUUU
13 1 0 1 0 16560096  
13 6 0 1 0 16561690  
13 4 0 1 0 16562114  
14 5 0 1 0 16563222  UUUU
14 7 0 1 0 16564813  UUUU
13 5 0 1 0 16565671  
14 2 0 1 0 16566518  UUUU
13 7 0 1 0 16566577  
13 2 0 1 0 16568446  
14 3 0 1 0 16571417  UUUU
14 1 0 1 0 16573265  UUUU
13 1 0 1 0 16573966  
13 3 0 1 0 16574125  
14 7 0 1 0 16574314  UUUU
13 7 0 1 0 16576986  
14 3 0 1 0 16581723  UUUU
13 3 0 1 0 16583143  
14 1 0 1 0 16588536  UUUU
13 1 0 1 0 16589091  
14 2 0 1 0 16590149  UUUU
13 2 0 1 0 16593995  
14 4 0 1 0 16596351  UUUU
14 6 0 1 0 16596522  UUUU
14 3 0 1 0 16598442  UUUU
13 6 0 1 0 16598783  
14 5 0 1 0 16599198  UUUU
14 7 0 1 0 16599707  UUUU
13 4 0 1 0 16599966  
13 3 0 1 0 16600984  
14 2 0 1 0 16603737  UUUU
13 7 0 1 0 16603862  
13 5 0 1 0 16604257  
13 2 0 1 0 16606088  
14 4 0 1 0 16608146  UUUU
14 7 0 1 0 16609358  UUUU
13 4 0 1 0 16610138  
13 7 0 1 0 16611317  
14 2 0 1 0 16617817  UUUU
14 7 0 1 0 16618593  UUUU
13 2 0 1 0 16619982  
13 7 0 1 0 16620853  
14 4 0 1 0 16621293  UUUU
13 4 0 1 0 16623201  
14 0 0 1 0 16624719  UUUU
14 5 0 1 0 16627550  UUUU
13 0 0 1 0 16629444  
13 5 0 1 0 16629646  
14 6 0 1 0 16633938  UUUU
13 6 0 1 0 16636634  
14 0 0 1 0 16637806  UUUU
14 1 0 1 0 16638163  UUUU
13 0 0 1 0 16639915  
13 1 0 1 0 16642407  
14 7 0 1 0 16643325  UUUU
14 3 0 1 0 16646848  UUUU
13 7 0 1 0 16647283  
13 3 0 1 0 16648350  
14 3 0 1 0 16651084  UUUU
14 0 0 1 0 16651143  UUUU
13 3 0 1 0 16653104  
13 0 0 1 0 16653795  
14 1 0 1 0 16654610  UUUU
13 1 0 1 0 16655609  
14 2 0 1 0 16656655  UUUU
14 4 0 1 0 16657450  UUUU
13 2 0 1 0 16661087  
14 3 0 1 0 16662367  UUUU
13 4 0 1 0 16662696  
14 5 0 1 0 16664303  UUUU
13 3 0 1 0 16664541  
13 5 0 1 0 16666923  
14 2 0 1 0 16667695  UUUU
13 2 0 1 0 16669907  
14 7 0 1 0 16670878  UUUU
13 7 0 1 0 16673029  
14 1 0 1 0 16675724  UUUU
13 1 0 1 0 16676908  
14 3 0 1 0 16685925  UUUU
13 3 0 1 0 16689807  
14 0 0 1 0 16692890  UUUU
14 3 0 1 0 16695963  UUUU
13 0 0 1 0 16697248  
13 3 0 1 0 16698338  
14 2 0 1 0 16703796  UUUU
14 0 0 1 0 16705274  UUUU
13 0 0 1 0 16707196  
13 2 0 1 0 16707654  
14 7 0 1 0 16708208  UUUU
13 7 0 1 0 16710644  
14 2 0 1 0 16715241  UUUU
13 2 0 1 0 16717416  
14 3 0 1 0 16721357  UUUU
14 4 0 1 0 16721999  UUUU
13 3 0 1 0 16725187  
14 1 0 1 0 16726233  UUUU
13 4 0 1 0 16727156  
13 1 0 1 0 16728909  
14 3 0 1 0 16733409  UUUU
14 1 0 1 0 16734212  UUUU
13 1 0 1 0 16735574  
13 3 0 1 0 16736058  
14 6 0 1 0 16746270  UUUU
14 4 0 1 0 16749793  UUUU
13 6 0 1 0 16750808  
14 0 0 1 0 16750914  UUUU
13 4 0 1 0 16752662  
14 2 0 1 0 16753721  UUUU
13 0 0 1 0 16754802  
13 2 0 1 0 16758062  
14 6 0 1 0 16758437  UUUU
13 6 0 1 0 16760454  
14 0 0 1 0 16763967  UUUU
13 0 0 1 0 16765189  
14 1 0 1 0 16767045  UUUU
13 1 0 1 0 16769191  
14 3 0 1 0 16771156  UUUU
13 3 0 1 0 16774953  
14 1 0 1 0 16776103  UUUU
13 1 0 1 0 16777206  
14 5 0 1 0 16777294  UUUU
14 2 0 1 0 16781721  UUUU
13 5 0 1 0 16782602  
14 3 0 1 0 16782800  UUUU
13 2 0 1 0 16784623  
13 3 0 1 0 16785043  
14 6 0 1 0 16794669  UUUU
13 6 0 1 0 16798847  
14 6 0 1 0 16801689  UUUU
13 6 0 1 0 16804184  
14 1 0 1 0 16805171  UUUU
14 5 0 1 0 16805224  UUUU
13 5 0 1 0 16808349  
13 1 0 1 0 16810433  
14 0 0 1 0 16814393  UUUU
13 0 0 1 0 16818328  
14 3 0 1 0 16819206  UUUU
14 7 0 1 0 16823951  UUUU
13 3 0 1 0 16824112  
14 6 0 1 0 16825599  UUUU
13 7 0 1 0 16829642  
13 6 0 1 0 16830634  
14 4 0 1 0 16861810  UUUU
13 4 0 1 0 16867333  
14 0 0 1 0 16868534  UUUU
13 0 0 1 0 16873500  
14 1 0 1 0 16882570  UUUU
13 1 0 1 0 16886211  
14 3 0 1 0 16889389  UUUU
14 6 0 1 0 16894198  UUUU
14 7 0 1 0 16894396  UUUU
13 3 0 1 0 16895529  
14 2 0 1 0 16897361  UUUU
13 7 0 1 0 16899344  
13 6 0 1 0 16901379  
13 2 0 1 0 16902713  
14 5 0 1 0 16917792  UUUU
13 5 0 1 0 16923751  
14 0 0 1 0 16929238  UUUU
13 0 0 1 0 16931835  
14 7 0 1 0 16940656  UUUU
13 7 0 1 0 16946689  
14 3 0 1 0 16960017  UUUU
14 1 0 1 0 16962866  UUUU
14 2 0 1 0 16966657  UUUU
13 3 0 1 0 16967722  
14 0 0 1 0 16983240  UUUU
14 4 0 1 0 17077920  UUUU
14 6 0 1 0 17111554  UUUU
14 5 0 1 0 17133936  UUUU
14 7 0 1 0 17159003  UUUU
14 3 0 1 0 17174684  UUUU
6 3 0 1 0 17179350  UUUU
6 5 0 1 0 17179356  UUUU
6 6 0 1 0 17179359  UUUU
6 1 0 1 0 17179368  UUUU
6 7 0 1 0 17179496  UUUU
6 4 0 1 0 17179501  UUUU
6 2 0 1 0 17179541  UUUU
6 0 0 1 0 17179833  UUUU
999 0 0 1 0 17226755  
999 1 0 1 0 17226755  
999 2 0 1 0 17226755  
999 3 0 1 0 17226755  
999 4 0 1 0 17226755  
999 5 0 1 0 17226755  
999 6 0 1 0 17226755  |
999 7 0 1 0 17226755  
