-1 0 0 0 0 0 Me
-2 0 0 656 0 0
-3 0 0 5 0 0
-4 0 0 1 0 0
-5 0 0 0 0 0
-6 0 0 0 0 1487
-7 0 0 0 0 9381029
-8 0 0 1 0 0
-11 0 0 0 0 0
-13 0 5 6 0 0 blue:gray Computing
-13 0 7 8 0 0 red:light_gray Drawing
-13 0 9 10 0 0 green:gray3 Assign job
-13 0 11 12 0 0 yellow:black Waiting for job
11 1 0 0 0 1487 
11 3 0 0 0 1506 
11 4 0 0 0 1509 
10 0 0 1 0 1699 
11 2 0 0 0 1843 
12 1 0 0 0 2453 
5 1 0 0 0 2486 
10 0 0 2 0 2614 
12 2 0 0 0 3258 
5 2 0 0 0 3312 
12 4 0 0 0 3489 
10 0 0 3 0 3537 
5 4 0 0 0 3545 
10 0 0 4 0 4455 
12 3 0 0 0 4464 
5 3 0 0 0 4521 
6 2 0 0 0 145493 
7 2 0 0 0 146649 
9 0 0 2 0 152210 
10 0 0 2 0 153310 
8 2 0 0 0 180770 
11 2 0 0 0 180839 
12 2 0 0 0 182244 
5 2 0 0 0 182303 
6 3 0 0 0 361896 
7 3 0 0 0 363034 
9 0 0 3 0 369245 
10 0 0 3 0 370361 
8 3 0 0 0 443218 
11 3 0 0 0 443290 
12 3 0 0 0 444670 
5 3 0 0 0 444728 
6 2 0 0 0 513998 
7 2 0 0 0 515161 
9 0 0 2 0 520777 
10 0 0 2 0 521888 
6 4 0 0 0 559504 
7 4 0 0 0 560640 
9 0 0 4 0 566684 
10 0 0 4 0 567774 
8 2 0 0 0 574098 
11 2 0 0 0 574166 
12 2 0 0 0 575692 
5 2 0 0 0 575752 
6 1 0 0 0 611219 
7 1 0 0 0 612137 
9 0 0 1 0 687728 
10 0 0 1 0 688871 
8 4 0 0 0 701914 
11 4 0 0 0 701981 
12 4 0 0 0 703333 
5 4 0 0 0 703386 
8 1 0 0 0 754992 
11 1 0 0 0 755032 
12 1 0 0 0 756022 
5 1 0 0 0 756056 
6 3 0 0 0 803587 
7 3 0 0 0 804710 
9 0 0 3 0 809559 
10 0 0 3 0 810599 
8 3 0 0 0 871268 
11 3 0 0 0 871338 
12 3 0 0 0 872731 
5 3 0 0 0 872788 
6 2 0 0 0 933639 
7 2 0 0 0 934840 
9 0 0 2 0 941423 
10 0 0 2 0 942437 
8 2 0 0 0 1000720 
11 2 0 0 0 1000790 
12 2 0 0 0 1002305 
5 2 0 0 0 1002364 
6 3 0 0 0 1014647 
7 3 0 0 0 1015777 
9 0 0 3 0 1021044 
10 0 0 3 0 1022108 
8 3 0 0 0 1023478 
11 3 0 0 0 1023545 
12 3 0 0 0 1024904 
5 3 0 0 0 1024960 
6 1 0 0 0 1184472 
7 1 0 0 0 1187206 
9 0 0 1 0 1188157 
10 0 0 1 0 1189242 
8 1 0 0 0 1254469 
11 1 0 0 0 1254507 
12 1 0 0 0 1256611 
5 1 0 0 0 1256646 
6 3 0 0 0 1264039 
7 3 0 0 0 1265061 
9 0 0 3 0 1272462 
10 0 0 3 0 1273502 
8 3 0 0 0 1287798 
11 3 0 0 0 1287866 
12 3 0 0 0 1289337 
5 3 0 0 0 1289394 
6 4 0 0 0 1302163 
7 4 0 0 0 1303286 
9 0 0 4 0 1309217 
10 0 0 4 0 1310478 
8 4 0 0 0 1384616 
11 4 0 0 0 1384688 
12 4 0 0 0 1386218 
5 4 0 0 0 1386274 
6 2 0 0 0 1391408 
7 2 0 0 0 1392613 
9 0 0 2 0 1397933 
10 0 0 2 0 1398962 
6 1 0 0 0 1399914 
7 1 0 0 0 1400847 
9 0 0 1 0 1403329 
10 0 0 1 0 1404333 
8 1 0 0 0 1426765 
11 1 0 0 0 1426804 
12 1 0 0 0 1427827 
5 1 0 0 0 1427863 
8 2 0 0 0 1491524 
11 2 0 0 0 1491597 
12 2 0 0 0 1493035 
5 2 0 0 0 1493094 
6 3 0 0 0 1647604 
7 3 0 0 0 1648733 
9 0 0 3 0 1653451 
10 0 0 3 0 1654503 
8 3 0 0 0 1704368 
11 3 0 0 0 1704437 
12 3 0 0 0 1705775 
5 3 0 0 0 1705830 
6 1 0 0 0 1785856 
7 1 0 0 0 1786790 
9 0 0 1 0 1789264 
10 0 0 1 0 1790292 
8 1 0 0 0 1849233 
11 1 0 0 0 1849272 
12 1 0 0 0 1850289 
5 1 0 0 0 1850323 
6 2 0 0 0 1935247 
7 2 0 0 0 1936680 
9 0 0 2 0 1944901 
10 0 0 2 0 1946013 
8 2 0 0 0 2006658 
11 2 0 0 0 2006726 
12 2 0 0 0 2008170 
5 2 0 0 0 2008229 
6 4 0 0 0 2027502 
7 4 0 0 0 2028628 
9 0 0 4 0 2034145 
10 0 0 4 0 2035213 
6 3 0 0 0 2054619 
7 3 0 0 0 2055717 
9 0 0 3 0 2060195 
10 0 0 3 0 2061208 
8 3 0 0 0 2100421 
11 3 0 0 0 2100490 
12 3 0 0 0 2101890 
5 3 0 0 0 2101946 
8 4 0 0 0 2179211 
11 4 0 0 0 2179280 
12 4 0 0 0 2180712 
5 4 0 0 0 2180890 
6 1 0 0 0 2257596 
7 1 0 0 0 2258677 
9 0 0 1 0 2261188 
10 0 0 1 0 2262231 
8 1 0 0 0 2305126 
11 1 0 0 0 2305162 
12 1 0 0 0 2306074 
5 1 0 0 0 2306106 
6 2 0 0 0 2362751 
7 2 0 0 0 2363910 
9 0 0 2 0 2369276 
10 0 0 2 0 2370297 
6 3 0 0 0 2374764 
7 3 0 0 0 2375875 
9 0 0 3 0 2381285 
10 0 0 3 0 2382286 
8 2 0 0 0 2416757 
11 2 0 0 0 2416824 
12 2 0 0 0 2418311 
5 2 0 0 0 2418370 
8 3 0 0 0 2473064 
11 3 0 0 0 2473130 
12 3 0 0 0 2474486 
5 3 0 0 0 2474542 
6 1 0 0 0 2486723 
7 1 0 0 0 2487660 
9 0 0 1 0 2490151 
10 0 0 1 0 2491211 
8 1 0 0 0 2554291 
11 1 0 0 0 2554331 
12 1 0 0 0 2555328 
5 1 0 0 0 2555362 
6 1 0 0 0 2734528 
7 1 0 0 0 2735451 
9 0 0 1 0 2738016 
10 0 0 1 0 2739020 
6 2 0 0 0 2755211 
7 2 0 0 0 2756434 
9 0 0 2 0 2761677 
10 0 0 2 0 2762684 
8 1 0 0 0 2820126 
11 1 0 0 0 2820166 
12 1 0 0 0 2821184 
5 1 0 0 0 2821217 
6 4 0 0 0 2828526 
7 4 0 0 0 2829638 
6 3 0 0 0 2832409 
7 3 0 0 0 2833521 
9 0 0 4 0 2835567 
10 0 0 4 0 2837404 
9 0 0 3 0 2839030 
10 0 0 3 0 2840026 
8 2 0 0 0 2842537 
11 2 0 0 0 2842605 
12 2 0 0 0 2844003 
5 2 0 0 0 2844062 
8 3 0 0 0 2942805 
11 3 0 0 0 2942874 
12 3 0 0 0 2944271 
5 3 0 0 0 2944329 
6 1 0 0 0 2953364 
7 1 0 0 0 2954286 
9 0 0 1 0 2956985 
10 0 0 1 0 2958010 
8 1 0 0 0 3006390 
11 1 0 0 0 3006430 
12 1 0 0 0 3008820 
5 1 0 0 0 3008864 
8 4 0 0 0 3015733 
11 4 0 0 0 3015804 
12 4 0 0 0 3017236 
5 4 0 0 0 3017291 
6 2 0 0 0 3218589 
7 2 0 0 0 3219836 
9 0 0 2 0 3225348 
10 0 0 2 0 3226548 
8 2 0 0 0 3288091 
11 2 0 0 0 3288159 
12 2 0 0 0 3289591 
5 2 0 0 0 3289650 
6 3 0 0 0 3369349 
7 3 0 0 0 3370562 
9 0 0 3 0 3375385 
10 0 0 3 0 3376504 
8 3 0 0 0 3435420 
11 3 0 0 0 3435489 
12 3 0 0 0 3436904 
5 3 0 0 0 3436961 
6 4 0 0 0 3595987 
7 4 0 0 0 3597067 
9 0 0 4 0 3605488 
10 0 0 4 0 3606587 
6 2 0 0 0 3621002 
7 2 0 0 0 3622162 
9 0 0 2 0 3628501 
10 0 0 2 0 3629514 
8 4 0 0 0 3650356 
11 4 0 0 0 3650425 
12 4 0 0 0 3652003 
5 4 0 0 0 3652060 
8 2 0 0 0 3732614 
11 2 0 0 0 3732681 
12 2 0 0 0 3734028 
5 2 0 0 0 3734083 
6 3 0 0 0 3795829 
7 3 0 0 0 3796947 
9 0 0 3 0 3801748 
10 0 0 3 0 3802815 
8 3 0 0 0 3862384 
11 3 0 0 0 3862452 
12 3 0 0 0 3863846 
5 3 0 0 0 3864623 
6 2 0 0 0 4093558 
7 2 0 0 0 4094826 
9 0 0 2 0 4100157 
10 0 0 2 0 4101237 
8 2 0 0 0 4168190 
11 2 0 0 0 4168259 
12 2 0 0 0 4169703 
5 2 0 0 0 4170491 
6 1 0 0 0 4186356 
7 1 0 0 0 4187301 
9 0 0 1 0 4190125 
10 0 0 1 0 4191344 
6 3 0 0 0 4222012 
7 3 0 0 0 4223135 
9 0 0 3 0 4229276 
10 0 0 3 0 4230347 
8 1 0 0 0 4251148 
11 1 0 0 0 4251186 
12 1 0 0 0 4252194 
5 1 0 0 0 4252228 
8 3 0 0 0 4303895 
11 3 0 0 0 4303963 
12 3 0 0 0 4305268 
5 3 0 0 0 4305321 
6 2 0 0 0 4324284 
7 2 0 0 0 4325460 
9 0 0 2 0 4331042 
10 0 0 2 0 4332095 
8 2 0 0 0 4337978 
11 2 0 0 0 4338046 
12 2 0 0 0 4339491 
5 2 0 0 0 4339548 
6 1 0 0 0 4377038 
7 1 0 0 0 4377974 
9 0 0 1 0 4380430 
10 0 0 1 0 4381490 
8 1 0 0 0 4415373 
11 1 0 0 0 4415466 
12 1 0 0 0 4416398 
5 1 0 0 0 4417010 
6 3 0 0 0 4481073 
7 3 0 0 0 4482149 
9 0 0 3 0 4486935 
10 0 0 3 0 4488024 
8 3 0 0 0 4507130 
11 3 0 0 0 4507196 
12 3 0 0 0 4508594 
5 3 0 0 0 4508650 
6 4 0 0 0 4575062 
7 4 0 0 0 4576198 
9 0 0 4 0 4584751 
10 0 0 4 0 4585899 
8 4 0 0 0 4649401 
11 4 0 0 0 4649469 
12 4 0 0 0 4650957 
5 4 0 0 0 4651013 
6 3 0 0 0 4660441 
7 3 0 0 0 4661562 
9 0 0 3 0 4667432 
10 0 0 3 0 4668535 
6 1 0 0 0 4690276 
7 1 0 0 0 4691204 
9 0 0 1 0 4693617 
10 0 0 1 0 4694638 
6 2 0 0 0 4695765 
7 2 0 0 0 4696929 
9 0 0 2 0 4702350 
10 0 0 2 0 4703382 
8 3 0 0 0 4706364 
11 3 0 0 0 4706432 
12 3 0 0 0 4707845 
5 3 0 0 0 4707902 
8 1 0 0 0 4790694 
11 1 0 0 0 4790735 
12 1 0 0 0 4791679 
5 1 0 0 0 4791795 
8 2 0 0 0 4847861 
11 2 0 0 0 4847931 
12 2 0 0 0 4849328 
5 2 0 0 0 4849387 
6 3 0 0 0 4876431 
7 3 0 0 0 4877506 
9 0 0 3 0 4882422 
10 0 0 3 0 4883460 
6 1 0 0 0 4884991 
7 1 0 0 0 4885920 
9 0 0 1 0 4888242 
10 0 0 1 0 4889251 
8 3 0 0 0 4909890 
11 3 0 0 0 4910028 
12 3 0 0 0 4911337 
5 3 0 0 0 4911391 
8 1 0 0 0 5101904 
11 1 0 0 0 5101942 
12 1 0 0 0 5103057 
5 1 0 0 0 5103092 
6 1 0 0 0 5177449 
7 1 0 0 0 5178378 
9 0 0 1 0 5180879 
10 0 0 1 0 5181938 
8 1 0 0 0 5194553 
11 1 0 0 0 5194591 
12 1 0 0 0 5195617 
5 1 0 0 0 5195651 
6 2 0 0 0 5210830 
7 2 0 0 0 5212071 
9 0 0 2 0 5219435 
10 0 0 2 0 5220472 
6 3 0 0 0 5269721 
7 3 0 0 0 5270802 
9 0 0 3 0 5276434 
10 0 0 3 0 5277448 
8 2 0 0 0 5277641 
11 2 0 0 0 5277709 
12 2 0 0 0 5279125 
5 2 0 0 0 5279184 
6 4 0 0 0 5292462 
7 4 0 0 0 5293586 
9 0 0 4 0 5300947 
10 0 0 4 0 5301973 
6 1 0 0 0 5375231 
7 1 0 0 0 5376131 
9 0 0 1 0 5378556 
10 0 0 1 0 5379579 
8 3 0 0 0 5390844 
11 3 0 0 0 5390913 
12 3 0 0 0 5392346 
5 3 0 0 0 5392403 
8 4 0 0 0 5430614 
11 4 0 0 0 5430683 
12 4 0 0 0 5432167 
5 4 0 0 0 5432224 
8 1 0 0 0 5484963 
11 1 0 0 0 5485004 
12 1 0 0 0 5486018 
5 1 0 0 0 5486052 
6 1 0 0 0 5567847 
7 1 0 0 0 5568962 
9 0 0 1 0 5571226 
10 0 0 1 0 5572274 
8 1 0 0 0 5584374 
11 1 0 0 0 5584413 
12 1 0 0 0 5585431 
5 1 0 0 0 5585465 
6 2 0 0 0 5669885 
7 2 0 0 0 5671134 
9 0 0 2 0 5675796 
10 0 0 2 0 5676847 
6 1 0 0 0 5689014 
7 1 0 0 0 5689935 
9 0 0 1 0 5692345 
10 0 0 1 0 5693364 
8 1 0 0 0 5707920 
11 1 0 0 0 5707958 
12 1 0 0 0 5709460 
5 1 0 0 0 5709495 
6 3 0 0 0 5750952 
7 3 0 0 0 5752088 
9 0 0 3 0 5756941 
10 0 0 3 0 5757984 
8 2 0 0 0 5777191 
11 2 0 0 0 5777262 
12 2 0 0 0 5778712 
5 2 0 0 0 5778771 
6 1 0 0 0 5790741 
7 1 0 0 0 5791672 
9 0 0 1 0 5794096 
10 0 0 1 0 5795123 
8 1 0 0 0 5868727 
11 1 0 0 0 5868807 
12 1 0 0 0 5869752 
5 1 0 0 0 5869786 
8 3 0 0 0 5885292 
11 3 0 0 0 5885363 
12 3 0 0 0 5886753 
5 3 0 0 0 5886810 
6 1 0 0 0 6036282 
7 1 0 0 0 6037203 
9 0 0 1 0 6039874 
10 0 0 1 0 6040920 
6 4 0 0 0 6067598 
7 4 0 0 0 6068739 
9 0 0 4 0 6074411 
10 0 0 4 0 6076332 
8 1 0 0 0 6103659 
11 1 0 0 0 6103697 
12 1 0 0 0 6104622 
5 1 0 0 0 6104656 
6 2 0 0 0 6134492 
7 2 0 0 0 6135673 
9 0 0 2 0 6140662 
10 0 0 2 0 6141684 
8 4 0 0 0 6194006 
11 4 0 0 0 6194079 
12 4 0 0 0 6195506 
5 4 0 0 0 6195561 
8 2 0 0 0 6234451 
11 2 0 0 0 6234523 
12 2 0 0 0 6235998 
5 2 0 0 0 6236058 
6 3 0 0 0 6244121 
7 3 0 0 0 6245153 
9 0 0 3 0 6251124 
10 0 0 3 0 6252162 
6 1 0 0 0 6277849 
7 1 0 0 0 6278944 
9 0 0 1 0 6281284 
10 0 0 1 0 6282296 
8 1 0 0 0 6307412 
11 1 0 0 0 6307451 
12 1 0 0 0 6308371 
5 1 0 0 0 6308404 
8 3 0 0 0 6353499 
11 3 0 0 0 6353567 
12 3 0 0 0 6354979 
5 3 0 0 0 6355037 
6 2 0 0 0 6374217 
7 2 0 0 0 6375324 
9 0 0 2 0 6379775 
10 0 0 2 0 6380807 
6 1 0 0 0 6383703 
7 1 0 0 0 6384615 
9 0 0 1 0 6386990 
10 0 0 1 0 6388010 
8 1 0 0 0 6391135 
11 1 0 0 0 6391172 
12 1 0 0 0 6392171 
5 1 0 0 0 6392206 
8 2 0 0 0 6440135 
11 2 0 0 0 6440208 
12 2 0 0 0 6441657 
5 2 0 0 0 6441716 
6 1 0 0 0 6547003 
7 1 0 0 0 6547966 
9 0 0 1 0 6550430 
10 0 0 1 0 6551476 
6 3 0 0 0 6567085 
7 3 0 0 0 6568138 
9 0 0 3 0 6574862 
10 0 0 3 0 6575936 
8 1 0 0 0 6590990 
11 1 0 0 0 6591030 
12 1 0 0 0 6591973 
5 1 0 0 0 6592007 
8 3 0 0 0 6607986 
11 3 0 0 0 6608055 
12 3 0 0 0 6609447 
5 3 0 0 0 6609504 
6 2 0 0 0 6613714 
7 2 0 0 0 6614930 
9 0 0 2 0 6619517 
10 0 0 2 0 6620537 
8 2 0 0 0 6625476 
11 2 0 0 0 6625544 
12 2 0 0 0 6627060 
5 2 0 0 0 6627120 
6 4 0 0 0 6725491 
7 4 0 0 0 6726609 
9 0 0 4 0 6732742 
10 0 0 4 0 6733973 
6 1 0 0 0 6796192 
7 1 0 0 0 6797111 
9 0 0 1 0 6799722 
10 0 0 1 0 6800764 
8 4 0 0 0 6842725 
11 4 0 0 0 6842795 
12 4 0 0 0 6844290 
5 4 0 0 0 6844346 
8 1 0 0 0 6858351 
11 1 0 0 0 6858390 
12 1 0 0 0 6861091 
5 1 0 0 0 6861126 
6 1 0 0 0 6929003 
7 1 0 0 0 6929899 
9 0 0 1 0 6932337 
10 0 0 1 0 6933346 
8 1 0 0 0 6947713 
11 1 0 0 0 6947753 
12 1 0 0 0 6948995 
5 1 0 0 0 6949033 
6 3 0 0 0 6966737 
7 3 0 0 0 6967833 
9 0 0 3 0 6972389 
10 0 0 3 0 6973456 
8 3 0 0 0 7030376 
11 3 0 0 0 7030445 
12 3 0 0 0 7031826 
5 3 0 0 0 7031882 
6 2 0 0 0 7107063 
7 2 0 0 0 7108267 
9 0 0 2 0 7112878 
10 0 0 2 0 7113921 
6 1 0 0 0 7128311 
7 1 0 0 0 7129434 
9 0 0 1 0 7131973 
10 0 0 1 0 7133011 
8 2 0 0 0 7183113 
11 2 0 0 0 7183194 
12 2 0 0 0 7184629 
5 2 0 0 0 7184683 
6 3 0 0 0 7190988 
7 3 0 0 0 7192028 
9 0 0 3 0 7197162 
10 0 0 3 0 7198202 
8 1 0 0 0 7241188 
11 1 0 0 0 7241227 
12 1 0 0 0 7242245 
5 1 0 0 0 7242279 
8 3 0 0 0 7261492 
11 3 0 0 0 7261558 
12 3 0 0 0 7262958 
5 3 0 0 0 7263017 
6 1 0 0 0 7421856 
7 1 0 0 0 7422767 
9 0 0 1 0 7425151 
10 0 0 1 0 7426275 
8 1 0 0 0 7483523 
11 1 0 0 0 7483562 
12 1 0 0 0 7484571 
5 1 0 0 0 7484605 
6 4 0 0 0 7499606 
7 4 0 0 0 7500719 
9 0 0 4 0 7507536 
10 0 0 4 0 7508572 
6 3 0 0 0 7620817 
7 3 0 0 0 7621949 
9 0 0 3 0 7627828 
10 0 0 3 0 7628859 
8 4 0 0 0 7644869 
11 4 0 0 0 7644947 
12 4 0 0 0 7646411 
5 4 0 0 0 7647170 
6 1 0 0 0 7651184 
7 1 0 0 0 7652084 
9 0 0 1 0 7654689 
10 0 0 1 0 7655678 
8 3 0 0 0 7703941 
11 3 0 0 0 7704010 
12 3 0 0 0 7705340 
5 3 0 0 0 7705396 
8 1 0 0 0 7706685 
11 1 0 0 0 7706724 
12 1 0 0 0 7707645 
5 1 0 0 0 7707679 
6 1 0 0 0 7899053 
7 1 0 0 0 7899987 
9 0 0 1 0 7902593 
10 0 0 1 0 7903595 
8 1 0 0 0 7959962 
11 1 0 0 0 7960003 
12 1 0 0 0 7961074 
5 1 0 0 0 7961108 
6 3 0 0 0 8064450 
7 3 0 0 0 8065506 
9 0 0 3 0 8071249 
10 0 0 3 0 8072327 
8 3 0 0 0 8130555 
11 3 0 0 0 8130625 
12 3 0 0 0 8131960 
5 3 0 0 0 8132015 
6 1 0 0 0 8155071 
7 1 0 0 0 8156004 
9 0 0 1 0 8158319 
8 1 0 0 0 8216555 
11 1 0 0 0 8216594 
12 1 0 0 0 8217607 
6 4 0 0 0 8284460 
7 4 0 0 0 8285621 
9 0 0 4 0 8291474 
6 3 0 0 0 8316689 
7 3 0 0 0 8317769 
9 0 0 3 0 8322998 
8 3 0 0 0 8361217 
11 3 0 0 0 8361286 
12 3 0 0 0 8362675 
8 4 0 0 0 8378580 
11 4 0 0 0 8378649 
12 4 0 0 0 8380071 
6 2 0 0 0 9311913 
7 2 0 0 0 9313206 
9 0 0 2 0 9319881 
8 2 0 0 0 9379493 
11 2 0 0 0 9379570 
12 2 0 0 0 9381029 
