-1 0 0 0 0 0 Me
-2 0 0 656 0 0
-3 0 0 5 0 0
-4 0 0 1 0 0
-5 0 0 0 0 0
-6 0 0 0 0 1463
-7 0 0 0 0 8002023
-8 0 0 1 0 0
-11 0 0 0 0 0
-13 0 5 6 0 0 blue:gray Computing
-13 0 7 8 0 0 red:light_gray Drawing
-13 0 9 10 0 0 green:gray3 Assign job
-13 0 11 12 0 0 yellow:black Waiting for job
11 4 0 0 0 1463 
11 2 0 0 0 1524 
11 1 0 0 0 1547 
10 0 0 1 0 1748 
11 3 0 0 0 2085 
10 0 0 2 0 2685 
12 1 0 0 0 2721 
5 1 0 0 0 2755 
10 0 0 3 0 3622 
12 3 0 0 0 3623 
12 4 0 0 0 3623 
5 3 0 0 0 3675 
5 4 0 0 0 3692 
10 0 0 4 0 4553 
12 2 0 0 0 5990 
5 2 0 0 0 6050 
6 1 0 0 0 193456 
7 1 0 0 0 193497 
9 0 0 1 0 265119 
10 0 0 1 0 266171 
8 1 0 0 0 271378 
11 1 0 0 0 272485 
12 1 0 0 0 275705 
5 1 0 0 0 275739 
6 2 0 0 0 309402 
7 2 0 0 0 309477 
8 2 0 0 0 347959 
11 2 0 0 0 349086 
9 0 0 2 0 353469 
12 2 0 0 0 354396 
5 2 0 0 0 354457 
10 0 0 2 0 354521 
6 1 0 0 0 454849 
7 1 0 0 0 454892 
6 3 0 0 0 459017 
7 3 0 0 0 459093 
9 0 0 1 0 538871 
10 0 0 1 0 539941 
8 1 0 0 0 544956 
11 1 0 0 0 545867 
12 1 0 0 0 549079 
5 1 0 0 0 549113 
8 3 0 0 0 549871 
11 3 0 0 0 552065 
12 3 0 0 0 557521 
9 0 0 3 0 557555 
5 3 0 0 0 557579 
10 0 0 3 0 558588 
6 1 0 0 0 624061 
9 0 0 1 0 624099 
7 1 0 0 0 624105 
10 0 0 1 0 625124 
8 1 0 0 0 630089 
11 1 0 0 0 630957 
12 1 0 0 0 634190 
5 1 0 0 0 634224 
6 4 0 0 0 704579 
7 4 0 0 0 704656 
6 2 0 0 0 727340 
7 2 0 0 0 727423 
8 4 0 0 0 802901 
11 4 0 0 0 804110 
12 4 0 0 0 814655 
5 4 0 0 0 814723 
6 1 0 0 0 817434 
7 1 0 0 0 817477 
9 0 0 4 0 817678 
10 0 0 4 0 818759 
8 2 0 0 0 892395 
11 2 0 0 0 893584 
9 0 0 2 0 899025 
12 2 0 0 0 899520 
5 2 0 0 0 899580 
10 0 0 2 0 900059 
6 3 0 0 0 914346 
7 3 0 0 0 914410 
9 0 0 1 0 915901 
10 0 0 1 0 916932 
8 1 0 0 0 920775 
11 1 0 0 0 921739 
12 1 0 0 0 925716 
5 1 0 0 0 925749 
8 3 0 0 0 997138 
11 3 0 0 0 998206 
12 3 0 0 0 1003947 
5 3 0 0 0 1004004 
9 0 0 3 0 1004459 
10 0 0 3 0 1005493 
6 4 0 0 0 1076661 
7 4 0 0 0 1076735 
6 1 0 0 0 1105723 
7 1 0 0 0 1105759 
9 0 0 1 0 1152248 
10 0 0 1 0 1153303 
8 1 0 0 0 1157567 
11 1 0 0 0 1158438 
12 1 0 0 0 1161733 
5 1 0 0 0 1161767 
8 4 0 0 0 1190723 
11 4 0 0 0 1191803 
12 4 0 0 0 1200105 
5 4 0 0 0 1200202 
9 0 0 4 0 1201128 
10 0 0 4 0 1202160 
6 3 0 0 0 1361109 
7 3 0 0 0 1361165 
6 1 0 0 0 1364742 
7 1 0 0 0 1364781 
6 2 0 0 0 1396806 
7 2 0 0 0 1396870 
9 0 0 1 0 1450742 
10 0 0 1 0 1451789 
8 1 0 0 0 1455597 
11 1 0 0 0 1456511 
12 1 0 0 0 1459867 
5 1 0 0 0 1459902 
6 4 0 0 0 1484231 
7 4 0 0 0 1484303 
8 3 0 0 0 1508767 
11 3 0 0 0 1509848 
9 0 0 3 0 1515641 
10 0 0 3 0 1516674 
12 3 0 0 0 1518260 
5 3 0 0 0 1518319 
8 2 0 0 0 1546837 
11 2 0 0 0 1547986 
9 0 0 2 0 1555610 
10 0 0 2 0 1556644 
12 2 0 0 0 1557082 
5 2 0 0 0 1557148 
8 4 0 0 0 1589887 
11 4 0 0 0 1590967 
12 4 0 0 0 1598835 
5 4 0 0 0 1598902 
9 0 0 4 0 1601225 
10 0 0 4 0 1602250 
6 1 0 0 0 1639778 
7 1 0 0 0 1639823 
9 0 0 1 0 1696751 
10 0 0 1 0 1697820 
8 1 0 0 0 1701358 
11 1 0 0 0 1702263 
12 1 0 0 0 1705653 
5 1 0 0 0 1705686 
6 1 0 0 0 1813213 
7 1 0 0 0 1813255 
9 0 0 1 0 1825098 
10 0 0 1 0 1826185 
8 1 0 0 0 1828879 
11 1 0 0 0 1829789 
12 1 0 0 0 1833810 
5 1 0 0 0 1833842 
6 3 0 0 0 1875552 
7 3 0 0 0 1875615 
8 3 0 0 0 1943423 
11 3 0 0 0 1944568 
12 3 0 0 0 1950302 
5 3 0 0 0 1950358 
9 0 0 3 0 1950608 
10 0 0 3 0 1951718 
6 2 0 0 0 1965048 
7 2 0 0 0 1965119 
6 1 0 0 0 2013051 
7 1 0 0 0 2013095 
8 2 0 0 0 2055352 
11 2 0 0 0 2056498 
12 2 0 0 0 2062315 
5 2 0 0 0 2062376 
9 0 0 2 0 2062943 
10 0 0 2 0 2063991 
9 0 0 1 0 2104320 
10 0 0 1 0 2105350 
8 1 0 0 0 2108249 
11 1 0 0 0 2109179 
12 1 0 0 0 2112633 
5 1 0 0 0 2112667 
6 3 0 0 0 2308602 
7 3 0 0 0 2308660 
6 1 0 0 0 2313749 
7 1 0 0 0 2313789 
6 4 0 0 0 2324562 
7 4 0 0 0 2324632 
9 0 0 1 0 2421381 
10 0 0 1 0 2422507 
8 1 0 0 0 2424817 
11 1 0 0 0 2425726 
12 1 0 0 0 2429578 
5 1 0 0 0 2430178 
6 2 0 0 0 2432325 
7 2 0 0 0 2432393 
8 3 0 0 0 2485211 
11 3 0 0 0 2486273 
9 0 0 3 0 2492050 
12 3 0 0 0 2492155 
5 3 0 0 0 2492211 
10 0 0 3 0 2493099 
8 4 0 0 0 2499517 
11 4 0 0 0 2500630 
12 4 0 0 0 2506782 
5 4 0 0 0 2506850 
9 0 0 4 0 2508487 
10 0 0 4 0 2509569 
6 1 0 0 0 2517612 
7 1 0 0 0 2517649 
9 0 0 1 0 2553511 
10 0 0 1 0 2554542 
8 1 0 0 0 2556613 
11 1 0 0 0 2557396 
12 1 0 0 0 2561197 
5 1 0 0 0 2561231 
8 2 0 0 0 2613181 
11 2 0 0 0 2614354 
12 2 0 0 0 2620983 
5 2 0 0 0 2621047 
9 0 0 2 0 2621135 
10 0 0 2 0 2622538 
6 1 0 0 0 2698108 
7 1 0 0 0 2698145 
9 0 0 1 0 2716267 
10 0 0 1 0 2717323 
8 1 0 0 0 2718519 
11 1 0 0 0 2719503 
12 1 0 0 0 2723733 
5 1 0 0 0 2723765 
6 3 0 0 0 2848448 
7 3 0 0 0 2848509 
6 1 0 0 0 2907370 
7 1 0 0 0 2907408 
8 3 0 0 0 2942444 
11 3 0 0 0 2943539 
9 0 0 3 0 2949609 
10 0 0 3 0 2950685 
12 3 0 0 0 2952019 
5 3 0 0 0 2952077 
9 0 0 1 0 2990444 
10 0 0 1 0 2991486 
8 1 0 0 0 2993434 
11 1 0 0 0 2994351 
12 1 0 0 0 2997578 
5 1 0 0 0 2997613 
6 4 0 0 0 3070148 
7 4 0 0 0 3070225 
6 3 0 0 0 3109641 
7 3 0 0 0 3109707 
8 3 0 0 0 3120922 
11 3 0 0 0 3122004 
6 2 0 0 0 3124477 
7 2 0 0 0 3124544 
9 0 0 3 0 3127500 
10 0 0 3 0 3128552 
12 3 0 0 0 3130296 
5 3 0 0 0 3130354 
8 4 0 0 0 3146154 
11 4 0 0 0 3147269 
12 4 0 0 0 3153346 
5 4 0 0 0 3153412 
9 0 0 4 0 3154992 
10 0 0 4 0 3156021 
6 1 0 0 0 3183168 
7 1 0 0 0 3183206 
8 2 0 0 0 3275336 
11 2 0 0 0 3276930 
12 2 0 0 0 3283253 
5 2 0 0 0 3283313 
9 0 0 2 0 3284588 
10 0 0 2 0 3285696 
9 0 0 1 0 3300916 
10 0 0 1 0 3301950 
8 1 0 0 0 3303615 
11 1 0 0 0 3304545 
12 1 0 0 0 3307773 
5 1 0 0 0 3307805 
6 1 0 0 0 3486884 
7 1 0 0 0 3486926 
6 3 0 0 0 3493177 
7 3 0 0 0 3493245 
9 0 0 1 0 3529254 
10 0 0 1 0 3530316 
8 1 0 0 0 3530761 
11 1 0 0 0 3531547 
12 1 0 0 0 3535808 
5 1 0 0 0 3535841 
8 3 0 0 0 3597718 
11 3 0 0 0 3598900 
9 0 0 3 0 3606799 
12 3 0 0 0 3606903 
5 3 0 0 0 3606962 
10 0 0 3 0 3607844 
6 2 0 0 0 3665805 
7 2 0 0 0 3665874 
8 2 0 0 0 3722560 
11 2 0 0 0 3723797 
12 2 0 0 0 3735370 
5 2 0 0 0 3735430 
9 0 0 2 0 3735573 
6 1 0 0 0 3736641 
7 1 0 0 0 3736683 
10 0 0 2 0 3736702 
6 4 0 0 0 3805772 
7 4 0 0 0 3805848 
9 0 0 1 0 3812717 
10 0 0 1 0 3813851 
8 1 0 0 0 3814405 
11 1 0 0 0 3815306 
12 1 0 0 0 3818961 
5 1 0 0 0 3818995 
8 4 0 0 0 3856482 
11 4 0 0 0 3857599 
12 4 0 0 0 3867870 
5 4 0 0 0 3867938 
9 0 0 4 0 3869301 
10 0 0 4 0 3870363 
6 3 0 0 0 3969338 
7 3 0 0 0 3969408 
8 3 0 0 0 4031910 
11 3 0 0 0 4033021 
9 0 0 3 0 4038694 
12 3 0 0 0 4039217 
5 3 0 0 0 4039275 
10 0 0 3 0 4040236 
6 1 0 0 0 4045360 
7 1 0 0 0 4045399 
6 2 0 0 0 4065128 
7 2 0 0 0 4065204 
9 0 0 1 0 4089197 
8 1 0 0 0 4090377 
11 1 0 0 0 4091275 
8 2 0 0 0 4140142 
11 2 0 0 0 4141385 
12 2 0 0 0 4155509 
5 2 0 0 0 4155570 
10 0 0 1 0 4156625 
9 0 0 2 0 4158277 
10 0 0 2 0 4159334 
12 1 0 0 0 4161236 
5 1 0 0 0 4161270 
6 4 0 0 0 4223150 
7 4 0 0 0 4223224 
8 4 0 0 0 4233271 
11 4 0 0 0 4234243 
12 4 0 0 0 4242307 
5 4 0 0 0 4242375 
9 0 0 4 0 4243773 
10 0 0 4 0 4244824 
6 1 0 0 0 4339635 
7 1 0 0 0 4339673 
9 0 0 1 0 4399724 
10 0 0 1 0 4400770 
8 1 0 0 0 4400904 
6 3 0 0 0 4401442 
7 3 0 0 0 4401515 
11 1 0 0 0 4401817 
12 1 0 0 0 4405214 
5 1 0 0 0 4405249 
8 3 0 0 0 4450090 
11 3 0 0 0 4451205 
9 0 0 3 0 4458467 
12 3 0 0 0 4459081 
10 0 0 3 0 4459573 
5 3 0 0 0 4459829 
6 1 0 0 0 4484996 
7 1 0 0 0 4485031 
6 2 0 0 0 4513260 
7 2 0 0 0 4513330 
9 0 0 1 0 4523037 
10 0 0 1 0 4524063 
8 1 0 0 0 4524180 
11 1 0 0 0 4525090 
12 1 0 0 0 4528366 
5 1 0 0 0 4528398 
8 2 0 0 0 4586794 
11 2 0 0 0 4588907 
12 2 0 0 0 4594301 
5 2 0 0 0 4594360 
9 0 0 2 0 4597538 
10 0 0 2 0 4598632 
6 1 0 0 0 4708656 
7 1 0 0 0 4708700 
9 0 0 1 0 4753481 
8 1 0 0 0 4754281 
10 0 0 1 0 4754520 
11 1 0 0 0 4755144 
12 1 0 0 0 4758464 
5 1 0 0 0 4758498 
6 2 0 0 0 4799968 
7 2 0 0 0 4800043 
8 2 0 0 0 4832080 
11 2 0 0 0 4833205 
6 3 0 0 0 4893057 
7 3 0 0 0 4893124 
12 2 0 0 0 4920891 
5 2 0 0 0 4921672 
9 0 0 2 0 4923776 
10 0 0 2 0 4924956 
6 1 0 0 0 4932893 
7 1 0 0 0 4932989 
8 3 0 0 0 4940977 
11 3 0 0 0 4942173 
9 0 0 3 0 4949529 
12 3 0 0 0 4950099 
5 3 0 0 0 4950158 
10 0 0 3 0 4950596 
6 4 0 0 0 5005373 
7 4 0 0 0 5005443 
8 1 0 0 0 5010832 
9 0 0 1 0 5011053 
11 1 0 0 0 5011615 
10 0 0 1 0 5012077 
12 1 0 0 0 5015635 
5 1 0 0 0 5015669 
8 4 0 0 0 5071297 
11 4 0 0 0 5072456 
9 0 0 4 0 5082131 
10 0 0 4 0 5083182 
12 4 0 0 0 5084044 
5 4 0 0 0 5084110 
6 1 0 0 0 5195830 
7 1 0 0 0 5195871 
8 1 0 0 0 5256110 
9 0 0 1 0 5256219 
11 1 0 0 0 5257038 
10 0 0 1 0 5257259 
12 1 0 0 0 5260505 
5 1 0 0 0 5260539 
6 2 0 0 0 5278249 
7 2 0 0 0 5278316 
6 3 0 0 0 5313346 
7 3 0 0 0 5313410 
6 1 0 0 0 5332334 
7 1 0 0 0 5332370 
8 2 0 0 0 5342902 
11 2 0 0 0 5343989 
12 2 0 0 0 5350920 
5 2 0 0 0 5350981 
8 1 0 0 0 5352675 
11 1 0 0 0 5353537 
9 0 0 1 0 5353771 
10 0 0 1 0 5354811 
9 0 0 2 0 5355056 
10 0 0 2 0 5356013 
12 1 0 0 0 5358014 
5 1 0 0 0 5358048 
6 4 0 0 0 5407454 
7 4 0 0 0 5407525 
8 3 0 0 0 5448586 
11 3 0 0 0 5449692 
9 0 0 3 0 5454723 
12 3 0 0 0 5455274 
5 3 0 0 0 5455332 
10 0 0 3 0 5455769 
6 2 0 0 0 5484719 
7 2 0 0 0 5484794 
8 4 0 0 0 5490036 
11 4 0 0 0 5491193 
12 4 0 0 0 5499575 
5 4 0 0 0 5499641 
9 0 0 4 0 5500198 
10 0 0 4 0 5501226 
8 2 0 0 0 5525748 
11 2 0 0 0 5526937 
12 2 0 0 0 5534526 
5 2 0 0 0 5534585 
6 1 0 0 0 5536954 
7 1 0 0 0 5536998 
9 0 0 2 0 5537882 
10 0 0 2 0 5539786 
8 1 0 0 0 5619705 
9 0 0 1 0 5620075 
11 1 0 0 0 5620611 
10 0 0 1 0 5621110 
12 1 0 0 0 5623947 
5 1 0 0 0 5623982 
6 1 0 0 0 5777806 
7 1 0 0 0 5777849 
6 4 0 0 0 5795065 
7 4 0 0 0 5795138 
6 3 0 0 0 5815927 
7 3 0 0 0 5815993 
8 1 0 0 0 5817924 
11 1 0 0 0 5818702 
9 0 0 1 0 5819589 
10 0 0 1 0 5820675 
12 1 0 0 0 5823206 
5 1 0 0 0 5823240 
8 4 0 0 0 5840256 
11 4 0 0 0 5841408 
12 4 0 0 0 5852498 
9 0 0 4 0 5852760 
5 4 0 0 0 5853284 
10 0 0 4 0 5853813 
6 2 0 0 0 5891484 
7 2 0 0 0 5891565 
8 3 0 0 0 5930974 
11 3 0 0 0 5932074 
9 0 0 3 0 5937021 
12 3 0 0 0 5937443 
5 3 0 0 0 5937500 
10 0 0 3 0 5938039 
8 2 0 0 0 5991942 
11 2 0 0 0 5993112 
12 2 0 0 0 6000733 
5 2 0 0 0 6000793 
6 1 0 0 0 6002428 
7 1 0 0 0 6002472 
9 0 0 2 0 6003075 
10 0 0 2 0 6004031 
8 1 0 0 0 6071966 
11 1 0 0 0 6072873 
9 0 0 1 0 6072925 
10 0 0 1 0 6073962 
12 1 0 0 0 6076189 
5 1 0 0 0 6076223 
6 1 0 0 0 6156729 
7 1 0 0 0 6156771 
8 1 0 0 0 6195187 
11 1 0 0 0 6196116 
9 0 0 1 0 6196414 
10 0 0 1 0 6197529 
12 1 0 0 0 6199607 
5 1 0 0 0 6199642 
6 3 0 0 0 6298725 
7 3 0 0 0 6298787 
8 3 0 0 0 6368637 
11 3 0 0 0 6369748 
6 2 0 0 0 6374584 
7 2 0 0 0 6374652 
6 1 0 0 0 6378697 
7 1 0 0 0 6378739 
9 0 0 3 0 6380002 
10 0 0 3 0 6381082 
12 3 0 0 0 6382517 
5 3 0 0 0 6382575 
8 1 0 0 0 6492477 
11 1 0 0 0 6493383 
9 0 0 1 0 6493967 
10 0 0 1 0 6495012 
12 1 0 0 0 6496815 
5 1 0 0 0 6496851 
8 2 0 0 0 6501366 
11 2 0 0 0 6502535 
12 2 0 0 0 6508582 
5 2 0 0 0 6508643 
9 0 0 2 0 6513460 
10 0 0 2 0 6514479 
6 3 0 0 0 6520589 
7 3 0 0 0 6520654 
8 3 0 0 0 6527750 
11 3 0 0 0 6528855 
9 0 0 3 0 6534808 
10 0 0 3 0 6535877 
12 3 0 0 0 6536795 
5 3 0 0 0 6536855 
6 1 0 0 0 6566625 
7 1 0 0 0 6566668 
6 4 0 0 0 6588130 
7 4 0 0 0 6588197 
8 1 0 0 0 6607633 
11 1 0 0 0 6608571 
9 0 0 1 0 6609421 
10 0 0 1 0 6610457 
12 1 0 0 0 6612046 
5 1 0 0 0 6612079 
8 4 0 0 0 6672586 
11 4 0 0 0 6673695 
9 0 0 4 0 6682328 
12 4 0 0 0 6682370 
5 4 0 0 0 6682437 
6 1 0 0 0 6682575 
7 1 0 0 0 6682611 
10 0 0 4 0 6683382 
8 1 0 0 0 6698912 
11 1 0 0 0 6699843 
9 0 0 1 0 6700770 
10 0 0 1 0 6701790 
12 1 0 0 0 6703350 
5 1 0 0 0 6703382 
6 2 0 0 0 6879617 
7 2 0 0 0 6879685 
6 3 0 0 0 6896308 
7 3 0 0 0 6896377 
6 1 0 0 0 6900132 
7 1 0 0 0 6900177 
6 4 0 0 0 6934205 
7 4 0 0 0 6934285 
8 2 0 0 0 7065817 
11 2 0 0 0 7067016 
8 1 0 0 0 7093046 
11 1 0 0 0 7094708 
8 3 0 0 0 7108635 
11 3 0 0 0 7109744 
8 4 0 0 0 7124899 
11 4 0 0 0 7125975 
12 2 0 0 0 7180748 
5 2 0 0 0 7180815 
9 0 0 1 0 7182408 
10 0 0 1 0 7183567 
9 0 0 2 0 7183811 
12 1 0 0 0 7184651 
5 1 0 0 0 7184687 
10 0 0 2 0 7184750 
9 0 0 3 0 7184962 
10 0 0 3 0 7185904 
9 0 0 4 0 7186108 
12 4 0 0 0 7186566 
5 4 0 0 0 7186638 
12 3 0 0 0 7186995 
10 0 0 4 0 7187051 
5 3 0 0 0 7187053 
6 1 0 0 0 7256733 
7 1 0 0 0 7256769 
8 1 0 0 0 7273244 
11 1 0 0 0 7274183 
9 0 0 1 0 7281345 
12 1 0 0 0 7283313 
5 1 0 0 0 7283347 
10 0 0 1 0 7287214 
6 3 0 0 0 7335895 
7 3 0 0 0 7335951 
8 3 0 0 0 7356412 
11 3 0 0 0 7357509 
6 1 0 0 0 7359261 
7 1 0 0 0 7359303 
9 0 0 3 0 7362485 
10 0 0 3 0 7363536 
12 3 0 0 0 7367020 
5 3 0 0 0 7367079 
8 1 0 0 0 7406662 
11 1 0 0 0 7407435 
9 0 0 1 0 7410239 
10 0 0 1 0 7411269 
12 1 0 0 0 7411838 
5 1 0 0 0 7411873 
6 2 0 0 0 7463869 
7 2 0 0 0 7463937 
8 2 0 0 0 7506851 
11 2 0 0 0 7507984 
12 2 0 0 0 7515387 
9 0 0 2 0 7520831 
6 1 0 0 0 7585192 
7 1 0 0 0 7585235 
8 1 0 0 0 7625528 
11 1 0 0 0 7626297 
9 0 0 1 0 7629101 
12 1 0 0 0 7630511 
6 3 0 0 0 7729442 
7 3 0 0 0 7729508 
8 3 0 0 0 7786633 
11 3 0 0 0 7787639 
9 0 0 3 0 7794810 
12 3 0 0 0 7795914 
6 4 0 0 0 7913162 
7 4 0 0 0 7913232 
8 4 0 0 0 7991287 
11 4 0 0 0 7992385 
9 0 0 4 0 8001262 
12 4 0 0 0 8002023 
