-1 0 0 0 0 0 Me
-2 0 0 246 0 0
-3 0 0 3 0 0
-4 0 0 1 0 0
-5 0 0 25356 0 0
-6 0 0 0 0 4237
-7 0 0 0 0 3438400
-8 0 0 1 0 0
-11 0 0 0 0 0
-13 0 12 13 0 0 Blue:gray Send
-13 0 14 15 0 0 IndianRed:gray3 Recv
14 2 0 0 0 2457881 
12 1 0 0 0 2459163 
12 0 0 0 0 2460408 
-102 2 0 0 0 2460466 1 4
15 2 0 0 0 2461773 
-101 0 0 2 0 2462160 1 4
13 0 0 0 0 2463068 
14 0 0 0 0 2463880 
-101 1 0 2 0 2500947 1 4
13 1 0 0 0 2502307 
14 1 0 0 0 2503916 
12 2 0 0 0 2541693 
-101 2 0 0 0 2547320 2 4000
13 2 0 0 0 2549482 
14 2 0 0 0 2550869 
-102 2 0 1 0 2553466 1 4
15 2 0 0 0 2554744 
-102 0 0 2 0 2555028 2 4000
15 0 0 0 0 2555851 
12 2 0 0 0 2561868 
-101 2 0 1 0 2567223 2 4000
13 2 0 0 0 2568807 
14 2 0 0 0 2570874 
-102 1 0 2 0 2574314 2 4000
15 1 0 0 0 2575646 
12 1 0 0 0 2601192 
12 0 0 0 0 2603266 
-102 2 0 0 0 2603379 1 4
-101 1 0 2 0 2603928 1 4
15 2 0 0 0 2604697 
-101 0 0 2 0 2605079 1 4
13 1 0 0 0 2605267 
13 0 0 0 0 2605890 
14 1 0 0 0 2606559 
14 0 0 0 0 2606675 
12 2 0 0 0 2611796 
-101 2 0 0 0 2617237 2 4000
13 2 0 0 0 2619345 
14 2 0 0 0 2620812 
-102 2 0 1 0 2623359 1 4
15 2 0 0 0 2624648 
-102 0 0 2 0 2624730 2 4000
15 0 0 0 0 2625551 
12 2 0 0 0 2631709 
-101 2 0 1 0 2636999 2 4000
13 2 0 0 0 2639120 
14 2 0 0 0 2640647 
-102 1 0 2 0 2643349 2 4000
15 1 0 0 0 2644704 
12 0 0 0 0 2669154 
12 1 0 0 0 2669311 
-102 2 0 0 0 2670757 1 4
-101 0 0 2 0 2670912 1 4
13 0 0 0 0 2671722 
15 2 0 0 0 2672089 
14 0 0 0 0 2672506 
-101 1 0 2 0 2672509 1 4
13 1 0 0 0 2673846 
14 1 0 0 0 2675135 
12 2 0 0 0 2679091 
-101 2 0 0 0 2684808 2 4000
13 2 0 0 0 2686905 
14 2 0 0 0 2688188 
-102 2 0 1 0 2690804 1 4
-102 0 0 2 0 2692091 2 4000
15 2 0 0 0 2692108 
15 0 0 0 0 2692967 
12 2 0 0 0 2699081 
-101 2 0 1 0 2704734 2 4000
13 2 0 0 0 2706845 
14 2 0 0 0 2708128 
-102 1 0 2 0 2711046 2 4000
15 1 0 0 0 2712373 
12 1 0 0 0 2735613 
12 0 0 0 0 2736403 
-102 2 0 0 0 2736505 1 4
15 2 0 0 0 2737825 
-101 0 0 2 0 2738149 1 4
-101 1 0 2 0 2738850 1 4
13 0 0 0 0 2738964 
14 0 0 0 0 2739744 
13 1 0 0 0 2740204 
14 1 0 0 0 2741503 
12 2 0 0 0 2756358 
-101 2 0 0 0 2761974 2 4000
13 2 0 0 0 2764103 
14 2 0 0 0 2765374 
-102 2 0 1 0 2767961 1 4
-102 0 0 2 0 2769176 2 4000
15 2 0 0 0 2769251 
15 0 0 0 0 2770006 
12 2 0 0 0 2776392 
-101 2 0 1 0 2781739 2 4000
13 2 0 0 0 2783868 
14 2 0 0 0 2785542 
-102 1 0 2 0 2788856 2 4000
15 1 0 0 0 2790192 
12 1 0 0 0 2813891 
12 0 0 0 0 2814265 
-102 2 0 0 0 2814697 1 4
-101 0 0 2 0 2816017 1 4
15 2 0 0 0 2816020 
-101 1 0 2 0 2816636 1 4
13 0 0 0 0 2816831 
14 0 0 0 0 2817614 
13 1 0 0 0 2818059 
14 1 0 0 0 2819346 
12 2 0 0 0 2823124 
-101 2 0 0 0 2828600 2 4000
13 2 0 0 0 2830825 
14 2 0 0 0 2832180 
-102 2 0 1 0 2834714 1 4
-102 0 0 2 0 2835861 2 4000
15 2 0 0 0 2836001 
15 0 0 0 0 2836685 
12 2 0 0 0 2865628 
-101 2 0 1 0 2879089 2 4000
13 2 0 0 0 2881239 
14 2 0 0 0 2882496 
-102 1 0 2 0 2884330 2 4000
15 1 0 0 0 2885661 
12 1 0 0 0 2909589 
-102 2 0 0 0 2911983 1 4
12 0 0 0 0 2912218 
-101 1 0 2 0 2912336 1 4
15 2 0 0 0 2913296 
13 1 0 0 0 2913670 
-101 0 0 2 0 2914153 1 4
14 1 0 0 0 2914963 
13 0 0 0 0 2914974 
14 0 0 0 0 2915758 
12 2 0 0 0 2920286 
-101 2 0 0 0 2925900 2 4000
13 2 0 0 0 2927999 
14 2 0 0 0 2929311 
-102 2 0 1 0 2931915 1 4
-102 0 0 2 0 2932936 2 4000
15 2 0 0 0 2933194 
15 0 0 0 0 2933777 
12 2 0 0 0 2940151 
-101 2 0 1 0 2974477 2 4000
13 2 0 0 0 2976705 
14 2 0 0 0 2977985 
-102 1 0 2 0 2980496 2 4000
15 1 0 0 0 2981833 
12 1 0 0 0 3005949 
12 0 0 0 0 3006390 
-102 2 0 0 0 3007163 1 4
-101 0 0 2 0 3008127 1 4
15 2 0 0 0 3008475 
-101 1 0 2 0 3008771 1 4
13 0 0 0 0 3008935 
14 0 0 0 0 3009710 
13 1 0 0 0 3010092 
14 1 0 0 0 3011370 
12 2 0 0 0 3015646 
-101 2 0 0 0 3021234 2 4000
13 2 0 0 0 3022703 
14 2 0 0 0 3024687 
-102 2 0 1 0 3027224 1 4
15 2 0 0 0 3028508 
-102 0 0 2 0 3028692 2 4000
15 0 0 0 0 3029514 
12 2 0 0 0 3035566 
-102 1 0 2 0 3047181 2 4000
15 1 0 0 0 3048677 
-101 2 0 1 0 3057435 2 4000
13 2 0 0 0 3059104 
14 2 0 0 0 3060356 
12 1 0 0 0 3074217 
12 0 0 0 0 3074970 
-102 2 0 0 0 3075480 1 4
-101 0 0 2 0 3076725 1 4
15 2 0 0 0 3076781 
-101 1 0 2 0 3076927 1 4
13 0 0 0 0 3077536 
14 0 0 0 0 3078318 
13 1 0 0 0 3078508 
14 1 0 0 0 3079792 
12 2 0 0 0 3087771 
-101 2 0 0 0 3095632 2 4000
13 2 0 0 0 3099585 
14 2 0 0 0 3101939 
-102 0 0 2 0 3102292 2 4000
15 0 0 0 0 3103200 
-102 2 0 1 0 3108261 1 4
15 2 0 0 0 3109558 
12 2 0 0 0 3118733 
-101 2 0 1 0 3126346 2 4000
13 2 0 0 0 3130311 
14 2 0 0 0 3131954 
-102 1 0 2 0 3132556 2 4000
15 1 0 0 0 3133889 
12 0 0 0 0 3157620 
12 1 0 0 0 3157880 
-101 0 0 2 0 3159851 1 4
13 0 0 0 0 3160663 
-101 1 0 2 0 3161366 1 4
14 0 0 0 0 3161447 
13 1 0 0 0 3162707 
14 1 0 0 0 3163999 
-102 2 0 0 0 3275762 1 4
15 2 0 0 0 3277104 
12 2 0 0 0 3287821 
-102 0 0 2 0 3302580 2 4000
15 0 0 0 0 3303550 
-101 2 0 0 0 3306052 2 4000
13 2 0 0 0 3307855 
14 2 0 0 0 3309299 
-102 2 0 1 0 3312420 1 4
15 2 0 0 0 3313706 
12 2 0 0 0 3322858 
-101 2 0 1 0 3334624 2 4000
13 2 0 0 0 3336015 
-102 1 0 2 0 3337028 2 4000
14 2 0 0 0 3337281 
15 1 0 0 0 3338471 
12 1 0 0 0 3361974 
12 0 0 0 0 3363899 
-101 1 0 2 0 3364703 1 4
-102 2 0 0 0 3365437 1 4
-101 0 0 2 0 3366009 1 4
13 1 0 0 0 3366042 
15 2 0 0 0 3366747 
13 0 0 0 0 3366831 
14 1 0 0 0 3367336 
14 0 0 0 0 3367619 
12 2 0 0 0 3373934 
-101 2 0 0 0 3379436 2 4000
13 2 0 0 0 3381677 
14 2 0 0 0 3382977 
-102 2 0 1 0 3385499 1 4
-102 0 0 2 0 3385790 2 4000
15 0 0 0 0 3386624 
15 2 0 0 0 3386783 
12 2 0 0 0 3396603 
-101 2 0 1 0 3404203 2 4000
-102 1 0 2 0 3410757 2 4000
15 1 0 0 0 3412098 
13 2 0 0 0 3412773 
14 2 0 0 0 3417888 
12 0 0 0 0 3435400 
-102 2 0 0 0 3436411 1 4
-101 0 0 2 0 3437573 1 4
15 2 0 0 0 3437729
13 0 0 0 0 3438400
