-1 0 0 0 0 0 Me
-2 0 0 400 0 0
-3 0 0 8 0 0
-4 0 0 1 0 0
-5 0 0 24984 0 0
-6 0 0 0 0 0
-7 0 0 0 0 9735701
-8 0 0 1 0 0
-11 0 0 0 0 0
-13 0 256 257 0 0 blue:gray3 Send
-13 0 258 259 0 0 green:light_gray Recv
-13 0 260 261 0 0 cyan:gray Bcast
-13 0 262 263 0 0 purple:gray Reduce
-13 0 282 283 0 0 purple:gray Allreduce
-13 0 264 265 0 0 yellow:gray Barrier
-13 0 266 267 0 0 skyblue:gray Isend
-13 0 268 269 0 0 springgreen:gray Irecv
-13 0 270 271 0 0 red:gray Wait
-13 0 272 273 0 0 orange:gray Test
-13 0 274 275 0 0 OrangeRed:gray Waitall
-13 0 276 277 0 0 deepskyblue:gray Ssend
-13 0 278 279 0 0 coral:gray Waitany
-13 0 280 281 0 0 seagreen:gray Sendrecv
260 0 0 1 0 1786 
260 3 0 1 0 2908 
260 7 0 1 0 3181 
260 4 0 1 0 4895 
261 0 0 1 0 4977 
280 0 0 1 0 5234 
260 1 0 1 0 5317 
260 5 0 1 0 5395 
260 2 0 1 0 5512 
261 5 0 1 0 5776 
260 6 0 1 0 6029 
280 5 0 1 0 6192 
261 2 0 1 0 7076 
261 6 0 1 0 7536 
280 2 0 1 0 7562 
280 6 0 1 0 8028 
281 5 0 1 0 12446 
280 5 0 2 0 12556 
261 1 0 1 0 36064 
280 1 0 1 0 36608 
281 1 0 1 0 39165 
280 1 0 2 0 39362 
281 1 0 2 0 43261 
280 1 0 3 0 43438 
281 5 0 2 0 45513 
280 5 0 3 0 45635 
281 5 0 3 0 50937 
281 1 0 3 0 50964 
281 2 0 1 0 72338 
280 2 0 2 0 72528 
264 5 0 2 0 74112 
264 1 0 2 0 76023 
261 3 0 1 0 76525 
280 3 0 1 0 76874 
281 3 0 1 0 79640 
280 3 0 2 0 79747 
261 4 0 1 0 81743 
280 4 0 1 0 82264 
281 4 0 1 0 84223 
280 4 0 2 0 84412 
265 5 0 2 0 85388 
276 5 0 0 0 86923 
265 1 0 2 0 88759 
276 1 0 0 0 89699 
281 6 0 1 0 109391 
280 6 0 2 0 109608 
281 0 0 1 0 111041 
280 0 0 2 0 111116 
281 6 0 2 0 111615 
280 6 0 3 0 111799 
281 0 0 2 0 112096 
280 0 0 3 0 112173 
281 2 0 2 0 112562 
280 2 0 3 0 112748 
261 7 0 1 0 113504 
280 7 0 1 0 113855 
281 7 0 1 0 115368 
280 7 0 2 0 115498 
281 4 0 2 0 115755 
281 6 0 3 0 115845 
280 4 0 3 0 115940 
281 7 0 2 0 116646 
280 7 0 3 0 116773 
281 4 0 3 0 117658 
281 2 0 3 0 118273 
281 3 0 2 0 119114 
280 3 0 3 0 119233 
281 0 0 3 0 119304 
281 7 0 3 0 121793 
281 3 0 3 0 122529 
264 0 0 2 0 129086 
264 7 0 2 0 136656 
264 3 0 2 0 138422 
264 6 0 2 0 140110 
264 4 0 2 0 142197 
264 2 0 2 0 145238 
265 4 0 2 0 157018 
265 6 0 2 0 157239 
276 4 0 0 0 157385 
276 6 0 0 0 157623 
265 2 0 2 0 157909 
276 2 0 0 0 158268 
265 0 0 2 0 158493 
276 0 0 0 0 158626 
277 6 0 0 0 163775 
258 6 0 1 0 164605 start recv by 6 of mesg 0 from 5
265 7 0 2 0 165998 
276 7 0 0 0 166228 
277 7 0 0 0 166525 
258 7 0 1 0 166755 start recv by 7 of mesg 0 from 6
259 7 0 1 0 169400 end recv by 7
276 7 0 0 0 169546 
265 3 0 2 0 170360 
276 3 0 0 0 170601 
277 5 0 0 0 9206055 
258 5 0 1 0 9206284 start recv by 5 of mesg 0 from 4
259 6 0 1 0 9207742 end recv by 6
259 5 0 1 0 9207787 end recv by 5
276 5 0 0 0 9207914 
276 6 0 0 0 9207992 
277 4 0 0 0 9214916 
258 4 0 1 0 9215274 start recv by 4 of mesg 0 from 3
259 4 0 1 0 9217699 end recv by 4
276 4 0 0 0 9217925 
277 3 0 0 0 9220663 
258 3 0 1 0 9221429 start recv by 3 of mesg 0 from 2
277 2 0 0 0 9282754 
258 2 0 1 0 9283115 start recv by 2 of mesg 0 from 1
259 3 0 1 0 9284739 end recv by 3
276 3 0 0 0 9284907 
277 1 0 0 0 9285437 
258 1 0 1 0 9285863 start recv by 1 of mesg 0 from 0
259 2 0 1 0 9285921 end recv by 2
276 2 0 0 0 9286150 
259 1 0 1 0 9288567 end recv by 1
276 1 0 0 0 9288794 
277 0 0 0 0 9292203 
258 0 0 1 0 9292350 start recv by 0 of mesg 0 from -2
259 0 0 1 0 9292409 end recv by 0
276 0 0 0 0 9292470 
277 0 0 0 0 9292515 
258 0 0 2 0 9292594 start recv by 0 of mesg 1 from 1
277 1 0 0 0 9294524 
258 1 0 2 0 9294857 start recv by 1 of mesg 1 from 2
259 0 0 2 0 9296577 end recv by 0
259 1 0 2 0 9296797 end recv by 1
277 2 0 0 0 9298875 
258 2 0 2 0 9299204 start recv by 2 of mesg 1 from 3
259 2 0 2 0 9301119 end recv by 2
277 5 0 0 0 9302967 
258 5 0 2 0 9303199 start recv by 5 of mesg 1 from 6
277 3 0 0 0 9304190 
259 5 0 2 0 9304399 end recv by 5
258 3 0 2 0 9304430 start recv by 3 of mesg 1 from 4
277 4 0 0 0 9305258 
258 4 0 2 0 9305597 start recv by 4 of mesg 1 from 5
259 3 0 2 0 9305739 end recv by 3
276 0 0 0 0 9306339 
259 4 0 2 0 9307422 end recv by 4
277 6 0 0 0 9309937 
258 6 0 2 0 9310312 start recv by 6 of mesg 1 from 7
259 6 0 2 0 9312299 end recv by 6
276 5 0 0 0 9313542 
277 7 0 0 0 9315852 
258 7 0 2 0 9316105 start recv by 7 of mesg 1 from -2
259 7 0 2 0 9316234 end recv by 7
276 1 0 0 0 9325316 
276 3 0 0 0 9329672 
276 2 0 0 0 9329881 
276 7 0 0 0 9332617 
277 7 0 0 0 9332706 
258 7 0 3 0 9332872 start recv by 7 of mesg 0 from 6
276 4 0 0 0 9336104 
276 6 0 0 0 9339363 
277 6 0 0 0 9345218 
258 6 0 3 0 9345583 start recv by 6 of mesg 0 from 5
259 7 0 3 0 9346618 end recv by 7
276 7 0 0 0 9346770 
259 6 0 3 0 9347889 end recv by 6
276 6 0 0 0 9348111 
277 5 0 0 0 9348429 
258 5 0 3 0 9348728 start recv by 5 of mesg 0 from 4
259 5 0 3 0 9349935 end recv by 5
276 5 0 0 0 9350058 
277 4 0 0 0 9356312 
258 4 0 3 0 9356682 start recv by 4 of mesg 0 from 3
259 4 0 3 0 9358891 end recv by 4
276 4 0 0 0 9359123 
277 3 0 0 0 9361170 
258 3 0 3 0 9361399 start recv by 3 of mesg 0 from 2
277 2 0 0 0 9362481 
259 3 0 3 0 9362833 end recv by 3
258 2 0 3 0 9362850 start recv by 2 of mesg 0 from 1
276 3 0 0 0 9362984 
259 2 0 3 0 9365122 end recv by 2
276 2 0 0 0 9365340 
277 1 0 0 0 9365402 
258 1 0 3 0 9365733 start recv by 1 of mesg 0 from 0
259 1 0 3 0 9368414 end recv by 1
276 1 0 0 0 9368642 
277 0 0 0 0 9371402 
258 0 0 3 0 9371549 start recv by 0 of mesg 0 from -2
259 0 0 3 0 9371607 end recv by 0
276 0 0 0 0 9371668 
277 0 0 0 0 9371713 
258 0 0 4 0 9371794 start recv by 0 of mesg 1 from 1
277 1 0 0 0 9373863 
258 1 0 4 0 9374199 start recv by 1 of mesg 1 from 2
259 0 0 4 0 9375077 end recv by 0
259 1 0 4 0 9375935 end recv by 1
277 2 0 0 0 9378193 
258 2 0 4 0 9378529 start recv by 2 of mesg 1 from 3
259 2 0 4 0 9380380 end recv by 2
277 5 0 0 0 9382310 
258 5 0 4 0 9382516 start recv by 5 of mesg 1 from 6
277 3 0 0 0 9383407 
258 3 0 4 0 9383651 start recv by 3 of mesg 1 from 4
259 5 0 4 0 9383684 end recv by 5
277 4 0 0 0 9384431 
258 4 0 4 0 9384766 start recv by 4 of mesg 1 from 5
259 3 0 4 0 9384920 end recv by 3
259 4 0 4 0 9386538 end recv by 4
277 6 0 0 0 9388339 
258 6 0 4 0 9388712 start recv by 6 of mesg 1 from 7
259 6 0 4 0 9390688 end recv by 6
282 0 0 1 0 9391220 
277 7 0 0 0 9394103 
258 7 0 4 0 9394342 start recv by 7 of mesg 1 from -2
259 7 0 4 0 9394471 end recv by 7
282 5 0 1 0 9409491 
282 3 0 1 0 9411606 
282 1 0 1 0 9417136 
282 2 0 1 0 9422010 
282 7 0 1 0 9422904 
282 4 0 1 0 9426632 
282 6 0 1 0 9428767 
283 5 0 1 0 9438510 
276 5 0 0 0 9438668 
283 2 0 1 0 9441813 
276 2 0 0 0 9442048 
283 6 0 1 0 9442074 
283 4 0 1 0 9442347 
276 6 0 0 0 9442348 
283 1 0 1 0 9442528 
276 4 0 0 0 9442585 
276 1 0 0 0 9442797 
283 0 0 1 0 9443452 
276 0 0 0 0 9443592 
283 3 0 1 0 9443784 
276 3 0 0 0 9443932 
283 7 0 1 0 9444754 
276 7 0 0 0 9444916 
277 7 0 0 0 9445005 
258 7 0 5 0 9445200 start recv by 7 of mesg 0 from 6
259 7 0 5 0 9450763 end recv by 7
276 7 0 0 0 9450916 
277 6 0 0 0 9451329 
258 6 0 5 0 9451683 start recv by 6 of mesg 0 from 5
259 6 0 5 0 9453664 end recv by 6
276 6 0 0 0 9453886 
277 5 0 0 0 9454090 
258 5 0 5 0 9454321 start recv by 5 of mesg 0 from 4
259 5 0 5 0 9455564 end recv by 5
276 5 0 0 0 9455693 
277 4 0 0 0 9461335 
258 4 0 5 0 9462084 start recv by 4 of mesg 0 from 3
259 4 0 5 0 9463927 end recv by 4
276 4 0 0 0 9464148 
277 3 0 0 0 9466111 
258 3 0 5 0 9466338 start recv by 3 of mesg 0 from 2
277 2 0 0 0 9466498 
258 2 0 5 0 9466831 start recv by 2 of mesg 0 from 1
259 3 0 5 0 9467674 end recv by 3
276 3 0 0 0 9467828 
259 2 0 5 0 9469457 end recv by 2
276 2 0 0 0 9469678 
277 1 0 0 0 9470432 
258 1 0 5 0 9470761 start recv by 1 of mesg 0 from 0
259 1 0 5 0 9472875 end recv by 1
276 1 0 0 0 9473125 
277 0 0 0 0 9474920 
258 0 0 5 0 9475060 start recv by 0 of mesg 0 from -2
259 0 0 5 0 9475118 end recv by 0
276 0 0 0 0 9475179 
277 0 0 0 0 9478141 
258 0 0 6 0 9478313 start recv by 0 of mesg 1 from 1
277 1 0 0 0 9479303 
258 1 0 6 0 9479631 start recv by 1 of mesg 1 from 2
259 0 0 6 0 9479832 end recv by 0
259 1 0 6 0 9481440 end recv by 1
277 2 0 0 0 9483576 
258 2 0 6 0 9483921 start recv by 2 of mesg 1 from 3
259 2 0 6 0 9485801 end recv by 2
277 3 0 0 0 9488508 
277 5 0 0 0 9488704 
258 3 0 6 0 9488726 start recv by 3 of mesg 1 from 4
258 5 0 6 0 9488935 start recv by 5 of mesg 1 from 6
277 4 0 0 0 9489564 
258 4 0 6 0 9489913 start recv by 4 of mesg 1 from 5
259 3 0 6 0 9489969 end recv by 3
276 0 0 0 0 9490214 
259 5 0 6 0 9490216 end recv by 5
259 4 0 6 0 9493348 end recv by 4
277 6 0 0 0 9494050 
258 6 0 6 0 9494424 start recv by 6 of mesg 1 from 7
259 6 0 6 0 9496408 end recv by 6
276 5 0 0 0 9499301 
277 7 0 0 0 9499848 
258 7 0 6 0 9500099 start recv by 7 of mesg 1 from -2
259 7 0 6 0 9500228 end recv by 7
276 3 0 0 0 9507340 
276 1 0 0 0 9510016 
276 2 0 0 0 9514355 
276 7 0 0 0 9518450 
277 7 0 0 0 9518556 
258 7 0 7 0 9518731 start recv by 7 of mesg 0 from 6
276 4 0 0 0 9521880 
276 6 0 0 0 9523215 
277 6 0 0 0 9529137 
258 6 0 7 0 9529753 start recv by 6 of mesg 0 from 5
259 7 0 7 0 9531118 end recv by 7
276 7 0 0 0 9531268 
259 6 0 7 0 9532023 end recv by 6
276 6 0 0 0 9532248 
277 5 0 0 0 9533040 
258 5 0 7 0 9533266 start recv by 5 of mesg 0 from 4
259 5 0 7 0 9534665 end recv by 5
276 5 0 0 0 9534794 
277 4 0 0 0 9539504 
258 4 0 7 0 9539833 start recv by 4 of mesg 0 from 3
259 4 0 7 0 9542210 end recv by 4
276 4 0 0 0 9542432 
277 3 0 0 0 9544157 
258 3 0 7 0 9544395 start recv by 3 of mesg 0 from 2
277 2 0 0 0 9544767 
258 2 0 7 0 9545104 start recv by 2 of mesg 0 from 1
259 3 0 7 0 9545873 end recv by 3
276 3 0 0 0 9546020 
259 2 0 7 0 9547493 end recv by 2
276 2 0 0 0 9547716 
277 1 0 0 0 9549099 
258 1 0 7 0 9549423 start recv by 1 of mesg 0 from 0
259 1 0 7 0 9551999 end recv by 1
276 1 0 0 0 9552222 
277 0 0 0 0 9553458 
258 0 0 7 0 9553601 start recv by 0 of mesg 0 from -2
259 0 0 7 0 9553660 end recv by 0
276 0 0 0 0 9553721 
277 0 0 0 0 9553766 
258 0 0 8 0 9553845 start recv by 0 of mesg 1 from 1
259 0 0 8 0 9557077 end recv by 0
277 1 0 0 0 9557446 
258 1 0 8 0 9557775 start recv by 1 of mesg 1 from 2
259 1 0 8 0 9559656 end recv by 1
277 2 0 0 0 9559806 
258 2 0 8 0 9560132 start recv by 2 of mesg 1 from 3
259 2 0 8 0 9562641 end recv by 2
277 3 0 0 0 9565230 
258 3 0 8 0 9565453 start recv by 3 of mesg 1 from 4
277 5 0 0 0 9566106 
277 4 0 0 0 9566311 
258 4 0 8 0 9566643 start recv by 4 of mesg 1 from 5
259 3 0 8 0 9566698 end recv by 3
258 5 0 8 0 9567022 start recv by 5 of mesg 1 from 6
259 5 0 8 0 9568259 end recv by 5
259 4 0 8 0 9568403 end recv by 4
277 6 0 0 0 9572034 @"jsrecv by 4
258 6 0 8 0 9572407 start recv by 6 of mesg 1 from 7
282 0 0 2 0 9573063 
259 6 0 8 0 9574548 end recv by 6
277 7 0 0 0 9577829 
258 7 0 8 0 9578068 start recv by 7 of mesg 1 from -2
259 7 0 8 0 9578196 end recv by 7
282 5 0 2 0 9583078 
282 3 0 2 0 9595384 
282 1 0 2 0 9599725 
282 2 0 2 0 9602625 
282 7 0 2 0 9603775 
282 4 0 2 0 9608983 
282 6 0 2 0 9612204 
283 5 0 2 0 9625735 
264 5 0 3 0 9625941 
283 2 0 2 0 9627135 
264 2 0 3 0 9627476 
283 6 0 2 0 9627528 
264 6 0 3 0 9627901 
283 4 0 2 0 9627910 
264 4 0 3 0 9628254 
283 0 0 2 0 9628585 
283 3 0 2 0 9629359 
264 3 0 3 0 9629571 
283 1 0 2 0 9631139 
264 1 0 3 0 9631492 
283 7 0 2 0 9631992 
264 7 0 3 0 9632223 
264 0 0 3 0 9711216 
265 7 0 3 0 9735572 
265 6 0 3 0 9735577 
265 2 0 3 0 9735594 
265 1 0 3 0 9735595 
265 4 0 3 0 9735604 
265 3 0 3 0 9735655 
265 5 0 3 0 9735667 
265 0 0 3 0 9735701 
