IBM AIX XL C Compiler  Version 01.03.0000.0000 --- initsend.c 11/21/94 17:38:34
 
>>>>> OPTIONS SECTION <<<<<
 
***   Options In Effect   ***
 
 ANSIALIAS     FOLD          LIST          MAF           RO
 ROCONST       XCOFF
 
 
>>>>> OBJECT SECTION, OPTIMIZATION <<<<<
 
 GPR's set/used:   su-s uusu suss s---  ---- ---- ---- ----
 FPR's set/used:   ---- ---- ---- ----  ---- ---- ---- ----
 CCR's set/used:   s--- ----
     | 000000                           PDEF     MPIR_Send_init
    0|                                  PROC     buf,count,datatype,dest,tag,comm,request,mode,nonblocking,gr3-gr10
   33| 000000 cal      38000000   2     LI       gr0=0
   33| 000004 st       90090000   1     ST4A     (int)(gr9,0)=gr0
   35| 000008 cmpi     2C06FFFF   1     C4       cr0=gr6,-1
   34| 00000C l        81880018   1     L4Z      gr12=(int)(gr8,24)
   57| 000010 l        81610038   1     L4A      gr11=nonblocking(gr1,56)
   34| 000014 st       91890008   1     ST4A     (int)(gr9,8)=gr12
   35| 000018 bc       40820010   0     BF       CL.1,cr0,0x4/eq
   36| 00001C st       90C9000C   1     ST4A     (int)(gr9,12)=gr6
   47| 000020 st       9069002C   1     ST4Z     (void*)(gr9,44)=gr3
   37| 000024 b        4800001C   0     B        CL.4
   37|                              CL.1:
   38| 000028 l        81880008   2     L4Z      gr12=(struct_4194516*)(gr8,8)
   38| 00002C rlinm    54C6103A   1     SLL4     gr6=gr6,2
   38| 000030 l        818C001C   1     L4Z      gr12=(int*)(gr12,28)
   38| 000034 lx       7D8C302E   2     L4A      gr12=(int)(gr12,gr6,0)
   38| 000038 st       9189000C   2     ST4A     (int)(gr9,12)=gr12
   47| 00003C st       9069002C   1     ST4Z     (void*)(gr9,44)=gr3
    0|                              CL.4:
   39| 000040 st       90E90010   2     ST4A     (int)(gr9,16)=gr7
   40| 000044 st       90090014   1     ST4A     (int)(gr9,20)=gr0
   41| 000048 st       90A90018   1     ST4Z     (struct_4194440*)(gr9,24)=gr5
   48| 00004C st       90890034   1     ST4A     (int)(gr9,52)=gr4
   50| 000050 st       91490044   1     ST4A     (int)(gr9,68)=gr10
   42| 000054 st       9109001C   1     ST4Z     (struct_4194510*)(gr9,28)=gr8
   52| 000058 l        8108000C   1     L4Z      gr8=(struct_4194516*)(gr8,12)
   58| 00005C cal      38600000   1     LI       gr3=0
   52| 000060 l        81480008   1     L4A      gr10=(int)(gr8,8)
   52| 000064 l        8108001C   1     L4Z      gr8=(int*)(gr8,28)
   52| 000068 rlinm    554A103A   1     SLL4     gr10=gr10,2
   52| 00006C lx       7D08502E   1     L4A      gr8=(int)(gr8,gr10,0)
   57| 000070 st       91690050   1     ST4A     (int)(gr9,80)=gr11
   51| 000074 st       91090048   1     ST4A     (int)(gr9,72)=gr8
   17| 000078 bcr      4E800020   0     BA       lr
     |               Tag Table
     | 00007C        00000000 00002040 00000800 00000000 0000007C 000E4D50
     | 000094        49525F53 656E645F 696E6974
     |               Instruction count           31
     |               Straight-line exec time     33
 
>>>>> FILE TABLE SECTION <<<<<
 
 
                                       FILE CREATION        FROM
FILE NO   FILENAME                    DATE       TIME       FILE    LINE
     0    initsend.c                  11/21/94   17:38:32
     1    ../../include/mpiimpl.h     10/24/94   17:03:35      0      12
     2    ../../include/mpi.h         11/21/94   14:51:26      1      14
     3    ../../include/mpi_errno.h   06/27/94   08:06:31      2     145
     4    ../../include/binding.h     11/21/94   14:42:12      2     148
     5    ../../include/patchlevel.h  11/11/94   17:53:22      1      18
     6    ../../include/dmpiatom.h    10/24/94   17:03:31      1      19
     7    ../../include/mpi_bc.h      11/08/94   09:59:49      6     199
     8    ../../include/mpi_errno.h   06/27/94   08:06:31      7      14
     9    ../../include/mpi_bc.h      11/08/94   09:59:49      1      20
    10    ../../include/mpir.h        11/08/94   10:00:07      1      21
    11    /usr/include/stdio.h        08/22/93   09:39:33     10      10
    12    /usr/include/standards.h    03/25/92   10:11:52     11      30
    13    /usr/include/va_list.h      08/22/93   09:39:35     11     216
    14    ../../mpid/ch_eui/mpid.h    09/20/94   15:04:57     10      15
    15    ../../mpid/ch_eui/dmeui.h   11/06/94   18:10:31     14       8
    16    ../../include/mpi.h         11/21/94   14:51:26     15      77
    17    ../../include/dmpiatom.h    10/24/94   17:03:31     15      78
    18    ../../include/mpi_ad.h      11/21/94   15:23:59      1      22
    19    ../../mpid/ch_eui/mpid_bind.h
                                      11/06/94   18:10:16      1      24
    20    ../../include/mpiprof.h     08/26/94   23:05:39      1      37
    21    ../../include/mpisys.h      04/13/94   13:30:38      0      13
    22    ../../include/sbcnst.h      09/29/94   16:51:43     21      10
 
 
>>>>> COMPILATION EPILOGUE SECTION <<<<<
 
 
 XL C Language Summary of Diagnosed Conditions
 
TOTAL   UNRECOVERABLE  SEVERE       ERROR     WARNING    INFORMATIONAL
               (U)       (S)         (E)        (W)          (I)
    0           0         0           0          0            0
 
 
    Source records read.......................................      58
    Compilation start.............................. 11/21/94  17:38:34
    Compilation end................................ 11/21/94  17:38:36
    Elapsed time..............................................00:00:02
    Total cpu time............................................   0.500
    Virtual cpu time..........................................   0.580
1501-510  Compilation successful for file initsend.c.
1501-543  Object file created.
