-1 0 0 0 0 0 Me
-2 0 0 758 0 0
-3 0 0 8 0 0
-4 0 0 1 0 0
-5 0 0 37524 0 0
-6 0 0 0 0 0
-7 0 0 0 0 12486000
-8 0 0 1 0 0
-11 0 0 0 0 0
-13 0 1 2 0 0 : Create random data
-13 0 3 4 0 0 : Compute
-13 0 5 6 0 0 : Graphics update
-13 0 7 8 0 0 : Reduce
-101 5 0 7 0 2565207 1 4
-101 3 0 7 0 2568010 1 4
-102 7 0 0 0 2569398 1 4
1 7 0 0 0 2570401 
2 7 0 0 0 2575415 
-101 7 0 0 0 2577421 2 4000
-102 7 0 5 0 2578424 1 4
1 7 0 0 0 2578424 
2 7 0 0 0 2581433 
-101 7 0 5 0 2584441 2 4000
-102 7 0 3 0 2585444 1 4
1 7 0 0 0 2585444 
2 7 0 0 0 2588453 
-102 5 0 7 0 2591290 2 4000
3 5 0 0 0 2591290 
-101 7 0 3 0 2591462 2 4000
-102 7 0 6 0 2592465 1 4
1 7 0 0 0 2592465 
-101 0 0 7 0 2595000 1 4
4 5 0 0 0 2595303 
5 5 0 0 0 2595303 
6 5 0 0 0 2596306 
7 5 0 0 0 2596306 
2 7 0 0 0 2596476 
-101 6 0 7 0 2597000 1 4
8 5 0 0 0 2597309 
-102 3 0 7 0 2599107 2 4000
3 3 0 0 0 2599107 
-101 7 0 6 0 2599485 2 4000
4 3 0 0 0 2613151 
5 3 0 0 0 2613151 
-102 0 0 7 0 2615000 2 4000
3 0 0 0 0 2615000 
6 3 0 0 0 2615157 
7 3 0 0 0 2615157 
8 3 0 0 0 2617164 
4 0 0 0 0 2622000 
5 0 0 0 0 2622000 
6 0 0 0 0 2623000 
7 0 0 0 0 2623000 
-102 6 0 7 0 2632000 2 4000
3 6 0 0 0 2632000 
4 6 0 0 0 2646000 
5 6 0 0 0 2646000 
6 6 0 0 0 2648000 
7 6 0 0 0 2648000 
8 6 0 0 0 2650000 
-101 4 0 7 0 2659787 1 4
-101 1 0 7 0 2668540 1 4
-101 2 0 7 0 2672641 1 4
-102 7 0 1 0 11690661 1 4
1 7 0 0 0 11690661 
2 7 0 0 0 11693670 
-101 7 0 1 0 11696678 2 4000
-102 7 0 2 0 11697681 1 4
1 7 0 0 0 11697681 
2 7 0 0 0 11700690 
-101 7 0 2 0 11703699 2 4000
-102 1 0 7 0 11704448 2 4000
3 1 0 0 0 11704448 
-102 7 0 4 0 11704701 1 4
1 7 0 0 0 11704701 
2 7 0 0 0 11707710 
-101 7 0 4 0 11710719 2 4000
-102 2 0 7 0 11712810 2 4000
3 2 0 0 0 11712810 
4 1 0 0 0 11718493 
5 1 0 0 0 11718493 
-102 4 0 7 0 11720063 2 4000
3 4 0 0 0 11720063 
6 1 0 0 0 11721503 
7 1 0 0 0 11721503 
8 1 0 0 0 11723509 
4 4 0 0 0 11724062 
5 4 0 0 0 11724062 
6 4 0 0 0 11725062 
7 4 0 0 0 11725062 
8 4 0 0 0 11726062 
4 2 0 0 0 11726814 
5 2 0 0 0 11726814 
6 2 0 0 0 11728814 
7 2 0 0 0 11728814 
8 2 0 0 0 11730815 
8 0 0 0 0 11733000 
-102 7 0 0 0 11750834 1 4
1 7 0 0 0 11750834 
-101 0 0 7 0 11752000 1 4
2 7 0 0 0 11753843 
-101 1 0 7 0 11754609 1 4
-101 4 0 7 0 11755060 1 4
-101 5 0 7 0 11756612 1 4
-101 3 0 7 0 11756672 1 4
-101 7 0 0 0 11756852 2 4000
-101 2 0 7 0 11757821 1 4
-102 7 0 4 0 11757854 1 4
1 7 0 0 0 11757854 
2 7 0 0 0 11761866 
-101 6 0 7 0 11763000 1 4
-101 7 0 4 0 11764875 2 4000
-102 7 0 1 0 11765878 1 4
1 7 0 0 0 11765878 
-102 0 0 7 0 11767000 2 4000
3 0 0 0 0 11767000 
2 7 0 0 0 11769889 
4 0 0 0 0 11773000 
5 0 0 0 0 11773000 
-101 7 0 1 0 11773901 2 4000
6 0 0 0 0 11774000 
7 0 0 0 0 11774000 
-102 4 0 7 0 11774058 2 4000
3 4 0 0 0 11774058 
-102 7 0 2 0 11774904 1 4
1 7 0 0 0 11774904 
4 4 0 0 0 11777058 
5 4 0 0 0 11777058 
6 4 0 0 0 11777058 
7 4 0 0 0 11777058 
2 7 0 0 0 11777912 
-101 7 0 2 0 11780921 2 4000
-102 7 0 3 0 11781924 1 4
1 7 0 0 0 11781924 
-102 1 0 7 0 11782699 2 4000
3 1 0 0 0 11782699 
2 7 0 0 0 11784932 
-101 7 0 3 0 11787941 2 4000
-102 7 0 5 0 11788944 1 4
1 7 0 0 0 11788944 
2 7 0 0 0 11791953 
-101 7 0 5 0 11794961 2 4000
-102 3 0 7 0 11795794 2 4000
-102 7 0 6 0 11795964 1 4
1 7 0 0 0 11795964 
4 1 0 0 0 11796744 
5 1 0 0 0 11796744 
3 3 0 0 0 11796797 
6 1 0 0 0 11797747 
7 1 0 0 0 11797747 
-102 2 0 7 0 11797831 2 4000
3 2 0 0 0 11797831 
8 1 0 0 0 11799753 
2 7 0 0 0 11799976 
-101 7 0 6 0 11803987 2 4000
-102 5 0 7 0 11804766 2 4000
3 5 0 0 0 11804766 
4 5 0 0 0 11807776 
5 5 0 0 0 11808779 
6 5 0 0 0 11808779 
7 5 0 0 0 11808779 
-102 6 0 7 0 11809000 2 4000
3 6 0 0 0 11809000 
4 3 0 0 0 11809838 
5 3 0 0 0 11809838 
8 5 0 0 0 11810785 
6 3 0 0 0 11810841 
7 3 0 0 0 11810841 
8 3 0 0 0 11812847 
4 2 0 0 0 11814835 
5 2 0 0 0 11815835 
6 2 0 0 0 11816835 
7 2 0 0 0 11816835 
8 2 0 0 0 11820836 
4 6 0 0 0 11824000 
5 6 0 0 0 11824000 
6 6 0 0 0 11825000 
7 6 0 0 0 11825000 
8 6 0 0 0 11827000 
8 4 0 0 0 11832054 
8 0 0 0 0 11833000 
-102 7 0 0 0 11835077 1 4
1 7 0 0 0 11835077 
-101 0 0 7 0 11836000 1 4
2 7 0 0 0 11838086 
-101 1 0 7 0 11839882 1 4
-101 3 0 7 0 11839932 1 4
-101 4 0 7 0 11840053 1 4
-101 2 0 7 0 11840841 1 4
-101 5 0 7 0 11840882 1 4
-101 7 0 0 0 11841094 2 4000
-101 6 0 7 0 11843000 1 4
-102 7 0 4 0 11843100 1 4
1 7 0 0 0 11843100 
2 7 0 0 0 11847111 
-101 7 0 4 0 11849117 2 4000
-102 7 0 1 0 11850120 1 4
-102 0 0 7 0 11851000 2 4000
3 0 0 0 0 11851000 
1 7 0 0 0 11851123 
2 7 0 0 0 11854132 
4 0 0 0 0 11857000 
5 0 0 0 0 11857000 
-101 7 0 1 0 11857140 2 4000
6 0 0 0 0 11858000 
7 0 0 0 0 11858000 
-102 4 0 7 0 11858052 2 4000
3 4 0 0 0 11858052 
-102 7 0 2 0 11858143 1 4
1 7 0 0 0 11858143 
4 4 0 0 0 11861051 
5 4 0 0 0 11861051 
6 4 0 0 0 11862051 
7 4 0 0 0 11862051 
2 7 0 0 0 11862155 
-101 7 0 2 0 11865163 2 4000
-102 1 0 7 0 11865965 2 4000
3 1 0 0 0 11865965 
-102 7 0 3 0 11866166 1 4
1 7 0 0 0 11866166 
2 7 0 0 0 11870178 
-101 7 0 3 0 11872184 2 4000
-102 7 0 5 0 11873187 1 4
1 7 0 0 0 11873187 
-102 2 0 7 0 11875850 2 4000
3 2 0 0 0 11875850 
2 7 0 0 0 11877198 
4 1 0 0 0 11879007 
5 1 0 0 0 11879007 
-101 7 0 5 0 11879204 2 4000
6 1 0 0 0 11880010 
7 1 0 0 0 11880010 
-102 7 0 6 0 11881210 1 4
1 7 0 0 0 11881210 
8 1 0 0 0 11882017 
-102 3 0 7 0 11882063 2 4000
3 3 0 0 0 11882063 
2 7 0 0 0 11884218 
-101 7 0 6 0 11887227 2 4000
4 2 0 0 0 11888853 
5 2 0 0 0 11888853 
-102 5 0 7 0 11889036 2 4000
3 5 0 0 0 11889036 
6 2 0 0 0 11890853 
7 2 0 0 0 11890853 
-102 6 0 7 0 11892000 2 4000
3 6 0 0 0 11893000 
4 5 0 0 0 11893049 
5 5 0 0 0 11893049 
6 5 0 0 0 11893049 
7 5 0 0 0 11894052 
8 5 0 0 0 11895055 
4 6 0 0 0 11905000 
5 6 0 0 0 11906000 
6 6 0 0 0 11907000 
7 6 0 0 0 11907000 
8 6 0 0 0 11909000 
8 4 0 0 0 11913047 
4 3 0 0 0 11914163 
5 3 0 0 0 11914163 
6 3 0 0 0 11915166 
7 3 0 0 0 11915166 
8 3 0 0 0 11917173 
8 2 0 0 0 11972873 
8 0 0 0 0 11974000 
-102 7 0 0 0 11977487 1 4
1 7 0 0 0 11978490 
-101 0 0 7 0 11979000 1 4
-101 4 0 7 0 11982042 1 4
-101 1 0 7 0 11983341 1 4
2 7 0 0 0 11983504 
-101 5 0 7 0 11984341 1 4
-101 3 0 7 0 11984382 1 4
-101 2 0 7 0 11985876 1 4
-101 7 0 0 0 11986513 2 4000
-102 7 0 1 0 11987516 1 4
1 7 0 0 0 11987516 
-101 6 0 7 0 11988000 1 4
2 7 0 0 0 11991527 
-101 7 0 1 0 11993533 2 4000
-102 7 0 2 0 11994536 1 4
1 7 0 0 0 11994536 
-102 0 0 7 0 11996000 2 4000
3 0 0 0 0 11996000 
2 7 0 0 0 11998548 
-101 7 0 2 0 12001556 2 4000
4 0 0 0 0 12002000 
5 0 0 0 0 12002000 
6 0 0 0 0 12002000 
7 0 0 0 0 12002000 
-102 1 0 7 0 12002402 2 4000
3 1 0 0 0 12002402 
-102 7 0 3 0 12002559 1 4
1 7 0 0 0 12002559 
2 7 0 0 0 12005568 
-101 7 0 3 0 12008576 2 4000
-102 7 0 4 0 12009579 1 4
1 7 0 0 0 12009579 
-102 2 0 7 0 12010882 2 4000
3 2 0 0 0 12010882 
2 7 0 0 0 12014594 
4 1 0 0 0 12015443 
5 1 0 0 0 12015443 
6 1 0 0 0 12016447 
7 1 0 0 0 12016447 
-102 3 0 7 0 12016482 2 4000
3 3 0 0 0 12016482 
-101 7 0 4 0 12016600 2 4000
8 1 0 0 0 12018453 
-102 7 0 5 0 12018605 1 4
1 7 0 0 0 12018605 
2 7 0 0 0 12021614 
4 2 0 0 0 12023885 
5 2 0 0 0 12023885 
-101 7 0 5 0 12024623 2 4000
6 2 0 0 0 12024885 
7 2 0 0 0 12024885 
-102 4 0 7 0 12025038 2 4000
3 4 0 0 0 12025038 
-102 7 0 6 0 12025625 1 4
1 7 0 0 0 12025625 
4 4 0 0 0 12028038 
5 4 0 0 0 12028038 
6 4 0 0 0 12029038 
7 4 0 0 0 12029038 
4 3 0 0 0 12029523 
5 3 0 0 0 12029523 
2 7 0 0 0 12029637 
6 3 0 0 0 12031529 
7 3 0 0 0 12031529 
-101 7 0 6 0 12031643 2 4000
8 3 0 0 0 12033536 
-102 5 0 7 0 12036508 2 4000
3 5 0 0 0 12036508 
-102 6 0 7 0 12037000 2 4000
3 6 0 0 0 12037000 
8 2 0 0 0 12037888 
4 5 0 0 0 12039517 
5 5 0 0 0 12039517 
6 5 0 0 0 12040520 
7 5 0 0 0 12040520 
8 5 0 0 0 12041524 
4 6 0 0 0 12050000 
5 6 0 0 0 12050000 
6 6 0 0 0 12051000 
7 6 0 0 0 12052000 
8 6 0 0 0 12054000 
8 4 0 0 0 12058036 
8 0 0 0 0 12059000 
-102 7 0 0 0 12061729 1 4
1 7 0 0 0 12061729 
-101 0 0 7 0 12062000 1 4
2 7 0 0 0 12064738 
-101 4 0 7 0 12065035 1 4
-101 1 0 7 0 12066607 1 4
-101 5 0 7 0 12067607 1 4
-101 3 0 7 0 12067642 1 4
-101 7 0 0 0 12067747 2 4000
-101 2 0 7 0 12067896 1 4
-101 6 0 7 0 12073000 1 4
-102 7 0 1 0 12073764 1 4
1 7 0 0 0 12073764 
2 7 0 0 0 12076773 
-102 0 0 7 0 12078000 2 4000
3 0 0 0 0 12078000 
-101 7 0 1 0 12079781 2 4000
-102 7 0 2 0 12080784 1 4
1 7 0 0 0 12080784 
4 0 0 0 0 12083000 
2 7 0 0 0 12083793 
5 0 0 0 0 12084000 
6 0 0 0 0 12084000 
7 0 0 0 0 12084000 
-101 7 0 2 0 12086802 2 4000
-102 7 0 3 0 12087805 1 4
1 7 0 0 0 12087805 
-102 1 0 7 0 12088678 2 4000
3 1 0 0 0 12089681 
2 7 0 0 0 12090813 
-101 7 0 3 0 12093822 2 4000
-102 7 0 4 0 12094825 1 4
1 7 0 0 0 12094825 
-102 2 0 7 0 12094902 2 4000
3 2 0 0 0 12094902 
2 7 0 0 0 12097833 
-101 7 0 4 0 12101845 2 4000
4 1 0 0 0 12102723 
5 1 0 0 0 12102723 
-102 3 0 7 0 12102752 2 4000
3 3 0 0 0 12102752 
-102 7 0 5 0 12102848 1 4
1 7 0 0 0 12102848 
6 1 0 0 0 12103726 
7 1 0 0 0 12103726 
8 1 0 0 0 12105732 
2 7 0 0 0 12106859 
4 2 0 0 0 12107905 
5 2 0 0 0 12107905 
-101 7 0 5 0 12108865 2 4000
6 2 0 0 0 12109906 
7 2 0 0 0 12109906 
-102 4 0 7 0 12110031 2 4000
3 4 0 0 0 12110031 
-102 7 0 6 0 12110871 1 4
1 7 0 0 0 12110871 
4 4 0 0 0 12113031 
5 4 0 0 0 12113031 
2 7 0 0 0 12113880 
6 4 0 0 0 12114031 
7 4 0 0 0 12114031 
4 3 0 0 0 12115792 
5 3 0 0 0 12115792 
6 3 0 0 0 12116795 
7 3 0 0 0 12116795 
-101 7 0 6 0 12116888 2 4000
-102 5 0 7 0 12118771 2 4000
3 5 0 0 0 12118771 
8 3 0 0 0 12118802 
4 5 0 0 0 12121780 
5 5 0 0 0 12121780 
-102 6 0 7 0 12122000 2 4000
3 6 0 0 0 12122000 
6 5 0 0 0 12122784 
7 5 0 0 0 12122784 
8 2 0 0 0 12122909 
8 5 0 0 0 12123787 
4 6 0 0 0 12135000 
5 6 0 0 0 12135000 
6 6 0 0 0 12136000 
7 6 0 0 0 12136000 
8 6 0 0 0 12138000 
8 4 0 0 0 12142029 
8 0 0 0 0 12144000 
-102 7 0 0 0 12148981 1 4
1 7 0 0 0 12148981 
-101 0 0 7 0 12149000 1 4
2 7 0 0 0 12151989 
-101 4 0 7 0 12152028 1 4
-101 1 0 7 0 12153886 1 4
-101 3 0 7 0 12153911 1 4
-101 2 0 7 0 12153916 1 4
-101 5 0 7 0 12154886 1 4
-101 7 0 0 0 12154998 2 4000
-101 6 0 7 0 12156000 1 4
-102 7 0 4 0 12156001 1 4
1 7 0 0 0 12156001 
2 7 0 0 0 12161015 
-102 0 0 7 0 12164000 2 4000
3 0 0 0 0 12164000 
-101 7 0 4 0 12165027 2 4000
-102 7 0 1 0 12166030 1 4
1 7 0 0 0 12166030 
2 7 0 0 0 12169038 
4 0 0 0 0 12170000 
5 0 0 0 0 12170000 
6 0 0 0 0 12171000 
7 0 0 0 0 12171000 
-101 7 0 1 0 12172047 2 4000
-102 7 0 2 0 12173050 1 4
1 7 0 0 0 12173050 
-102 4 0 7 0 12174026 2 4000
3 4 0 0 0 12174026 
2 7 0 0 0 12176059 
4 4 0 0 0 12177026 
5 4 0 0 0 12177026 
6 4 0 0 0 12177026 
7 4 0 0 0 12177026 
-101 7 0 2 0 12179067 2 4000
-102 7 0 3 0 12180070 1 4
1 7 0 0 0 12180070 
-102 1 0 7 0 12181976 2 4000
3 1 0 0 0 12181976 
2 7 0 0 0 12184082 
-101 7 0 3 0 12186088 2 4000
-102 7 0 5 0 12187090 1 4
1 7 0 0 0 12187090 
-102 2 0 7 0 12187924 2 4000
3 2 0 0 0 12187924 
2 7 0 0 0 12192105 
-102 3 0 7 0 12195039 2 4000
3 3 0 0 0 12195039 
-101 7 0 5 0 12195113 2 4000
-102 7 0 6 0 12196116 1 4
1 7 0 0 0 12196116 
2 7 0 0 0 12199125 
4 2 0 0 0 12200928 
5 2 0 0 0 12200928 
-101 7 0 6 0 12202134 2 4000
6 2 0 0 0 12202928 
7 2 0 0 0 12202928 
-102 5 0 7 0 12204044 2 4000
3 5 0 0 0 12204044 
4 1 0 0 0 12205050 
5 1 0 0 0 12205050 
-102 6 0 7 0 12206000 2 4000
6 1 0 0 0 12206053 
7 1 0 0 0 12206053 
3 6 0 0 0 12207000 
4 5 0 0 0 12207053 
5 5 0 0 0 12207053 
6 5 0 0 0 12208056 
7 5 0 0 0 12208056 
8 1 0 0 0 12208060 
4 3 0 0 0 12208080 
5 3 0 0 0 12208080 
8 5 0 0 0 12209060 
6 3 0 0 0 12209083 
7 3 0 0 0 12209083 
8 3 0 0 0 12211089 
8 2 0 0 0 12213931 
4 6 0 0 0 12220000 
5 6 0 0 0 12220000 
6 6 0 0 0 12221000 
7 6 0 0 0 12221000 
8 6 0 0 0 12225000 
8 4 0 0 0 12229022 
8 0 0 0 0 12230000 
-102 7 0 0 0 12233223 1 4
1 7 0 0 0 12233223 
-101 0 0 7 0 12234000 1 4
2 7 0 0 0 12236232 
-101 4 0 7 0 12237021 1 4
-101 1 0 7 0 12238156 1 4
-101 3 0 7 0 12238174 1 4
-101 2 0 7 0 12238937 1 4
-101 5 0 7 0 12239156 1 4
-101 7 0 0 0 12239241 2 4000
-102 7 0 4 0 12240243 1 4
1 7 0 0 0 12240243 
-101 6 0 7 0 12244000 1 4
2 7 0 0 0 12245258 
-102 0 0 7 0 12248000 2 4000
3 0 0 0 0 12248000 
-101 7 0 4 0 12248267 2 4000
-102 7 0 1 0 12249269 1 4
1 7 0 0 0 12249269 
2 7 0 0 0 12253281 
4 0 0 0 0 12254000 
5 0 0 0 0 12254000 
6 0 0 0 0 12254000 
7 0 0 0 0 12255000 
-101 7 0 1 0 12256290 2 4000
-102 4 0 7 0 12257020 2 4000
3 4 0 0 0 12257020 
-102 7 0 2 0 12257293 1 4
1 7 0 0 0 12257293 
4 4 0 0 0 12259020 
5 4 0 0 0 12259020 
6 4 0 0 0 12260019 
7 4 0 0 0 12260019 
2 7 0 0 0 12260301 
-101 7 0 2 0 12263310 2 4000
-102 7 0 3 0 12264313 1 4
1 7 0 0 0 12264313 
-102 1 0 7 0 12265243 2 4000
3 1 0 0 0 12265243 
2 7 0 0 0 12267321 
-101 7 0 3 0 12270330 2 4000
-102 7 0 5 0 12271333 1 4
1 7 0 0 0 12271333 
-102 2 0 7 0 12272945 2 4000
3 2 0 0 0 12272945 
2 7 0 0 0 12275345 
-101 7 0 5 0 12277350 2 4000
4 1 0 0 0 12278284 
5 1 0 0 0 12278284 
-102 3 0 7 0 12278299 2 4000
-102 7 0 6 0 12278353 1 4
1 7 0 0 0 12278353 
6 1 0 0 0 12279287 
7 1 0 0 0 12279287 
3 3 0 0 0 12279302 
8 1 0 0 0 12281294 
2 7 0 0 0 12283368 
4 2 0 0 0 12285948 
5 2 0 0 0 12285948 
-101 7 0 6 0 12286376 2 4000
6 2 0 0 0 12287948 
7 2 0 0 0 12287948 
-102 5 0 7 0 12288313 2 4000
3 5 0 0 0 12288313 
-102 6 0 7 0 12290000 2 4000
3 6 0 0 0 12290000 
4 5 0 0 0 12291323 
5 5 0 0 0 12291323 
6 5 0 0 0 12292326 
7 5 0 0 0 12292326 
4 3 0 0 0 12292343 
5 3 0 0 0 12292343 
8 5 0 0 0 12293329 
6 3 0 0 0 12293346 
7 3 0 0 0 12293346 
8 3 0 0 0 12295352 
8 2 0 0 0 12297951 
4 6 0 0 0 12304000 
5 6 0 0 0 12304000 
6 6 0 0 0 12305000 
7 6 0 0 0 12305000 
8 6 0 0 0 12307000 
8 4 0 0 0 12311015 
8 0 0 0 0 12313000 
-101 0 0 7 0 12316000 1 4
-102 7 0 0 0 12316463 1 4
1 7 0 0 0 12316463 
-101 4 0 7 0 12319015 1 4
2 7 0 0 0 12319472 
-101 2 0 7 0 12320956 1 4
-101 1 0 7 0 12321422 1 4
-101 3 0 7 0 12321434 1 4
-101 6 0 7 0 12322000 1 4
-101 5 0 7 0 12322422 1 4
-101 7 0 0 0 12322480 2 4000
-102 7 0 4 0 12323483 1 4
1 7 0 0 0 12323483 
2 7 0 0 0 12327495 
-101 7 0 4 0 12330503 2 4000
-102 0 0 7 0 12331000 2 4000
3 0 0 0 0 12331000 
-102 7 0 1 0 12331506 1 4
1 7 0 0 0 12331506 
2 7 0 0 0 12335518 
4 0 0 0 0 12337000 
5 0 0 0 0 12337000 
-101 7 0 1 0 12337524 2 4000
6 0 0 0 0 12338000 
7 0 0 0 0 12338000 
-102 4 0 7 0 12338013 2 4000
3 4 0 0 0 12338013 
-102 7 0 2 0 12338526 1 4
1 7 0 0 0 12338526 
4 4 0 0 0 12341013 
5 4 0 0 0 12341013 
6 4 0 0 0 12341013 
7 4 0 0 0 12341013 
2 7 0 0 0 12343541 
-101 7 0 2 0 12346550 2 4000
-102 1 0 7 0 12347506 2 4000
3 1 0 0 0 12347506 
-102 7 0 3 0 12347552 1 4
1 7 0 0 0 12347552 
2 7 0 0 0 12350561 
-101 7 0 3 0 12353570 2 4000
-102 2 0 7 0 12353964 2 4000
3 2 0 0 0 12353964 
-102 7 0 5 0 12354573 1 4
1 7 0 0 0 12354573 
2 7 0 0 0 12358584 
4 1 0 0 0 12360547 
5 1 0 0 0 12360547 
-101 7 0 5 0 12360590 2 4000
-102 3 0 7 0 12361559 2 4000
3 3 0 0 0 12361559 
-102 7 0 6 0 12361593 1 4
1 7 0 0 0 12361593 
6 1 0 0 0 12362554 
7 1 0 0 0 12362554 
8 1 0 0 0 12364560 
2 7 0 0 0 12365604 
4 2 0 0 0 12366967 
5 2 0 0 0 12366967 
-101 7 0 6 0 12367610 2 4000
6 2 0 0 0 12368968 
7 2 0 0 0 12368968 
-102 5 0 7 0 12369573 2 4000
3 5 0 0 0 12370576 
-102 6 0 7 0 12372000 2 4000
3 6 0 0 0 12372000 
4 5 0 0 0 12373586 
5 5 0 0 0 12373586 
6 5 0 0 0 12374589 
7 5 0 0 0 12374589 
4 3 0 0 0 12374599 
5 3 0 0 0 12374599 
8 5 0 0 0 12375592 
6 3 0 0 0 12376606 
7 3 0 0 0 12376606 
8 3 0 0 0 12378612 
8 2 0 0 0 12380971 
4 6 0 0 0 12385000 
5 6 0 0 0 12385000 
6 6 0 0 0 12387000 
7 6 0 0 0 12387000 
8 6 0 0 0 12389000 
8 4 0 0 0 12393009 
8 0 0 0 0 12394000 
-101 0 0 7 0 12397000 1 4
-102 7 0 0 0 12397697 1 4
1 7 0 0 0 12397697 
-101 4 0 7 0 12401008 1 4
2 7 0 0 0 12401708 
-101 2 0 7 0 12401976 1 4
-101 1 0 7 0 12402682 1 4
-101 3 0 7 0 12402687 1 4
-101 6 0 7 0 12403000 1 4
-101 5 0 7 0 12403682 1 4
-101 7 0 0 0 12405720 2 4000
-102 7 0 1 0 12409731 1 4
1 7 0 0 0 12409731 
2 7 0 0 0 12412740 
-102 0 0 7 0 12414000 2 4000
3 0 0 0 0 12414000 
-101 7 0 1 0 12415749 2 4000
-102 7 0 2 0 12416752 1 4
1 7 0 0 0 12416752 
4 0 0 0 0 12419000 
5 0 0 0 0 12419000 
2 7 0 0 0 12419760 
6 0 0 0 0 12420000 
7 0 0 0 0 12420000 
-101 7 0 2 0 12422769 2 4000
-102 7 0 3 0 12423772 1 4
1 7 0 0 0 12423772 
-102 1 0 7 0 12424753 2 4000
3 1 0 0 0 12424753 
2 7 0 0 0 12427783 
-101 7 0 3 0 12429789 2 4000
-102 2 0 7 0 12429982 2 4000
3 2 0 0 0 12429982 
-102 7 0 4 0 12430792 1 4
1 7 0 0 0 12431795 
2 7 0 0 0 12435807 
4 1 0 0 0 12437795 
5 1 0 0 0 12438798 
-102 3 0 7 0 12438800 2 4000
3 3 0 0 0 12438800 
-101 7 0 4 0 12438815 2 4000
6 1 0 0 0 12439801 
7 1 0 0 0 12439801 
-102 7 0 5 0 12439818 1 4
1 7 0 0 0 12439818 
8 1 0 0 0 12441807 
2 7 0 0 0 12443830 
4 2 0 0 0 12443986 
5 2 0 0 0 12443986 
6 2 0 0 0 12444986 
7 2 0 0 0 12444986 
-101 7 0 5 0 12445835 2 4000
-102 4 0 7 0 12446005 2 4000
3 4 0 0 0 12446005 
-102 7 0 6 0 12446838 1 4
1 7 0 0 0 12446838 
4 4 0 0 0 12449004 
5 4 0 0 0 12449004 
6 4 0 0 0 12450004 
7 4 0 0 0 12450004 
2 7 0 0 0 12450850 
4 3 0 0 0 12451840 
5 3 0 0 0 12451840 
6 3 0 0 0 12452844 
7 3 0 0 0 12453847 
-101 7 0 6 0 12453859 2 4000
8 3 0 0 0 12454850 
-102 5 0 7 0 12456852 2 4000
3 5 0 0 0 12456852 
-102 6 0 7 0 12458000 2 4000
3 6 0 0 0 12458000 
8 2 0 0 0 12458989 
4 5 0 0 0 12459862 
5 5 0 0 0 12459862 
6 5 0 0 0 12460865 
7 5 0 0 0 12460865 
8 5 0 0 0 12461868 
4 6 0 0 0 12471000 
5 6 0 0 0 12471000 
6 6 0 0 0 12474000 
7 6 0 0 0 12474000 
8 6 0 0 0 12476000 
8 4 0 0 0 12479002 
8 0 0 0 0 12480000 
-102 7 0 0 0 12485951 1 4
-101 0 0 7 0 12486000 1 4
