-1 0 0 0 0 0 Me
-2 0 0 366 0 0
-3 0 0 4 0 0
-4 0 0 1 0 0
-5 0 0 0 0 0
-6 0 0 0 0 534
-7 0 0 0 0 9828282
-8 0 0 1 0 0
-11 0 0 0 0 0
-13 0 1 2 0 0 green:light_gray Send
-13 0 3 4 0 0 blue:gray3 Admin
-13 0 5 6 0 0 red:vlines3 Receive
3 0 0 0 0 1057821 
4 0 0 0 0 1061082 
3 0 0 0 0 1062274 
4 0 0 0 0 1065647 
3 0 0 0 0 1067525 
4 0 0 0 0 1070014 
5 0 0 0 0 1070279 
3 3 0 0 0 1282524 
4 3 0 0 0 1292490 
1 3 0 0 0 1317810 
2 3 0 0 0 1318846 
5 3 0 0 0 1318951 
6 0 0 0 0 1341864 
3 2 0 0 0 1345363 
6 3 0 0 0 1350787 
1 3 0 0 0 1352325 
2 3 0 0 0 1353323 
5 3 0 0 0 1353428 
1 0 0 0 0 1357523 
4 2 0 0 0 1358272 
2 0 0 0 0 1358511 
1 0 0 0 0 1358651 
2 0 0 0 0 1359914 
1 0 0 0 0 1360058 
2 0 0 0 0 1367540 
1 2 0 0 0 1384563 
2 2 0 0 0 1386238 
5 2 0 0 0 1386345 
6 2 0 0 0 1386568 
1 2 0 0 0 1388011 
2 2 0 0 0 1389007 
5 2 0 0 0 1389112 
5 0 0 0 0 1405571 
6 0 0 0 0 1406630 
5 0 0 0 0 1406783 
6 0 0 0 0 1407603 
6 3 0 0 0 1442178 
1 0 0 0 0 1446574 
1 3 0 0 0 1448703 
2 0 0 0 0 1448828 
1 0 0 0 0 1448975 
2 3 0 0 0 1449726 
5 3 0 0 0 1449830 
6 2 0 0 0 1453847 
2 0 0 0 0 1458055 
1 0 0 0 0 1458217 
1 2 0 0 0 1458935 
2 0 0 0 0 1459535 
2 2 0 0 0 1460027 
5 2 0 0 0 1460138 
5 0 0 0 0 1478822 
6 0 0 0 0 1479258 
5 0 0 0 0 1479389 
6 0 0 0 0 1480356 
6 3 0 0 0 1496295 
1 3 0 0 0 1509535 
1 0 0 0 0 1510145 
2 3 0 0 0 1510556 
5 3 0 0 0 1510657 
2 0 0 0 0 1512336 
1 0 0 0 0 1512482 
2 0 0 0 0 1513804 
1 0 0 0 0 1514032 
2 0 0 0 0 1515264 
5 0 0 0 0 1516545 
6 0 0 0 0 1516925 
5 0 0 0 0 1517059 
6 2 0 0 0 1517472 
6 0 0 0 0 1532210 
6 3 0 0 0 1548827 
1 2 0 0 0 1552763 
2 2 0 0 0 1553785 
5 2 0 0 0 1553889 
1 0 0 0 0 1563511 
2 0 0 0 0 1565777 
1 0 0 0 0 1565925 
2 0 0 0 0 1567302 
1 0 0 0 0 1567445 
2 0 0 0 0 1568627 
5 0 0 0 0 1569902 
6 2 0 0 0 1570663 
6 0 0 0 0 1570704 
5 0 0 0 0 1570861 
1 2 0 0 0 1588532 
2 2 0 0 0 1589523 
5 2 0 0 0 1589631 
6 0 0 0 0 1590165 
1 0 0 0 0 1622186 
2 0 0 0 0 1623204 
1 0 0 0 0 1623346 
2 0 0 0 0 1624745 
1 0 0 0 0 1624887 
2 0 0 0 0 1626125 
5 0 0 0 0 1627399 
6 2 0 0 0 1627714 
1 2 0 0 0 1640167 
2 2 0 0 0 1641179 
5 2 0 0 0 1641284 
6 0 0 0 0 1641302 
1 3 0 0 0 1648963 
2 3 0 0 0 1651204 
5 3 0 0 0 1651311 
6 3 0 0 0 1651543 
1 0 0 0 0 1665332 
2 0 0 0 0 1666387 
1 0 0 0 0 1666528 
2 0 0 0 0 1667765 
1 0 0 0 0 1667907 
2 0 0 0 0 1669124 
5 0 0 0 0 1670339 
6 2 0 0 0 1671251 
6 0 0 0 0 1676300 
5 0 0 0 0 1676462 
3 1 0 0 0 1687176 
4 1 0 0 0 1704153 
1 1 0 0 0 1729579 
2 1 0 0 0 1734365 
5 1 0 0 0 1734472 
6 1 0 0 0 1734698 
1 1 0 0 0 1736155 
2 1 0 0 0 1737068 
5 1 0 0 0 1737172 
6 1 0 0 0 1737398 
1 1 0 0 0 1740396 
2 1 0 0 0 1741333 
5 1 0 0 0 1741433 
6 1 0 0 0 1741658 
1 1 0 0 0 1750905 
2 1 0 0 0 1751852 
5 1 0 0 0 1751955 
6 1 0 0 0 1752184 
6 0 0 0 0 1764027 
5 0 0 0 0 1764205 
6 0 0 0 0 1770365 
5 0 0 0 0 1770535 
6 0 0 0 0 1776280 
5 0 0 0 0 1776445 
6 0 0 0 0 1785145 
5 0 0 0 0 1786872 
1 3 0 0 0 2069755 
2 3 0 0 0 2070757 
5 3 0 0 0 2070861 
6 3 0 0 0 2079355 
1 2 0 0 0 2082178 
2 2 0 0 0 2083206 
5 2 0 0 0 2083312 
6 0 0 0 0 2085738 
1 0 0 0 0 2100498 
2 0 0 0 0 2103930 
1 0 0 0 0 2104082 
2 0 0 0 0 2105373 
1 0 0 0 0 2105515 
2 0 0 0 0 2106727 
6 2 0 0 0 2112917 
1 3 0 0 0 2114966 
2 3 0 0 0 2115979 
5 3 0 0 0 2116084 
6 3 0 0 0 2123625 
5 0 0 0 0 2132373 
6 0 0 0 0 2132808 
5 0 0 0 0 2132938 
6 0 0 0 0 2145729 
1 0 0 0 0 2147533 
2 0 0 0 0 2149044 
1 0 0 0 0 2149185 
2 0 0 0 0 2150409 
1 0 0 0 0 2150550 
2 0 0 0 0 2151733 
5 0 0 0 0 2158769 
1 3 0 0 0 2647150 
2 3 0 0 0 2648173 
5 3 0 0 0 2648277 
6 3 0 0 0 2665878 
6 0 0 0 0 2686611 
1 0 0 0 0 2697292 
2 0 0 0 0 2698865 
1 0 0 0 0 2699007 
1 3 0 0 0 2699169 
2 0 0 0 0 2700227 
2 3 0 0 0 2700288 
1 0 0 0 0 2700369 
5 3 0 0 0 2700392 
2 0 0 0 0 2701555 
1 2 0 0 0 2707900 
6 3 0 0 0 2708426 
2 2 0 0 0 2709564 
5 2 0 0 0 2709671 
6 2 0 0 0 2709985 
5 0 0 0 0 2710969 
6 0 0 0 0 2711989 
5 0 0 0 0 2712140 
6 0 0 0 0 2738702 
1 0 0 0 0 2740505 
2 0 0 0 0 2742006 
1 0 0 0 0 2742147 
2 0 0 0 0 2743367 
1 0 0 0 0 2743508 
2 0 0 0 0 2744820 
5 0 0 0 0 2792276 
1 3 0 0 0 3190626 
2 3 0 0 0 3191654 
5 3 0 0 0 3191757 
6 3 0 0 0 3212702 
6 0 0 0 0 3237853 
1 0 0 0 0 3252276 
2 0 0 0 0 3253832 
1 0 0 0 0 3254105 
2 0 0 0 0 3255338 
1 0 0 0 0 3255480 
2 0 0 0 0 3256644 
5 0 0 0 0 3264877 
1 3 0 0 0 3434837 
2 3 0 0 0 3435842 
5 3 0 0 0 3435945 
6 3 0 0 0 3478393 
6 0 0 0 0 3485362 
1 0 0 0 0 3521745 
2 0 0 0 0 3523297 
1 0 0 0 0 3523438 
2 0 0 0 0 3524797 
1 0 0 0 0 3524940 
2 0 0 0 0 3526114 
5 0 0 0 0 3527631 
1 2 0 0 0 3809725 
6 0 0 0 0 3809955 
2 2 0 0 0 3810945 
5 2 0 0 0 3811050 
1 0 0 0 0 3822256 
2 0 0 0 0 3823789 
1 0 0 0 0 3824025 
2 0 0 0 0 3825234 
1 0 0 0 0 3825375 
2 0 0 0 0 3826590 
5 0 0 0 0 3827906 
6 2 0 0 0 3829555 
1 3 0 0 0 4001101 
2 3 0 0 0 4002124 
5 3 0 0 0 4002228 
6 3 0 0 0 4013421 
6 0 0 0 0 4059508 
1 0 0 0 0 4064990 
1 3 0 0 0 4065015 
2 3 0 0 0 4066028 
5 3 0 0 0 4066131 
2 0 0 0 0 4066450 
1 0 0 0 0 4066592 
2 0 0 0 0 4067813 
1 0 0 0 0 4067954 
2 0 0 0 0 4069125 
5 0 0 0 0 4070619 
6 3 0 0 0 4074773 
6 0 0 0 0 4124767 
1 0 0 0 0 4127106 
2 0 0 0 0 4128646 
1 0 0 0 0 4128787 
2 0 0 0 0 4130014 
1 0 0 0 0 4130155 
2 0 0 0 0 4131330 
5 0 0 0 0 4132613 
1 2 0 0 0 4607233 
6 0 0 0 0 4607256 
2 2 0 0 0 4608248 
5 2 0 0 0 4608352 
1 0 0 0 0 4642686 
2 0 0 0 0 4644322 
1 0 0 0 0 4644463 
2 0 0 0 0 4645660 
1 0 0 0 0 4645802 
2 0 0 0 0 4647203 
6 2 0 0 0 4649375 
5 0 0 0 0 4665127 
1 2 0 0 0 5658869 
2 2 0 0 0 5659907 
5 2 0 0 0 5660015 
6 0 0 0 0 5660604 
1 0 0 0 0 5664790 
2 0 0 0 0 5666250 
1 0 0 0 0 5666391 
2 0 0 0 0 5667571 
1 0 0 0 0 5667712 
2 0 0 0 0 5668927 
6 2 0 0 0 5671257 
5 0 0 0 0 5788368 
1 2 0 0 0 5920524 
6 0 0 0 0 5921045 
2 2 0 0 0 5921550 
5 2 0 0 0 5921658 
1 0 0 0 0 5949661 
2 0 0 0 0 5951266 
1 0 0 0 0 5951408 
2 0 0 0 0 5952598 
1 0 0 0 0 5952739 
2 0 0 0 0 5954055 
6 2 0 0 0 5957087 
5 0 0 0 0 5973715 
1 1 0 0 0 6518374 
2 1 0 0 0 6519334 
5 1 0 0 0 6519435 
6 1 0 0 0 6566479 
6 0 0 0 0 6634785 
1 0 0 0 0 6663577 
2 0 0 0 0 6676400 
1 0 0 0 0 6676563 
2 0 0 0 0 6677836 
1 0 0 0 0 6677978 
2 0 0 0 0 6679204 
5 0 0 0 0 6744427 
1 3 0 0 0 7362153 
2 3 0 0 0 7363176 
5 3 0 0 0 7363276 
6 3 0 0 0 7398625 
6 0 0 0 0 7469549 
1 0 0 0 0 7499318 
2 0 0 0 0 7500888 
1 0 0 0 0 7501031 
2 0 0 0 0 7502247 
1 0 0 0 0 7502389 
2 0 0 0 0 7503570 
5 0 0 0 0 7565659 
1 3 0 0 0 8259829 
1 1 0 0 0 8260643 
2 3 0 0 0 8260856 
5 3 0 0 0 8260957 
2 1 0 0 0 8262171 
5 1 0 0 0 8262274 
6 1 0 0 0 8262500 
6 3 0 0 0 8277098 
1 1 0 0 0 8308506 
2 1 0 0 0 8309444 
5 1 0 0 0 8309544 
6 1 0 0 0 8378779 
6 0 0 0 0 8380025 
1 0 0 0 0 8390164 
2 0 0 0 0 8391693 
1 0 0 0 0 8391836 
2 0 0 0 0 8393065 
1 0 0 0 0 8393207 
2 0 0 0 0 8394462 
5 0 0 0 0 8475894 
6 0 0 0 0 8476946 
5 0 0 0 0 8477097 
6 0 0 0 0 8477916 
1 0 0 0 0 8519857 
2 0 0 0 0 8521361 
1 0 0 0 0 8521503 
2 0 0 0 0 8522721 
1 0 0 0 0 8522863 
2 0 0 0 0 8524162 
5 0 0 0 0 8536981 
1 1 0 0 0 9379638 
2 1 0 0 0 9380605 
5 1 0 0 0 9380707 
6 1 0 0 0 9409411 
3 1 0 0 0 9410491 
4 1 0 0 0 9411392 
6 0 0 0 0 9545000 
3 0 0 0 0 9664855 
4 0 0 0 0 9665891 
3 0 0 0 0 9667014 
3 2 0 0 0 9679711 
4 0 0 0 0 9680349 
4 2 0 0 0 9680709 
3 0 0 0 0 9681487 
3 3 0 0 0 9686938 
4 3 0 0 0 9688920 
4 0 0 0 0 9828282 
