This is TeX, Version 3.14159 (Web2C 7.3.1) (format=latex 2000.3.7)  23 JAN 2001 13:47
**./images.tex
(./images.tex
LaTeX2e <1998/12/01> patch level 1
Babel <v3.6x> and hyphenation patterns for american, french, german, ngerman, i
talian, nohyphenation, loaded.

(/usr/share/texmf/tex/latex/base/report.cls
Document Class: report 1999/01/07 v1.4a Standard LaTeX document class
(/usr/share/texmf/tex/latex/base/size12.clo
File: size12.clo 1999/01/07 v1.4a Standard LaTeX file (size option)
)
\c@part=\count79
\c@chapter=\count80
\c@section=\count81
\c@subsection=\count82
\c@subsubsection=\count83
\c@paragraph=\count84
\c@subparagraph=\count85
\c@figure=\count86
\c@table=\count87
\abovecaptionskip=\skip41
\belowcaptionskip=\skip42
\bibindent=\dimen102
) (/usr/share/texmf/tex/latex/base/ifthen.sty
Package: ifthen 1999/01/07 v1.1a Standard LaTeX ifthen package (DPC)
) (/usr/share/texmf/tex/latex/base/fontenc.sty
Package: fontenc 1999/02/24 v1.9t Standard LaTeX package
(/usr/share/texmf/tex/latex/base/t1enc.def
File: t1enc.def 1999/02/24 v1.9t Standard LaTeX file
LaTeX Font Info:    Redeclaring font encoding T1 on input line 25.
)) (/usr/share/texmf/tex/latex/base/inputenc.sty beta test version
Package: inputenc 1998/03/05 v0.97 Input encoding file (test version: still lia
ble to change)
(/usr/share/texmf/tex/latex/base/latin1.def
File: latin1.def 1998/03/05 v0.97 Input encoding file (test version: still liab
le to change)
)) (/usr/share/texmf/tex/latex/graphics/graphics.sty
Package: graphics 1999/02/16 v1.0l Standard LaTeX Graphics (DPC,SPQR)
(/usr/share/texmf/tex/latex/graphics/trig.sty
Package: trig 1999/03/16 v1.09 sin cos tan (DPC)
) (/usr/share/texmf/tex/latex/config/graphics.cfg)
Package graphics Info: Driver file: dvips.def on input line 80.
(/usr/share/texmf/tex/latex/graphics/dvips.def
File: dvips.def 1999/02/16 v3.0i Driver-dependant file (DPC,SPQR)
)) (/usr/share/texmf/tex/latex/graphics/color.sty
Package: color 1999/02/16 v1.0i Standard LaTeX Color (DPC)
(/usr/share/texmf/tex/latex/config/color.cfg)
Package color Info: Driver file: dvips.def on input line 125.
(/usr/share/texmf/tex/latex/graphics/dvipsnam.def
File: dvipsnam.def 1999/02/16 v3.0i Driver-dependant file (DPC,SPQR)
))
\sizebox=\box26
\lthtmlwrite=\write3
No file images.aux.
\openout1 = `images.aux'.

LaTeX Font Info:    Checking defaults for OML/cmm/m/it on input line 119.
LaTeX Font Info:    ... okay on input line 119.
LaTeX Font Info:    Checking defaults for T1/cmr/m/n on input line 119.
LaTeX Font Info:    ... okay on input line 119.
LaTeX Font Info:    Checking defaults for OT1/cmr/m/n on input line 119.
LaTeX Font Info:    ... okay on input line 119.
LaTeX Font Info:    Checking defaults for OMS/cmsy/m/n on input line 119.
LaTeX Font Info:    ... okay on input line 119.
LaTeX Font Info:    Checking defaults for OMX/cmex/m/n on input line 119.
LaTeX Font Info:    ... okay on input line 119.
LaTeX Font Info:    Checking defaults for U/cmr/m/n on input line 119.
LaTeX Font Info:    ... okay on input line 119.

latex2htmlLength hsize=349.0pt

latex2htmlLength vsize=632.5pt

latex2htmlLength hoffset=0.0pt

latex2htmlLength voffset=0.0pt

latex2htmlLength topmargin=0.0pt

latex2htmlLength topskip=0.00003pt

latex2htmlLength headheight=0.0pt

latex2htmlLength headsep=0.0pt

latex2htmlLength parskip=0.0pt plus 1.0pt

latex2htmlLength oddsidemargin=39.0pt

latex2htmlLength evensidemargin=39.0pt

File: pic/mainwin.ps Graphic file (type eps)
<pic/mainwin.ps>
l2hSize :tex2html_wrap358:56.45514pt::0.0pt::349.0pt.
[1



]
File: pic/preview.ps Graphic file (type eps)
<pic/preview.ps>
l2hSize :tex2html_wrap382:264.17827pt::0.0pt::349.0pt.
[2


]
File: pic/preview_line.ps Graphic file (type eps)
<pic/preview_line.ps>
l2hSize :tex2html_wrap398:264.17827pt::0.0pt::349.0pt.
[3


]
File: pic/preview_legends.ps Graphic file (type eps)
<pic/preview_legends.ps>
l2hSize :tex2html_wrap414:178.38158pt::0.0pt::349.0pt.
[4


]
File: pic/preview_few.ps Graphic file (type eps)
<pic/preview_few.ps>
l2hSize :tex2html_wrap428:264.17827pt::0.0pt::349.0pt.
[5


]
File: pic/preview_legends_few.ps Graphic file (type eps)
<pic/preview_legends_few.ps>
l2hSize :tex2html_wrap442:199.48949pt::0.0pt::349.0pt.
[6


]
File: pic/statview_main_sm.ps Graphic file (type eps)
<pic/statview_main_sm.ps>
l2hSize :tex2html_wrap458:190.31895pt::0.0pt::349.0pt.
[7


]
File: pic/statview_legends_sm.ps Graphic file (type eps)
<pic/statview_legends_sm.ps>
l2hSize :tex2html_wrap472:91.52599pt::0.0pt::349.0pt.
[8


]
File: pic/timeline_thread_all.ps Graphic file (type eps)
<pic/timeline_thread_all.ps>
l2hSize :tex2html_wrap494:257.23318pt::0.0pt::349.0pt.
[9


]
File: pic/timeline_thread_all_zoomed.ps Graphic file (type eps)
<pic/timeline_thread_all_zoomed.ps>
l2hSize :tex2html_wrap510:257.23318pt::0.0pt::349.0pt.
[10


]
File: pic/timeline_thread_all_zoomed_defs.ps Graphic file (type eps)
<pic/timeline_thread_all_zoomed_defs.ps>
l2hSize :tex2html_wrap524:52.07419pt::0.0pt::349.0pt.
[11


]
File: pic/timeline_manipulations.ps Graphic file (type eps)
<pic/timeline_manipulations.ps>
l2hSize :tex2html_wrap540:136.16682pt::0.0pt::349.0pt.
[12


]
File: pic/arrow_histogram.ps Graphic file (type eps)
<pic/arrow_histogram.ps>
l2hSize :tex2html_wrap552:224.35257pt::0.0pt::349.0pt.
[13


] (images.aux) ) 
Here is how much of TeX's memory you used:
 973 strings out of 10898
 10980 string characters out of 96882
 52983 words of memory out of 263001
 3936 multiletter control sequences out of 10000+0
 4702 words of font info for 16 fonts, out of 400000 for 1000
 14 hyphenation exceptions out of 1000
 22i,5n,19p,204b,216s stack positions out of 300i,100n,500p,50000b,4000s

Output written on images.dvi (13 pages, 5776 bytes).
