This file contains any messages produced by compilers while
running configure, to aid debugging if configure makes a mistake.

configure:3457: gcc -c   conftest.c 1>&5
configure:4158: gcc -c    conftest.c 1>&5
configure:4227: gcc -E  conftest.c >/dev/null 2>conftest.out
configure:4264: gcc -E  conftest.c >/dev/null 2>conftest.out
configure:4264: gcc -E  conftest.c >/dev/null 2>conftest.out
configure:4264: gcc -E  conftest.c >/dev/null 2>conftest.out
configure:4260: sys/select.h: No such file or directory
configure:4264: gcc -E  conftest.c >/dev/null 2>conftest.out
configure:4301: gcc -E  conftest.c >/dev/null 2>conftest.out
configure:4297: dce/cma_ux.h: No such file or directory
configure:4338: gcc -E  conftest.c >/dev/null 2>conftest.out
configure:4384: gcc -c    conftest.c 1>&5
configure:4493: gcc -c    conftest.c 1>&5
configure:4532: gcc -c    conftest.c 1>&5
configure:4599: gcc -o conftest      conftest.c  1>&5
configure:4652: gcc -o conftest      conftest.c  1>&5
collect2: ld returned 2 exit status
ld: Undefined symbol 
   _strtoul 
configure:4705: gcc -o conftest      conftest.c  1>&5
configure:4758: gcc -o conftest      conftest.c  1>&5
collect2: ld returned 2 exit status
ld: Undefined symbol 
   _sighold 
configure:4811: gcc -o conftest      conftest.c  1>&5
configure:4867: gcc -o conftest      conftest.c  1>&5
configure:4916: gcc -o conftest      conftest.c  1>&5
configure:4965: gcc -o conftest      conftest.c  1>&5
configure:5163: gcc -o conftest      conftest.c  1>&5
configure:5224: gcc -o conftest      conftest.c  1>&5
configure:5224: gcc -o conftest      conftest.c  1>&5
configure:5224: gcc -o conftest      conftest.c  1>&5
configure:5224: gcc -o conftest      conftest.c  1>&5
