IBM AIX XL C Compiler  Version 01.03.0000.0000 --- dmpipk.c 11/21/94 17:16:38
 
>>>>> OPTIONS SECTION <<<<<
 
***   Options In Effect   ***
 
 ANSIALIAS     FOLD          LIST          MAF           RO
 ROCONST       XCOFF
 
 
>>>>> OBJECT SECTION, OPTIMIZATION <<<<<
 
 GPR's set/used:   ss-s ssss ssss s---  ---- ---- --ss ssss
 FPR's set/used:   ssss ssss ssss ss--  ---- ---- ---- ----
 CCR's set/used:   ss-- -sss
     | 000000                           PDEF     MPIR_Pack_Hvector
    0|                                  PROC     comm,buf,count,datatype,dest,outbuf,gr3-gr8
    0| 000000 stm      BF41FFE8   7     STM      #stack(gr1,-24)=gr26-gr31
   35| 000004 l        80660050   1     L4Z      gr3=(struct_4194440*)(gr6,80)
    0| 000008 cal      3BC40000   1     LR       gr30=gr4
   35| 00000C l        80E30020   1     L4A      gr7=(int)(gr3,32)
   44| 000010 cal      3B600000   1     LI       gr27=0
   33| 000014 l        80660044   1     L4A      gr3=(int)(gr6,68)
    0| 000018 mfspr    7C0802A6   1     LFLR     gr0=lr
   36| 00001C muls     7FA339D6   4     M        gr29=gr3,gr7,mq"
    0| 000020 st       90010008   1     ST4A     #stack(gr1,8)=gr0
    0| 000024 cal      3BE80000   1     LR       gr31=gr8
   44| 000028 cmpi     2C9D0004   1     C4       cr1=gr29,4
   32| 00002C l        8006003C   1     L4A      gr0=(int)(gr6,60)
   53| 000030 cmpi     2C1D0008   1     C4       cr0=gr29,8
   39| 000034 muls     7CE501D6   4     M        gr7=gr5,gr0,mq"
    0| 000038 stu      9421FFA0   1     ST4U     gr1,#stack(gr1,-96)=gr1
   34| 00003C l        83860040   1     L4A      gr28=(int)(gr6,64)
   39| 000040 cal      3B470000   1     LR       gr26=gr7
   44| 000044 rlinm    57C007BE   1     RN4      gr0=gr30,0,0x3
   44| 000048 bc       40860038   0     BF       CL.5,cr1,0x4/eq
   44| 00004C cmpi     2C800000   1     C4       cr1=gr0,0
   44| 000050 rlinm    578007BE   1     RN4      gr0=gr28,0,0x3
   44| 000054 cmpi     2F000000   1     C4       cr6=gr0,0
   44| 000058 bc       40860028   1     BF       CL.5,cr1,0x4/eq
   48| 00005C cmpi     2C870000   2     C4       cr1=gr7,0
    0| 000060 rlinm    5780003A   1     RN4      gr0=gr28,0,0xFFFFFFFC
   44| 000064 bc       409A001C   0     BF       CL.5,cr6,0x4/eq
    0| 000068 sf       7C602010   1     S        gr3=gr4,gr0
    0| 00006C ai       311FFFFC   1     AI       gr8=gr31,-4
    0| 000070 ai       31200000   1     LR       gr9=gr0
   48| 000074 bc       408500CC   0     BF       CL.82,cr1,0x2/gt
    0| 000078 mtspr    7CE903A6   1     LCTR     ctr=gr7
    0| 00007C b        48000038   0     B        CL.147
   44|                              CL.5:
    0| 000080 cmpi     2F070000   2     C4       cr6=gr7,0
   53| 000084 cal      381B0000   1     LR       gr0=gr27
   53| 000088 rlinm    57C3077E   1     RN4      gr3=gr30,0,0x7
   53| 00008C bc       40820040   0     BF       CL.17,cr0,0x4/eq
   53| 000090 cmpi     2C030000   1     C4       cr0=gr3,0
   53| 000094 rlinm    5783077E   1     RN4      gr3=gr28,0,0x7
   53| 000098 cmpi     2C830000   1     C4       cr1=gr3,0
   53| 00009C bc       40820030   1     BF       CL.17,cr0,0x4/eq
   53| 0000A0 bc       4086002C   3     BF       CL.17,cr1,0x4/eq
   53| 0000A4 cal      38000001   1     LI       gr0=1
   53| 0000A8 cmpi     2C000000   1     C4       cr0=gr0,0
   53| 0000AC bc       41820058   3     BT       CL.19,cr0,0x4/eq
   53| 0000B0 b        48000024   3     B        CL.164
    0|                              CL.147:
   48|                              CL.8:
   49| 0000B4 lux      7C03486E   2     L4AU     gr0,gr3=(int)(gr3,gr9,0)
   49| 0000B8 stu      94080004   2     ST4U     gr8,(int)(gr8,4)=gr0
    0| 0000BC bc       4200FFF8   0     BCT      ctr=CL.8
   25| 0000C0 lm       BB410048   6     LM       gr26-gr31=#stack(gr1,72)
   25| 0000C4 ai       30210060   1     AI       gr1=gr1,96
   25| 0000C8 bcr      4E800020   0     BA       lr
   53|                              CL.17:
   53| 0000CC cmpi     2C000000   2     C4       cr0=gr0,0
   53| 0000D0 bc       41820034   3     BT       CL.19,cr0,0x4/eq
    0|                              CL.164:
    0| 0000D4 rlinm    57800038   2     RN4      gr0=gr28,0,0xFFFFFFF8
    0| 0000D8 sf       7C602010   1     S        gr3=gr4,gr0
    0| 0000DC ai       31000000   1     LR       gr8=gr0
   57| 0000E0 bc       40990060   0     BF       CL.82,cr6,0x2/gt
    0| 0000E4 ai       313FFFF8   1     AI       gr9=gr31,-8
    0| 0000E8 mtspr    7CE903A6   1     LCTR     ctr=gr7
   57|                              CL.20:
   58| 0000EC lfdux    7C0344EE   2     LFDU     fp0,gr3=(double)(gr3,gr8,0)
   58| 0000F0 stfdu    DC090008   1     STFDU    gr9,(double)(gr9,8)=fp0
    0| 0000F4 bc       4200FFF8   0     BCT      ctr=CL.20
   25| 0000F8 lm       BB410048   6     LM       gr26-gr31=#stack(gr1,72)
   25| 0000FC ai       30210060   1     AI       gr1=gr1,96
   25| 000100 bcr      4E800020   0     BA       lr
   62|                              CL.19:
   64| 000104 cal      387F0000   2     LR       gr3=gr31
   63| 000108 bc       40990038   0     BF       CL.82,cr6,0x2/gt
   64| 00010C cal      389E0000   2     LR       gr4=gr30
   64| 000110 cal      38BD0000   1     LR       gr5=gr29
    0|                              CL.165:
   64| 000114 bl       4BFFFEED   1     CALL     gr3=memcpy,3,(char)",gr3,(char)",gr4,gr5,fcr",memcpy",gr1,cr[01567],gr0",gr4"-gr12",fp0"-fp13",mc0"-mc63",mq",lr",fcr",xer",ctr",fsr"
   64| 000118 cror     4DEF7B82   1
   63| 00011C ai       337B0001   2     AI       gr27=gr27,1
   63| 000120 cmp      7C1BD000   1     C4       cr0=gr27,gr26
   65| 000124 a        7FFDF814   1     A        gr31=gr29,gr31
   66| 000128 a        7FDEE014   1     A        gr30=gr30,gr28
   64| 00012C cal      387F0000   1     LR       gr3=gr31
   63| 000130 bc       40800010   0     BF       CL.82,cr0,0x1/lt
   64| 000134 cal      389E0000   1     LR       gr4=gr30
   64| 000138 cal      38BD0000   1     LR       gr5=gr29
    0| 00013C b        4BFFFFD8   0     B        CL.165
   53|                              CL.82:
   25| 000140 l        81810068   2     L4A      gr12=#stack(gr1,104)
   25| 000144 ai       30210060   1     AI       gr1=gr1,96
   25| 000148 mtspr    7D8803A6   1     LLR      lr=gr12
   25| 00014C lm       BB41FFE8   6     LM       gr26-gr31=#stack(gr1,-24)
   25| 000150 bcr      4E800020   0     BA       lr
     |               Tag Table
     | 000154        00000000 00002241 80060600 00000000 00000154 00114D50
     | 00016C        49525F50 61636B5F 48766563 746F72
     |               Instruction count           85
     |               Straight-line exec time    117
 GPR's set/used:   ss-s ssss ssss s---  ---- ---- --ss ssss
 FPR's set/used:   ssss ssss ssss ss--  ---- ---- ---- ----
 CCR's set/used:   ss-- -sss
     | 000000                           PDEF     MPIR_UnPack_Hvector
    0|                                  PROC     inbuf,count,datatype,source,outbuf,gr3-gr7
    0| 00017C stm      BF41FFE8   7     STM      #stack(gr1,-24)=gr26-gr31
   80| 000180 l        80C50050   1     L4Z      gr6=(struct_4194440*)(gr5,80)
    0| 000184 cal      3BE30000   1     LR       gr31=gr3
   80| 000188 l        80C60020   1     L4A      gr6=(int)(gr6,32)
    0| 00018C cal      3BC70000   1     LR       gr30=gr7
   78| 000190 l        80650044   1     L4A      gr3=(int)(gr5,68)
    0| 000194 mfspr    7C0802A6   1     LFLR     gr0=lr
   81| 000198 muls     7FA331D6   4     M        gr29=gr3,gr6,mq"
    0| 00019C st       90010008   1     ST4A     #stack(gr1,8)=gr0
    0| 0001A0 stu      9421FFA0   1     ST4U     gr1,#stack(gr1,-96)=gr1
   85| 0001A4 cmpi     2C9D0004   1     C4       cr1=gr29,4
   77| 0001A8 l        8005003C   1     L4A      gr0=(int)(gr5,60)
   94| 0001AC cmpi     2C1D0008   1     C4       cr0=gr29,8
   84| 0001B0 muls     7CC401D6   4     M        gr6=gr4,gr0,mq"
   79| 0001B4 l        83850040   1     L4A      gr28=(int)(gr5,64)
   84| 0001B8 cal      3B460000   1     LR       gr26=gr6
   85| 0001BC cal      3B600000   1     LI       gr27=0
   85| 0001C0 rlinm    57E007BE   1     RN4      gr0=gr31,0,0x3
   85| 0001C4 bc       40860038   0     BF       CL.32,cr1,0x4/eq
   85| 0001C8 cmpi     2C800000   1     C4       cr1=gr0,0
   85| 0001CC rlinm    578007BE   1     RN4      gr0=gr28,0,0x3
   85| 0001D0 cmpi     2F000000   1     C4       cr6=gr0,0
   85| 0001D4 bc       40860028   1     BF       CL.32,cr1,0x4/eq
   89| 0001D8 cmpi     2C860000   2     C4       cr1=gr6,0
    0| 0001DC rlinm    5780003A   1     RN4      gr0=gr28,0,0xFFFFFFFC
   85| 0001E0 bc       409A001C   0     BF       CL.32,cr6,0x4/eq
    0| 0001E4 sf       7C603810   1     S        gr3=gr7,gr0
    0| 0001E8 ai       311FFFFC   1     AI       gr8=gr31,-4
    0| 0001EC ai       31400000   1     LR       gr10=gr0
   89| 0001F0 bc       408500CC   0     BF       CL.81,cr1,0x2/gt
    0| 0001F4 mtspr    7CC903A6   1     LCTR     ctr=gr6
    0| 0001F8 b        48000038   0     B        CL.172
   85|                              CL.32:
    0| 0001FC cmpi     2F060000   2     C4       cr6=gr6,0
   94| 000200 cal      381B0000   1     LR       gr0=gr27
   94| 000204 rlinm    57E3077E   1     RN4      gr3=gr31,0,0x7
   94| 000208 bc       40820040   0     BF       CL.44,cr0,0x4/eq
   94| 00020C cmpi     2C030000   1     C4       cr0=gr3,0
   94| 000210 rlinm    5783077E   1     RN4      gr3=gr28,0,0x7
   94| 000214 cmpi     2C830000   1     C4       cr1=gr3,0
   94| 000218 bc       40820030   1     BF       CL.44,cr0,0x4/eq
   94| 00021C bc       4086002C   3     BF       CL.44,cr1,0x4/eq
   94| 000220 cal      38000001   1     LI       gr0=1
   94| 000224 cmpi     2C000000   1     C4       cr0=gr0,0
   94| 000228 bc       41820058   3     BT       CL.46,cr0,0x4/eq
   94| 00022C b        48000024   3     B        CL.189
    0|                              CL.172:
   89|                              CL.35:
   90| 000230 lu       84080004   2     L4AU     gr0,gr8=(int)(gr8,4)
   90| 000234 stux     7C03516E   2     ST4U     gr3,(int)(gr3,gr10,0)=gr0
    0| 000238 bc       4200FFF8   0     BCT      ctr=CL.35
   71| 00023C lm       BB410048   6     LM       gr26-gr31=#stack(gr1,72)
   71| 000240 ai       30210060   1     AI       gr1=gr1,96
   71| 000244 bcr      4E800020   0     BA       lr
   94|                              CL.44:
   94| 000248 cmpi     2C000000   2     C4       cr0=gr0,0
   94| 00024C bc       41820034   3     BT       CL.46,cr0,0x4/eq
    0|                              CL.189:
    0| 000250 rlinm    57800038   2     RN4      gr0=gr28,0,0xFFFFFFF8
    0| 000254 sf       7C603810   1     S        gr3=gr7,gr0
    0| 000258 ai       31000000   1     LR       gr8=gr0
   98| 00025C bc       40990060   0     BF       CL.81,cr6,0x2/gt
    0| 000260 ai       315FFFF8   1     AI       gr10=gr31,-8
    0| 000264 mtspr    7CC903A6   1     LCTR     ctr=gr6
   98|                              CL.47:
   99| 000268 lfdu     CC0A0008   2     LFDU     fp0,gr10=(double)(gr10,8)
   99| 00026C stfdux   7C0345EE   1     STFDU    gr3,(double)(gr3,gr8,0)=fp0
    0| 000270 bc       4200FFF8   0     BCT      ctr=CL.47
   71| 000274 lm       BB410048   6     LM       gr26-gr31=#stack(gr1,72)
   71| 000278 ai       30210060   1     AI       gr1=gr1,96
   71| 00027C bcr      4E800020   0     BA       lr
  103|                              CL.46:
  105| 000280 cal      387E0000   2     LR       gr3=gr30
  104| 000284 bc       40990038   0     BF       CL.81,cr6,0x2/gt
  105| 000288 cal      389F0000   2     LR       gr4=gr31
  105| 00028C cal      38BD0000   1     LR       gr5=gr29
    0|                              CL.190:
  105| 000290 bl       4BFFFD71   1     CALL     gr3=memcpy,3,(char)",gr3,(char)",gr4,gr5,fcr",memcpy",gr1,cr[01567],gr0",gr4"-gr12",fp0"-fp13",mc0"-mc63",mq",lr",fcr",xer",ctr",fsr"
  105| 000294 cror     4DEF7B82   1
  104| 000298 ai       337B0001   2     AI       gr27=gr27,1
  104| 00029C cmp      7C1BD000   1     C4       cr0=gr27,gr26
  106| 0002A0 a        7FDCF014   1     A        gr30=gr28,gr30
  107| 0002A4 a        7FFDF814   1     A        gr31=gr29,gr31
  105| 0002A8 cal      387E0000   1     LR       gr3=gr30
  104| 0002AC bc       40800010   0     BF       CL.81,cr0,0x1/lt
  105| 0002B0 cal      389F0000   1     LR       gr4=gr31
  105| 0002B4 cal      38BD0000   1     LR       gr5=gr29
    0| 0002B8 b        4BFFFFD8   0     B        CL.190
   94|                              CL.81:
   71| 0002BC l        81810068   2     L4A      gr12=#stack(gr1,104)
   71| 0002C0 ai       30210060   1     AI       gr1=gr1,96
   71| 0002C4 mtspr    7D8803A6   1     LLR      lr=gr12
   71| 0002C8 lm       BB41FFE8   6     LM       gr26-gr31=#stack(gr1,-24)
   71| 0002CC bcr      4E800020   0     BA       lr
     |               Tag Table
     | 0002D0        00000000 00002241 80060500 00000000 00000154 00134D50
     | 0002E8        49525F55 6E506163 6B5F4876 6563746F 72
     |               Instruction count           85
     |               Straight-line exec time    117
 GPR's set/used:   s--s u--- ---- ----  ---- ---- ---- ----
 FPR's set/used:   ---- ---- ---- ----  ---- ---- ---- ----
 CCR's set/used:   ---- ----
     | 000000                           PDEF     MPIR_HvectorLen
    0|                                  PROC     count,datatype,gr3,gr4
  117| 0002FC l        80040024   2     L4A      gr0=(int)(gr4,36)
  117| 000300 muls     7C6019D6   5     M        gr3=gr0,gr3,mq"
  117|                              CL.54:
  113| 000304 bcr      4E800020   1     BA       lr
     |               Tag Table
     | 000308        00000000 00002040 00000200 00000000 0000000C 000F4D50
     | 000320        49525F48 76656374 6F724C65 6E
     |               Instruction count            3
     |               Straight-line exec time      8
 GPR's set/used:   ssus ssss ssss s---  ---- ---- --ss ssss
 FPR's set/used:   ssss ssss ssss ss--  ---- ---- ---- ----
 CCR's set/used:   ss-- -sss
     | 000000                           PDEF     MPIR_PackMessage
    0|                                  PROC     buf,count,datatype,dest,request,gr3-gr7
    0| 000330 stm      BF41FFE8   7     STM      #stack(gr1,-24)=gr26-gr31
    0| 000334 cal      3BC40000   1     LR       gr30=gr4
    0| 000338 cal      3B630000   1     LR       gr27=gr3
    0| 00033C cal      3BE50000   1     LR       gr31=gr5
  134| 000340 l        809F0008   1     L4A      gr4=(int)(gr31,8)
    0| 000344 mfspr    7C0802A6   1     LFLR     gr0=lr
  134| 000348 cmpi     2C840000   1     C4       cr1=gr4,0
    0| 00034C st       90010008   1     ST4A     #stack(gr1,8)=gr0
  137| 000350 cmpi     2C1E0000   1     C4       cr0=gr30,0
    0| 000354 stu      9421FFA0   1     ST4U     gr1,#stack(gr1,-96)=gr1
    0| 000358 cal      3BA60000   1     LR       gr29=gr6
    0| 00035C cal      3B870000   1     LR       gr28=gr7
  132| 000360 cal      3B400000   1     LI       gr26=0
  135| 000364 cal      38600109   1     LI       gr3=265
  134| 000368 bc       40860010   0     BF       CL.55,cr1,0x4/eq
  137|                              CL.193:
  125| 00036C lm       BB410048   7     LM       gr26-gr31=#stack(gr1,72)
  125| 000370 ai       30210060   1     AI       gr1=gr1,96
  125| 000374 bcr      4E800020   0     BA       lr
  135|                              CL.55:
  139| 000378 l        809F0000   2     L4A      gr4=(int)(gr31,0)
  137| 00037C cal      387A0000   1     LR       gr3=gr26
  139| 000380 cmpi     2C84000E   1     C4       cr1=gr4,14
  137| 000384 bc       4182FFE8   0     BT       CL.193,cr0,0x4/eq
  160| 000388 l        80820010   1     L4A      gr4=.MPI_COMM_WORLD(gr2,0)
  160| 00038C ai       30C1003C   1     AI       gr6=gr1,60
  160| 000390 l        80A40000   1     L4Z      gr5=MPI_COMM_WORLD(gr4,0)
  139| 000394 bc       40860090   0     BF       CL.60,cr1,0x4/eq
  139| 000398 l        809F0050   1     L4Z      gr4=(struct_4194440*)(gr31,80)
  139| 00039C l        8084000C   2     L4A      gr4=(int)(gr4,12)
  139| 0003A0 cmpi     2C840000   2     C4       cr1=gr4,0
  139| 0003A4 bc       41860080   3     BT       CL.60,cr1,0x4/eq
  140| 0003A8 l        809F0024   1     L4A      gr4=(int)(gr31,36)
  140| 0003AC muls     7C7E21D6   5     M        gr3=gr30,gr4,mq"
  140| 0003B0 bl       4BFFFC51   0     CALL     gr3=malloc,1,gr3,fcr",malloc",gr1,cr[01567],gr0",gr4"-gr12",fp0"-fp13",mc0"-mc63",mq",lr",fcr",xer",ctr",fsr"
  140| 0003B4 cror     4DEF7B82   1
  141| 0003B8 cmpi     2C830000   2     C4       cr1=gr3,0
  140| 0003BC st       907C0038   1     ST4Z     (char*)(gr28,56)=gr3
  144| 0003C0 cal      389B0000   1     LR       gr4=gr27
  144| 0003C4 cal      38FD0000   1     LR       gr7=gr29
  145| 0003C8 cal      39030000   1     LR       gr8=gr3
  144| 0003CC cal      38BE0000   1     LR       gr5=gr30
  144| 0003D0 cal      38DF0000   1     LR       gr6=gr31
  141| 0003D4 bc       4086000C   0     BF       CL.62,cr1,0x4/eq
  167|                              CL.194:
  142| 0003D8 cal      38600001   2     LI       gr3=1
  142| 0003DC b        480000CC   0     B        CL.56
  141|                              CL.62:
  144| 0003E0 l        813C001C   2     L4Z      gr9=(struct_4194510*)(gr28,28)
  144| 0003E4 cal      38690000   2     LR       gr3=gr9
  144| 0003E8 bl       4BFFFC19   0     CALL     MPIR_Pack_Hvector,6,gr3,(char)",gr4,gr5,(struct_4194440)",gr6-gr8,fcr",MPIR_Pack_Hvector",gr1,cr[01567],gr0",gr3"-gr12",fp0"-fp13",mc
  151| 0003EC l        809F0050   2     L4Z      gr4=(struct_4194440*)(gr31,80)
  152| 0003F0 l        80BC0038   1     L4Z      gr5=(char*)(gr28,56)
  151| 0003F4 st       909C0018   1     ST4Z     (struct_4194440*)(gr28,24)=gr4
  152| 0003F8 st       90BC005C   1     ST4Z     (void*)(gr28,92)=gr5
  153| 0003FC l        809F0024   1     L4A      gr4=(int)(gr31,36)
  153| 000400 muls.    7C9E21D7   5     M@R      gr4,cr0=gr30,gr4,mq"
  153| 000404 st       909C0060   1     ST4A     (int)(gr28,96)=gr4
  154| 000408 bc       40810014   2     BF       CL.66,cr0,0x2/gt
  155| 00040C cal      38850000   1     LR       gr4=gr5
  155| 000410 cmpi     2C840000   1     C4       cr1=gr4,0
  154| 000414 bc       40860008   3     BF       CL.66,cr1,0x4/eq
  155| 000418 cal      3B400007   1     LI       gr26=7
  155|                              CL.66:
  156| 00041C cal      387A0000   2     LR       gr3=gr26
  156| 000420 b        48000088   0     B        CL.56
  158|                              CL.60:
  160| 000424 cal      387E0000   2     LR       gr3=gr30
  160| 000428 cal      389F0000   1     LR       gr4=gr31
  160| 00042C bl       4BFFFBD5   0     CALL     gr3=MPIR_Pack_size,4,gr3,(struct_4194440)",gr4,(struct_4194510)",gr5,(int)",gr6,fcr",MPIR_Pack_size",gr1,cr[01567],gr0",gr4"-gr12",fp
  160| 000430 cror     4DEF7B82   1
  161| 000434 l        8061003C   2     L4A      gr3=size(gr1,60)
  161| 000438 cmpi     2C830000   2     C4       cr1=gr3,0
  161| 00043C bc       4086001C   3     BF       CL.69,cr1,0x4/eq
  162| 000440 st       935C0038   1     ST4Z     (char*)(gr28,56)=gr26
  163| 000444 cal      387A0000   1     LR       gr3=gr26
  125| 000448 l        81810068   1     L4A      gr12=#stack(gr1,104)
  125| 00044C ai       30210060   1     AI       gr1=gr1,96
  125| 000450 mtspr    7D8803A6   1     LLR      lr=gr12
  163| 000454 b        48000060   0     B        CL.195
  161|                              CL.69:
  165| 000458 bl       4BFFFBA9   1     CALL     gr3=malloc,1,gr3,fcr",malloc",gr1,cr[01567],gr0",gr4"-gr12",fp0"-fp13",mc0"-mc63",mq",lr",fcr",xer",ctr",fsr"
  165| 00045C cror     4DEF7B82   1
  166| 000460 cmpi     2C830000   2     C4       cr1=gr3,0
  165| 000464 st       907C0038   1     ST4Z     (char*)(gr28,56)=gr3
  170| 000468 cal      38E30000   1     LR       gr7=gr3
  166| 00046C bc       4186FF6C   1     BT       CL.194,cr1,0x4/eq
  169| 000470 l        811C001C   1     L4Z      gr8=(struct_4194510*)(gr28,28)
  169| 000474 cal      389B0000   1     LR       gr4=gr27
  169| 000478 cal      38BE0000   1     LR       gr5=gr30
  169| 00047C cal      38DF0000   1     LR       gr6=gr31
  169| 000480 cal      38680000   1     LR       gr3=gr8
  169| 000484 bl       4BFFFB7D   0     CALL     gr3=MPIR_Pack,5,gr3,(char)",gr4,gr5,(struct_4194440)",gr6,gr7,fcr",MPIR_Pack",gr1,cr[01567],gr0",gr4"-gr12",fp0"-fp13",mc0"-mc63",mq"
  169| 000488 cror     4DEF7B82   1
  176| 00048C l        80820014   2     L4A      gr4=.MPI_PACKED(gr2,0)
  177| 000490 l        80BC0038   1     L4Z      gr5=(char*)(gr28,56)
  176| 000494 l        80840000   1     L4Z      gr4=MPI_PACKED(gr4,0)
  177| 000498 st       90BC005C   1     ST4Z     (void*)(gr28,92)=gr5
  178| 00049C l        80A1003C   1     L4A      gr5=size(gr1,60)
  176| 0004A0 st       909C0018   1     ST4Z     (struct_4194440*)(gr28,24)=gr4
  178| 0004A4 st       90BC0060   1     ST4A     (int)(gr28,96)=gr5
  158|                              CL.56:
  125| 0004A8 l        81810068   2     L4A      gr12=#stack(gr1,104)
  125| 0004AC ai       30210060   1     AI       gr1=gr1,96
  125| 0004B0 mtspr    7D8803A6   1     LLR      lr=gr12
    0|                              CL.195:
  125| 0004B4 lm       BB41FFE8   7     LM       gr26-gr31=#stack(gr1,-24)
  125| 0004B8 bcr      4E800020   0     BA       lr
     |               Tag Table
     | 0004BC        00000000 00002041 80060500 00000000 0000018C 00104D50
     | 0004D4        49525F50 61636B4D 65737361 6765
     |               Instruction count           99
     |               Straight-line exec time    134
 GPR's set/used:   ss-s ssss ssss s---  ---- ---- ---- ----
 FPR's set/used:   ssss ssss ssss ss--  ---- ---- ---- ----
 CCR's set/used:   ss-- -sss
     | 000000                           PDEF     MPIR_EndPackMessage
    0|                                  PROC     request,gr3
    0| 0004E4 mfspr    7C0802A6   2     LFLR     gr0=lr
    0| 0004E8 stu      9421FFC0   1     ST4U     gr1,#stack(gr1,-64)=gr1
    0| 0004EC st       90010048   1     ST4A     #stack(gr1,72)=gr0
  188| 0004F0 l        80630038   1     L4Z      gr3=(char*)(gr3,56)
  188| 0004F4 bl       4BFFFB0D   0     CALL     free,1,gr3,fcr",free",gr1,cr[01567],gr0",gr3"-gr12",fp0"-fp13",mc0"-mc63",mq",lr",fcr",xer",ctr",fsr"
  188| 0004F8 cror     4DEF7B82   1
  189| 0004FC cal      38600000   2     LI       gr3=0
  189|                              CL.71:
  185| 000500 l        81810048   2     L4A      gr12=#stack(gr1,72)
  185| 000504 ai       30210040   1     AI       gr1=gr1,64
  185| 000508 mtspr    7D8803A6   1     LLR      lr=gr12
  185| 00050C bcr      4E800020   4     BA       lr
     |               Tag Table
     | 000510        00000000 00002041 80000100 00000000 0000002C 00134D50
     | 000528        49525F45 6E645061 636B4D65 73736167 65
     |               Instruction count           11
     |               Straight-line exec time     16
 GPR's set/used:   ssus ssss ssss s---  ---- ---- ---- ---s
 FPR's set/used:   ssss ssss ssss ss--  ---- ---- ---- ----
 CCR's set/used:   ss-- -sss
     | 000000                           PDEF     MPIR_SetupUnPackMessage
    0|                                  PROC     buf,count,datatype,source,request,gr3-gr7
  199| 00053C l        80650008   2     L4A      gr3=(int)(gr5,8)
    0| 000540 st       93E1FFFC   1     ST4A     #stack(gr1,-4)=gr31
    0| 000544 mfspr    7C0802A6   1     LFLR     gr0=lr
  199| 000548 cmpi     2C030000   1     C4       cr0=gr3,0
    0| 00054C cal      3BE70000   1     LR       gr31=gr7
  204| 000550 l        80E20010   1     L4A      gr7=.MPI_COMM_WORLD(gr2,0)
    0| 000554 st       90010008   1     ST4A     #stack(gr1,8)=gr0
    0| 000558 stu      9421FFB0   1     ST4U     gr1,#stack(gr1,-80)=gr1
  200| 00055C cal      38600109   1     LI       gr3=265
  204| 000560 l        80E70000   1     L4Z      gr7=MPI_COMM_WORLD(gr7,0)
  199| 000564 bc       40820008   0     BF       CL.72,cr0,0x4/eq
  208|                              CL.192:
  200| 000568 b        4800004C   1     B        CL.73
  200|                              CL.72:
  204| 00056C cal      38640000   2     LR       gr3=gr4
  204| 000570 cal      38850000   1     LR       gr4=gr5
  204| 000574 cal      38A70000   1     LR       gr5=gr7
  204| 000578 ai       30C10038   1     AI       gr6=gr1,56
  204| 00057C bl       4BFFFA85   0     CALL     gr3=MPI_Pack_size,4,gr3,(struct_4194440)",gr4,(struct_4194510)",gr5,(int)",gr6,fcr",MPI_Pack_size",gr1,cr[01567],gr0",gr4"-gr12",fp0"
  204| 000580 cror     4DEF7B82   1
  206| 000584 l        80610038   2     L4A      gr3=len(gr1,56)
  206| 000588 bl       4BFFFA79   0     CALL     gr3=malloc,1,gr3,fcr",malloc",gr1,cr[01567],gr0",gr4"-gr12",fp0"-fp13",mc0"-mc63",mq",lr",fcr",xer",ctr",fsr"
  206| 00058C cror     4DEF7B82   1
  207| 000590 cmpi     2C030000   2     C4       cr0=gr3,0
  206| 000594 st       907F0038   1     ST4Z     (char*)(gr31,56)=gr3
  208| 000598 cal      38600001   1     LI       gr3=1
  207| 00059C bc       4182FFCC   1     BT       CL.192,cr0,0x4/eq
  210| 0005A0 l        80610038   1     L4A      gr3=len(gr1,56)
  211| 0005A4 l        809F0038   1     L4Z      gr4=(char*)(gr31,56)
  210| 0005A8 st       907F006C   1     ST4A     (int)(gr31,108)=gr3
  211| 0005AC st       909F0068   1     ST4Z     (void*)(gr31,104)=gr4
  212| 0005B0 cal      38600000   1     LI       gr3=0
  212|                              CL.73:
  192| 0005B4 l        81810058   2     L4A      gr12=#stack(gr1,88)
  192| 0005B8 l        83E1004C   1     L4A      gr31=#stack(gr1,76)
  192| 0005BC mtspr    7D8803A6   1     LLR      lr=gr12
  192| 0005C0 ai       30210050   1     AI       gr1=gr1,80
  192| 0005C4 bcr      4E800020   3     BA       lr
     |               Tag Table
     | 0005C8        00000000 00002041 80010500 00000000 0000008C 00174D50
     | 0005E0        49525F53 65747570 556E5061 636B4D65 73736167 65
     |               Instruction count           35
     |               Straight-line exec time     39
 GPR's set/used:   ss-s ssss ssss s---  ---- ---- ---- ---s
 FPR's set/used:   ssss ssss ssss ss--  ---- ---- ---- ----
 CCR's set/used:   ss-- -sss
     | 000000                           PDEF     MPIR_UnPackMessage
    0|                                  PROC     buf,count,datatype,source,request,gr3-gr7
  222| 0005F8 l        81050000   2     L4A      gr8=(int)(gr5,0)
    0| 0005FC mfspr    7C0802A6   1     LFLR     gr0=lr
  222| 000600 cmpi     2C08000E   1     C4       cr0=gr8,14
    0| 000604 st       93E1FFFC   1     ST4A     #stack(gr1,-4)=gr31
    0| 000608 st       90010008   1     ST4A     #stack(gr1,8)=gr0
    0| 00060C stu      9421FFB0   1     ST4U     gr1,#stack(gr1,-80)=gr1
    0| 000610 cal      3BE70000   1     LR       gr31=gr7
  222| 000614 bc       40820044   0     BF       CL.76,cr0,0x4/eq
  222| 000618 l        80E50050   1     L4Z      gr7=(struct_4194440*)(gr5,80)
  223| 00061C l        811F0038   1     L4Z      gr8=(char*)(gr31,56)
  222| 000620 l        8127000C   1     L4A      gr9=(int)(gr7,12)
  224| 000624 cal      38E30000   1     LR       gr7=gr3
  222| 000628 cmpi     2C890000   1     C4       cr1=gr9,0
  222| 00062C bc       4186002C   3     BT       CL.76,cr1,0x4/eq
  223| 000630 cal      38680000   1     LR       gr3=gr8
  223| 000634 bl       4BFFFB49   2     CALL     MPIR_UnPack_Hvector,5,gr3,gr4,(struct_4194440)",gr5,gr6,(char)",gr7,fcr",MPIR_UnPack_Hvector",gr1,cr[01567],gr0",gr3"-gr12",fp0"-fp13
  225| 000638 l        807F0038   2     L4Z      gr3=(char*)(gr31,56)
  225| 00063C bl       4BFFF9C5   0     CALL     free,1,gr3,fcr",free",gr1,cr[01567],gr0",gr3"-gr12",fp0"-fp13",mc0"-mc63",mq",lr",fcr",xer",ctr",fsr"
  225| 000640 cror     4DEF7B82   1
  226| 000644 cal      38600000   2     LI       gr3=0
  215| 000648 l        81810058   1     L4A      gr12=#stack(gr1,88)
  215| 00064C l        83E1004C   1     L4A      gr31=#stack(gr1,76)
  215| 000650 mtspr    7D8803A6   1     LLR      lr=gr12
  226| 000654 b        48000048   0     B        CL.191
  228|                              CL.76:
  230| 000658 l        80DF0038   2     L4Z      gr6=(char*)(gr31,56)
  230| 00065C bl       4BFFF9A5   0     CALL     gr3=MPIR_Unpack,4,(char)",gr3,gr4,(struct_4194440)",gr5,gr6,fcr",MPIR_Unpack",gr1,cr[01567],gr0",gr4"-gr12",fp0"-fp13",mc0"-mc63",mq"
  230| 000660 cror     4DEF7B82   1
  230| 000664 cmpi     2C030000   2     C4       cr0=gr3,0
  230| 000668 bc       41820018   3     BT       CL.80,cr0,0x4/eq
  215| 00066C l        81810058   2     L4A      gr12=#stack(gr1,88)
  215| 000670 l        83E1004C   1     L4A      gr31=#stack(gr1,76)
  215| 000674 mtspr    7D8803A6   1     LLR      lr=gr12
  215| 000678 ai       30210050   1     AI       gr1=gr1,80
  215| 00067C bcr      4E800020   3     BA       lr
  231|                              CL.80:
  232| 000680 l        807F0038   2     L4Z      gr3=(char*)(gr31,56)
  232| 000684 bl       4BFFF97D   0     CALL     free,1,gr3,fcr",free",gr1,cr[01567],gr0",gr3"-gr12",fp0"-fp13",mc0"-mc63",mq",lr",fcr",xer",ctr",fsr"
  232| 000688 cror     4DEF7B82   1
  233| 00068C cal      38600000   2     LI       gr3=0
  215| 000690 l        81810058   1     L4A      gr12=#stack(gr1,88)
  215| 000694 l        83E1004C   1     L4A      gr31=#stack(gr1,76)
  215| 000698 mtspr    7D8803A6   1     LLR      lr=gr12
    0|                              CL.191:
  215| 00069C ai       30210050   2     AI       gr1=gr1,80
  215| 0006A0 bcr      4E800020   0     BA       lr
     |               Tag Table
     | 0006A4        00000000 00002041 80010500 00000000 000000AC 00124D50
     | 0006BC        49525F55 6E506163 6B4D6573 73616765
     |               Instruction count           43
     |               Straight-line exec time     53
 
>>>>> FILE TABLE SECTION <<<<<
 
 
                                       FILE CREATION        FROM
FILE NO   FILENAME                    DATE       TIME       FILE    LINE
     0    dmpipk.c                    10/24/94   17:03:04
     1    ../../include/mpiimpl.h     10/24/94   17:03:35      0      12
     2    ../../include/mpi.h         11/21/94   14:51:26      1      14
     3    ../../include/mpi_errno.h   06/27/94   08:06:31      2     145
     4    ../../include/binding.h     11/21/94   14:42:12      2     148
     5    ../../include/patchlevel.h  11/11/94   17:53:22      1      18
     6    ../../include/dmpiatom.h    10/24/94   17:03:31      1      19
     7    ../../include/mpi_bc.h      11/08/94   09:59:49      6     199
     8    ../../include/mpi_errno.h   06/27/94   08:06:31      7      14
     9    ../../include/mpi_bc.h      11/08/94   09:59:49      1      20
    10    ../../include/mpir.h        11/08/94   10:00:07      1      21
    11    /usr/include/stdio.h        08/22/93   09:39:33     10      10
    12    /usr/include/standards.h    03/25/92   10:11:52     11      30
    13    /usr/include/va_list.h      08/22/93   09:39:35     11     216
    14    ../../mpid/ch_eui/mpid.h    09/20/94   15:04:57     10      15
    15    ../../mpid/ch_eui/dmeui.h   11/06/94   18:10:31     14       8
    16    ../../include/mpi.h         11/21/94   14:51:26     15      77
    17    ../../include/dmpiatom.h    10/24/94   17:03:31     15      78
    18    ../../include/mpi_ad.h      11/21/94   15:23:59      1      22
    19    ../../mpid/ch_eui/mpid_bind.h
                                      11/06/94   18:10:16      1      24
    20    ../../include/mpiprof.h     08/26/94   23:05:39      1      37
    21    ../../include/mpisys.h      04/13/94   13:30:38      0      13
    22    ../../include/sbcnst.h      09/29/94   16:51:43     21      10
 
 
>>>>> COMPILATION EPILOGUE SECTION <<<<<
 
 
 XL C Language Summary of Diagnosed Conditions
 
TOTAL   UNRECOVERABLE  SEVERE       ERROR     WARNING    INFORMATIONAL
               (U)       (S)         (E)        (W)          (I)
    0           0         0           0          0            0
 
 
    Source records read.......................................     235
    Compilation start.............................. 11/21/94  17:16:38
    Compilation end................................ 11/21/94  17:16:40
    Elapsed time..............................................00:00:02
    Total cpu time............................................   1.350
    Virtual cpu time..........................................   1.470
1501-510  Compilation successful for file dmpipk.c.
1501-543  Object file created.
