-1 0 0 0 0 0 Me
-2 0 0 240 0 0
-3 0 0 6 0 0
-4 0 0 1 0 0
-5 0 0 0 0 0
-6 0 0 0 0 53
-7 0 0 0 0 2790110
-8 0 0 1 0 0
-11 0 0 0 0 0
-13 0 1 2 0 0 red:vlines3 Broadcast
-13 0 3 4 0 0 blue:gray3 Compute
-13 0 5 6 0 0 green:light_gray Reduce
-13 0 7 8 0 0 yellow:gray Sync
1 3 0 0 0 37508 start broadcast
1 5 0 0 0 38444 start broadcast
1 1 0 0 0 38681 start broadcast
1 2 0 0 0 58544 start broadcast
1 0 0 0 0 58684 start broadcast
1 4 0 0 0 58710 start broadcast
2 3 0 0 0 60729 end broadcast
2 4 0 0 0 60769 end broadcast
7 3 0 0 0 60821 Start Sync
2 1 0 0 0 60826 end broadcast
7 4 0 0 0 60827 Start Sync
7 1 0 0 0 60875 Start Sync
2 5 0 0 0 60900 end broadcast
2 0 0 0 0 60902 end broadcast
7 5 0 0 0 60953 Start Sync
7 0 0 0 0 60966 Start Sync
2 2 0 0 0 61088 end broadcast
7 2 0 0 0 61188 Start Sync
8 3 0 0 0 68834 End Sync
3 3 0 0 0 68931 start compute
8 5 0 0 0 69461 End Sync
3 5 0 0 0 69520 start compute
8 1 0 0 0 69659 End Sync
3 1 0 0 0 69709 start compute
8 2 0 0 0 69949 End Sync
8 0 0 0 0 70018 End Sync
3 2 0 0 0 70045 start compute
8 4 0 0 0 70047 End Sync
3 0 0 0 0 70082 start compute
3 4 0 0 0 70106 start compute
4 5 0 0 0 307127 end compute
5 5 0 0 0 307180 start reduce
4 4 0 0 0 307447 end compute
5 4 0 0 0 307504 start reduce
4 0 0 0 0 315188 end compute
5 0 0 0 0 315254 start reduce
6 5 0 0 0 323878 end reduce
1 5 0 0 0 323937 start broadcast
6 4 0 0 0 328246 end reduce
1 4 0 0 0 328308 start broadcast
4 1 0 0 0 475577 end compute
5 1 0 0 0 475625 start reduce
6 1 0 0 0 476733 end reduce
1 1 0 0 0 476785 start broadcast
4 3 0 0 0 600208 end compute
5 3 0 0 0 600297 start reduce
4 2 0 0 0 600472 end compute
5 2 0 0 0 600561 start reduce
6 3 0 0 0 601627 end reduce
1 3 0 0 0 601729 start broadcast
6 2 0 0 0 604340 end reduce
1 2 0 0 0 604442 start broadcast
6 0 0 0 0 604932 end reduce
1 0 0 0 0 604999 start broadcast
2 4 0 0 0 607200 end broadcast
2 0 0 0 0 607253 end broadcast
7 4 0 0 0 607259 Start Sync
2 1 0 0 0 607278 end broadcast
7 0 0 0 0 607315 Start Sync
7 1 0 0 0 607327 Start Sync
2 3 0 0 0 607610 end broadcast
2 2 0 0 0 607612 end broadcast
2 5 0 0 0 607688 end broadcast
7 2 0 0 0 607712 Start Sync
7 5 0 0 0 607744 Start Sync
7 3 0 0 0 607892 Start Sync
8 3 0 0 0 615527 End Sync
3 3 0 0 0 615624 start compute
8 1 0 0 0 616311 End Sync
8 5 0 0 0 616320 End Sync
3 1 0 0 0 616361 start compute
8 4 0 0 0 616371 End Sync
3 5 0 0 0 616378 start compute
8 0 0 0 0 616398 End Sync
3 4 0 0 0 616430 start compute
3 0 0 0 0 616460 start compute
8 2 0 0 0 616550 End Sync
3 2 0 0 0 616647 start compute
4 5 0 0 0 853967 end compute
5 5 0 0 0 854019 start reduce
4 4 0 0 0 854023 end compute
5 4 0 0 0 854080 start reduce
4 0 0 0 0 854775 end compute
5 0 0 0 0 854843 start reduce
6 5 0 0 0 854978 end reduce
1 5 0 0 0 855037 start broadcast
6 4 0 0 0 857314 end reduce
1 4 0 0 0 857373 start broadcast
4 1 0 0 0 942143 end compute
5 1 0 0 0 942192 start reduce
6 1 0 0 0 943290 end reduce
1 1 0 0 0 943342 start broadcast
4 3 0 0 0 1146289 end compute
5 3 0 0 0 1146377 start reduce
4 2 0 0 0 1146480 end compute
5 2 0 0 0 1146569 start reduce
6 3 0 0 0 1147660 end reduce
1 3 0 0 0 1147761 start broadcast
6 2 0 0 0 1150099 end reduce
1 2 0 0 0 1150200 start broadcast
6 0 0 0 0 1150616 end reduce
1 0 0 0 0 1150685 start broadcast
2 4 0 0 0 1152707 end broadcast
2 5 0 0 0 1152760 end broadcast
7 4 0 0 0 1152766 Start Sync
7 5 0 0 0 1152816 Start Sync
2 0 0 0 0 1152844 end broadcast
7 0 0 0 0 1152904 Start Sync
2 1 0 0 0 1153009 end broadcast
7 1 0 0 0 1153058 Start Sync
2 2 0 0 0 1153333 end broadcast
7 2 0 0 0 1153432 Start Sync
2 3 0 0 0 1154333 end broadcast
7 3 0 0 0 1154446 Start Sync
8 3 0 0 0 1160534 End Sync
3 3 0 0 0 1160632 start compute
8 1 0 0 0 1161061 End Sync
3 1 0 0 0 1161111 start compute
8 2 0 0 0 1161216 End Sync
8 5 0 0 0 1161229 End Sync
3 5 0 0 0 1161287 start compute
3 2 0 0 0 1161313 start compute
8 0 0 0 0 1161622 End Sync
3 0 0 0 0 1161685 start compute
8 4 0 0 0 1162010 End Sync
3 4 0 0 0 1162068 start compute
4 5 0 0 0 1398939 end compute
5 5 0 0 0 1398992 start reduce
4 4 0 0 0 1399454 end compute
5 4 0 0 0 1399511 start reduce
6 5 0 0 0 1399845 end reduce
1 5 0 0 0 1399901 start broadcast
4 0 0 0 0 1400163 end compute
5 0 0 0 0 1400227 start reduce
6 4 0 0 0 1402204 end reduce
1 4 0 0 0 1402266 start broadcast
4 1 0 0 0 1436623 end compute
5 1 0 0 0 1436676 start reduce
6 1 0 0 0 1437750 end reduce
1 1 0 0 0 1437800 start broadcast
4 2 0 0 0 1691501 end compute
5 2 0 0 0 1691589 start reduce
4 3 0 0 0 1692629 end compute
5 3 0 0 0 1692717 start reduce
6 3 0 0 0 1694070 end reduce
1 3 0 0 0 1694170 start broadcast
6 2 0 0 0 1696327 end reduce
1 2 0 0 0 1696503 start broadcast
6 0 0 0 0 1696950 end reduce
1 0 0 0 0 1697018 start broadcast
2 4 0 0 0 1699101 end broadcast
7 4 0 0 0 1699158 Start Sync
2 0 0 0 0 1699180 end broadcast
7 0 0 0 0 1699241 Start Sync
2 5 0 0 0 1699494 end broadcast
7 5 0 0 0 1699551 Start Sync
2 1 0 0 0 1699582 end broadcast
7 1 0 0 0 1699632 Start Sync
2 2 0 0 0 1699790 end broadcast
7 2 0 0 0 1699890 Start Sync
2 3 0 0 0 1700208 end broadcast
7 3 0 0 0 1700501 Start Sync
8 1 0 0 0 1708895 End Sync
3 1 0 0 0 1709000 start compute
8 3 0 0 0 1709180 End Sync
8 5 0 0 0 1709181 End Sync
3 5 0 0 0 1709239 start compute
3 3 0 0 0 1709278 start compute
8 0 0 0 0 1709411 End Sync
3 0 0 0 0 1709473 start compute
8 2 0 0 0 1709699 End Sync
8 4 0 0 0 1709708 End Sync
3 4 0 0 0 1709766 start compute
3 2 0 0 0 1709797 start compute
4 1 0 0 0 1934145 end compute
5 1 0 0 0 1934205 start reduce
6 1 0 0 0 1935306 end reduce
1 1 0 0 0 1945553 start broadcast
4 5 0 0 0 1946806 end compute
5 5 0 0 0 1946857 start reduce
4 4 0 0 0 1947168 end compute
5 4 0 0 0 1947225 start reduce
6 5 0 0 0 1947704 end reduce
1 5 0 0 0 1947762 start broadcast
4 0 0 0 0 1949419 end compute
5 0 0 0 0 1949482 start reduce
6 4 0 0 0 1949956 end reduce
1 4 0 0 0 1950017 start broadcast
4 3 0 0 0 2239911 end compute
5 3 0 0 0 2239998 start reduce
4 2 0 0 0 2240880 end compute
5 2 0 0 0 2241224 start reduce
6 3 0 0 0 2241281 end reduce
1 3 0 0 0 2241381 start broadcast
6 2 0 0 0 2243722 end reduce
1 2 0 0 0 2243824 start broadcast
6 0 0 0 0 2244031 end reduce
1 0 0 0 0 2244100 start broadcast
2 4 0 0 0 2246069 end broadcast
7 4 0 0 0 2246125 Start Sync
2 0 0 0 0 2246269 end broadcast
7 0 0 0 0 2246330 Start Sync
2 5 0 0 0 2246613 end broadcast
7 5 0 0 0 2246673 Start Sync
2 1 0 0 0 2246933 end broadcast
7 1 0 0 0 2246982 Start Sync
2 2 0 0 0 2247202 end broadcast
7 2 0 0 0 2247303 Start Sync
2 3 0 0 0 2247635 end broadcast
7 3 0 0 0 2247727 Start Sync
8 2 0 0 0 2255094 End Sync
3 2 0 0 0 2255192 start compute
8 4 0 0 0 2255240 End Sync
3 4 0 0 0 2255299 start compute
8 0 0 0 0 2255301 End Sync
8 3 0 0 0 2255346 End Sync
3 0 0 0 0 2255361 start compute
3 3 0 0 0 2255444 start compute
8 5 0 0 0 2255444 End Sync
3 5 0 0 0 2255502 start compute
8 1 0 0 0 2255640 End Sync
3 1 0 0 0 2255690 start compute
4 1 0 0 0 2479980 end compute
5 1 0 0 0 2480038 start reduce
6 1 0 0 0 2481108 end reduce
4 4 0 0 0 2492765 end compute
5 4 0 0 0 2492822 start reduce
4 5 0 0 0 2493196 end compute
5 5 0 0 0 2493252 start reduce
4 0 0 0 0 2493833 end compute
5 0 0 0 0 2493898 start reduce
6 5 0 0 0 2494112 end reduce
6 4 0 0 0 2496339 end reduce
4 2 0 0 0 2785021 end compute
5 2 0 0 0 2785108 start reduce
4 3 0 0 0 2786543 end compute
5 3 0 0 0 2786634 start reduce
6 3 0 0 0 2787947 end reduce
6 2 0 0 0 2790013 end reduce
6 0 0 0 0 2790110 end reduce
